21:07:11.749 [main                     ] DEBUG Logger               - Configured Logger
21:07:11.775 [main                     ] DEBUG GameApplication      - Logging settings
Title: Pong
Version: 1.0
Width: 800
Height: 600
Fullscreen: false
Intro: false
Profiling: false
Single step:false
App Mode: DEBUG
Menu Key: ESCAPE
Stage Style: DECORATED
Scene Factory: class com.almasb.fxgl.app.scene.SceneFactory

21:07:12.334 [JavaFX Application Thread] DEBUG FXGLApplication      - Initializing FXGL
21:07:12.354 [JavaFX Application Thread] INFO  Engine               - FXGL-11.11 (08.09.2020 18.00) on WINDOWS (J:15.0.2 FX:14)
21:07:12.355 [JavaFX Application Thread] DEBUG Engine               - JRE Vendor Name: Oracle Corporation
21:07:12.355 [JavaFX Application Thread] DEBUG Engine               - Running on OS: Windows 10 version 10.0
21:07:12.356 [JavaFX Application Thread] DEBUG Engine               - Architecture: amd64
21:07:12.356 [JavaFX Application Thread] INFO  Engine               - Source code and latest versions at: https://github.com/AlmasB/FXGL
21:07:12.356 [JavaFX Application Thread] INFO  Engine               -              Join the FXGL chat at: https://gitter.im/AlmasB/FXGL
21:07:12.516 [JavaFX Application Thread] DEBUG MainWindow           - Creating a JavaFX scene
21:07:12.614 [JavaFX Application Thread] DEBUG MainWindow           - Target settings size: 800.0 x 600.0
21:07:12.615 [JavaFX Application Thread] DEBUG MainWindow           - Scaled scene size:    800.0 x 600.0
21:07:12.615 [JavaFX Application Thread] DEBUG MainWindow           - Scaled ratio: (1.0, 1.0)
21:07:12.617 [JavaFX Application Thread] DEBUG MainWindow           - Set initial scene to StartupScene
21:07:12.626 [JavaFX Application Thread] DEBUG MainWindow           - Opening main window
21:07:12.767 [JavaFX Application Thread] DEBUG MainWindow           - Window border size: (14.4000244140625, 37.5999755859375)
21:07:12.767 [JavaFX Application Thread] DEBUG MainWindow           - Scaled size: 800.0 x 600.0
21:07:12.768 [JavaFX Application Thread] DEBUG MainWindow           - Scaled ratio: (1.0, 1.0)
21:07:12.768 [JavaFX Application Thread] DEBUG MainWindow           - Scene size: 800.0 x 600.0
21:07:12.768 [JavaFX Application Thread] DEBUG MainWindow           - Stage size: 814.4000244140625 x 637.5999755859375
21:07:12.784 [FXGL Background Thread 1 ] DEBUG Engine               - Initializing environment variables
21:07:12.829 [FXGL Background Thread 1 ] DEBUG GameApplicationServi - Applying CSS: fxgl_dark.css
21:07:12.830 [FXGL Background Thread 1 ] DEBUG FXGLAssetLoaderServi - Loading from file system: /assets/ui/css/fxgl_dark.css
21:07:12.935 [FXGL Background Thread 1 ] DEBUG GameApplicationServi - Initializing application scenes
21:07:13.095 [FXGL Background Thread 1 ] DEBUG GameWorld            - Game world initialized
21:07:13.196 [FXGL Background Thread 1 ] DEBUG PhysicsWorld         - Physics world initialized: appHeight=600, physics.ppm=50.0
21:07:13.199 [FXGL Background Thread 1 ] DEBUG GameScene            - Game scene initialized: 800x600
21:07:13.269 [FXGL Background Thread 1 ] DEBUG FXGLAssetLoaderServi - Loading from file system: /assets/textures/particles/trace_horizontal.png
21:07:13.351 [FXGL Background Thread 1 ] DEBUG FXGL.DefaultMenu     - createMenuBodyGameMenu()
21:07:13.388 [FXGL Background Thread 1 ] DEBUG FXGL.DefaultMenu     - createOptionsMenu()
21:07:13.396 [FXGL Background Thread 1 ] DEBUG FXGLAssetLoaderServi - Loading from file system: /assets/textures/particles/smoke.png
21:07:13.508 [FXGL Background Thread 1 ] DEBUG GameApplicationServi - Application scenes initialized
21:07:13.520 [FXGL Background Thread 1 ] DEBUG SystemBundleService  - Loading FXGL system data
21:07:13.526 [FXGL Background Thread 1 ] DEBUG FileSystemAccess     - Reading from: C:\Users\1991e\Documents\.multiplayer assignment\CI628-PongServer-master\system\fxgl.bundle
21:07:13.535 [FXGL Background Thread 1 ] DEBUG SystemBundleService  - Bundle FXGL: {}
21:07:13.535 [FXGL Background Thread 1 ] DEBUG UpdaterService       - Checking for updates
21:07:13.541 [FXGL Background Thread 1 ] DEBUG FXGLApplication      - Loading default localization
21:07:13.541 [FXGL Background Thread 1 ] DEBUG FXGLAssetLoaderServi - Loading from file system: /assets/languages/english.lang
21:07:13.564 [FXGL Background Thread 1 ] INFO  FXGLApplication      - FXGL initialization took: 0.780 sec
21:07:13.570 [FXGL Background Thread 4 ] DEBUG FXGLApplication      - Loading fonts
21:07:13.574 [FXGL Background Thread 4 ] DEBUG FXGLAssetLoaderServi - Loading from file system: /assets/ui/fonts/pong.ttf
21:07:13.575 [JavaFX Application Thread] DEBUG Input                - Registered new binding: Up1 - W
21:07:13.576 [JavaFX Application Thread] DEBUG Input                - Registered new binding: Down1 - S
21:07:13.576 [JavaFX Application Thread] DEBUG Input                - Registered new binding: Up2 - I
21:07:13.577 [JavaFX Application Thread] DEBUG Input                - Registered new binding: Down2 - K
21:07:13.577 [JavaFX Application Thread] DEBUG FXGLAssetLoaderServi - Loading from file system: /assets/textures/fxgl_icon.png
21:07:13.611 [JavaFX Application Thread] DEBUG FXGLAssetLoaderServi - Loading from file system: /assets/ui/cursors/fxgl_default.png
21:07:13.617 [JavaFX Application Thread] DEBUG Input                - Registered new binding: Screenshot - P
21:07:13.621 [JavaFX Application Thread] DEBUG Input                - Registered new binding: System info dump - CTRL+9
21:07:13.622 [JavaFX Application Thread] DEBUG Input                - Registered new binding: Restart - CTRL+R
21:07:13.624 [JavaFX Application Thread] DEBUG Input                - Registered new binding: Toggle Debug Camera - CTRL+C
21:07:13.626 [JavaFX Application Thread] DEBUG LoopRunner           - Starting loop
21:07:13.628 [JavaFX Application Thread] DEBUG GameApplicationServi - Starting new game
21:07:13.629 [JavaFX Application Thread] DEBUG Input                - Clearing active input actions
21:07:13.657 [JavaFX Application Thread] DEBUG GameApplicationServi - Removing overlay from StartupScene and adding to FXGLLoadingScene
21:07:13.657 [JavaFX Application Thread] DEBUG MainWindow           - StartupScene -> FXGLLoadingScene
21:07:13.658 [JavaFX Application Thread] DEBUG GameApplicationServi - Clearing previous game
21:07:13.658 [JavaFX Application Thread] DEBUG GameScene            - Clearing game scene
21:07:13.658 [JavaFX Application Thread] DEBUG GameWorld            - Clearing game world
21:07:13.659 [JavaFX Application Thread] DEBUG PhysicsWorld         - Clearing physics world
21:07:13.660 [FXGL Background Thread 1 ] DEBUG FXGLApplication      - Initializing game
21:07:13.742 [FXGL Background Thread 1 ] DEBUG FXGLAssetLoaderServi - Loading from file system: /assets/ui/main.fxml
21:07:13.806 [Thread-3                 ] DEBUG TCPServer            - Starting to listen at: 55555 type: class java.lang.String
21:07:13.913 [FXGL Background Thread 1 ] INFO  FXGLApplication      - Game initialization took: 0.252 sec
21:07:14.025 [JavaFX Application Thread] DEBUG Input                - Clearing active input actions
21:07:14.041 [JavaFX Application Thread] DEBUG GameApplicationServi - Removing overlay from FXGLLoadingScene and adding to GameScene
21:07:14.042 [JavaFX Application Thread] DEBUG MainWindow           - FXGLLoadingScene -> GameScene
21:07:15.096 [FXGL Background Thread 4 ] DEBUG FXGLAssetLoaderServi - Loading from file system: /assets/ui/fonts/Abel-Regular.ttf
21:07:15.118 [FXGL Background Thread 4 ] DEBUG FXGLAssetLoaderServi - Loading from file system: /assets/ui/fonts/lucida_console.ttf
21:07:15.127 [FXGL Background Thread 4 ] DEBUG FXGLAssetLoaderServi - Loading from file system: /assets/ui/fonts/Courier-Prime.ttf
21:07:15.173 [JavaFX Application Thread] DEBUG FXGLApplication      - Registering font factories with UI factory
21:07:16.025 [FXGL Background Thread 2 ] INFO  UpdaterService       - Your current version:  11.11
21:07:16.026 [FXGL Background Thread 2 ] INFO  UpdaterService       - Latest stable version: 17+dev-SNAPSHOT
21:07:16.545 [FXGL Background Thread 3 ] DEBUG Engine               - Logging environment variables
21:07:16.546 [FXGL Background Thread 3 ] DEBUG Engine               - achievements: []
21:07:16.546 [FXGL Background Thread 3 ] DEBUG Engine               - appIcon: fxgl_icon.png
21:07:16.547 [FXGL Background Thread 3 ] DEBUG Engine               - applicationMode: DEBUG
21:07:16.547 [FXGL Background Thread 3 ] DEBUG Engine               - cSSList: [fxgl_dark.css]
21:07:16.548 [FXGL Background Thread 3 ] DEBUG Engine               - configClass: Optional.empty
21:07:16.548 [FXGL Background Thread 3 ] DEBUG Engine               - credits: []
21:07:16.548 [FXGL Background Thread 3 ] DEBUG Engine               - devBBoxColorProperty: ObjectProperty [value: 0xff0000ff]
21:07:16.549 [FXGL Background Thread 3 ] DEBUG Engine               - devEnableDebugCameraProperty: BooleanProperty [value: false]
21:07:16.549 [FXGL Background Thread 3 ] DEBUG Engine               - devSensorColorProperty: ObjectProperty [value: 0xffff00ff]
21:07:16.550 [FXGL Background Thread 3 ] DEBUG Engine               - devShowBBoxProperty: BooleanProperty [value: false]
21:07:16.550 [FXGL Background Thread 3 ] DEBUG Engine               - devShowPositionProperty: BooleanProperty [value: false]
21:07:16.550 [FXGL Background Thread 3 ] DEBUG Engine               - enabledMenuItems: []
21:07:16.550 [FXGL Background Thread 3 ] DEBUG Engine               - engineServices: [class com.almasb.fxgl.app.FXGLApplication$GameApplicationService, class com.almasb.fxgl.app.services.FXGLDialogService, class com.almasb.fxgl.app.services.IOTaskExecutorService, class com.almasb.fxgl.event.EventBusService, class com.almasb.fxgl.io.FileSystemService, class com.almasb.fxgl.localization.LocalizationService, class com.almasb.fxgl.app.services.FXGLAssetLoaderService, class com.almasb.fxgl.app.services.SystemBundleService, class com.almasb.fxgl.profile.SaveLoadService, class com.almasb.fxgl.ui.FXGLUIFactoryServiceProvider, class com.almasb.fxgl.ui.FXGLDialogFactoryServiceProvider, class com.almasb.fxgl.audio.AudioPlayer, class com.almasb.fxgl.notification.impl.NotificationServiceProvider, class com.almasb.fxgl.achievement.AchievementService, class com.almasb.fxgl.cutscene.CutsceneService, class com.almasb.fxgl.minigames.MiniGameService, class com.almasb.fxgl.net.NetService, class com.almasb.fxgl.app.services.UpdaterService, class com.almasb.fxgl.dev.DevService]
21:07:16.551 [FXGL Background Thread 3 ] DEBUG Engine               - fontGame: Abel-Regular.ttf
21:07:16.551 [FXGL Background Thread 3 ] DEBUG Engine               - fontMono: lucida_console.ttf
21:07:16.551 [FXGL Background Thread 3 ] DEBUG Engine               - fontText: Courier-Prime.ttf
21:07:16.552 [FXGL Background Thread 3 ] DEBUG Engine               - fontUI: pong.ttf
21:07:16.552 [FXGL Background Thread 3 ] DEBUG Engine               - fullScreen: BooleanProperty [value: false]
21:07:16.552 [FXGL Background Thread 3 ] DEBUG Engine               - gameDifficulty: MEDIUM
21:07:16.552 [FXGL Background Thread 3 ] DEBUG Engine               - gameDifficultyProperty: ObjectProperty [value: MEDIUM]
21:07:16.553 [FXGL Background Thread 3 ] DEBUG Engine               - globalMusicVolume: 0.5
21:07:16.554 [FXGL Background Thread 3 ] DEBUG Engine               - globalMusicVolumeProperty: DoubleProperty [value: 0.5]
21:07:16.555 [FXGL Background Thread 3 ] DEBUG Engine               - globalSoundVolume: 0.5
21:07:16.555 [FXGL Background Thread 3 ] DEBUG Engine               - globalSoundVolumeProperty: DoubleProperty [value: 0.5]
21:07:16.713 [FXGL Background Thread 3 ] DEBUG Engine               - height: 600
21:07:16.714 [FXGL Background Thread 3 ] DEBUG Engine               - isAndroid: false
21:07:16.714 [FXGL Background Thread 3 ] DEBUG Engine               - isBrowser: false
21:07:16.715 [FXGL Background Thread 3 ] DEBUG Engine               - isClickFeedbackEnabled: false
21:07:16.715 [FXGL Background Thread 3 ] DEBUG Engine               - isCloseConfirmation: false
21:07:16.715 [FXGL Background Thread 3 ] DEBUG Engine               - isDesktop: true
21:07:16.715 [FXGL Background Thread 3 ] DEBUG Engine               - isDeveloperMenuEnabled: false
21:07:16.716 [FXGL Background Thread 3 ] DEBUG Engine               - isEntityPreloadEnabled: true
21:07:16.716 [FXGL Background Thread 3 ] DEBUG Engine               - isExperimentalNative: false
21:07:16.716 [FXGL Background Thread 3 ] DEBUG Engine               - isExperimentalTiledLargeMap: false
21:07:16.716 [FXGL Background Thread 3 ] DEBUG Engine               - isFileSystemWriteAllowed: true
21:07:16.716 [FXGL Background Thread 3 ] DEBUG Engine               - isFullScreenAllowed: false
21:07:16.717 [FXGL Background Thread 3 ] DEBUG Engine               - isFullScreenFromStart: false
21:07:16.717 [FXGL Background Thread 3 ] DEBUG Engine               - isGameMenuEnabled: true
21:07:16.717 [FXGL Background Thread 3 ] DEBUG Engine               - isIOS: false
21:07:16.719 [FXGL Background Thread 3 ] DEBUG Engine               - isIntroEnabled: false
21:07:16.720 [FXGL Background Thread 3 ] DEBUG Engine               - isLinux: false
21:07:16.720 [FXGL Background Thread 3 ] DEBUG Engine               - isMac: false
21:07:16.721 [FXGL Background Thread 3 ] DEBUG Engine               - isMainMenuEnabled: false
21:07:16.722 [FXGL Background Thread 3 ] DEBUG Engine               - isManualResizeEnabled: false
21:07:16.723 [FXGL Background Thread 3 ] DEBUG Engine               - isMobile: false
21:07:16.724 [FXGL Background Thread 3 ] DEBUG Engine               - isPreserveResizeRatio: false
21:07:16.724 [FXGL Background Thread 3 ] DEBUG Engine               - isProfilingEnabled: false
21:07:16.724 [FXGL Background Thread 3 ] DEBUG Engine               - isSingleStep: false
21:07:16.724 [FXGL Background Thread 3 ] DEBUG Engine               - isUserProfileEnabled: false
21:07:16.724 [FXGL Background Thread 3 ] DEBUG Engine               - isWindows: true
21:07:16.725 [FXGL Background Thread 3 ] DEBUG Engine               - language: ObjectProperty [value: ENGLISH]
21:07:16.725 [FXGL Background Thread 3 ] DEBUG Engine               - menuKey: ESCAPE
21:07:16.725 [FXGL Background Thread 3 ] DEBUG Engine               - notificationViewClass: class com.almasb.fxgl.notification.view.XboxNotificationView
21:07:16.725 [FXGL Background Thread 3 ] DEBUG Engine               - pixelsPerMeter: 50.0
21:07:16.726 [FXGL Background Thread 3 ] DEBUG Engine               - platform: WINDOWS
21:07:16.726 [FXGL Background Thread 3 ] DEBUG Engine               - profileDir: profiles/
21:07:16.726 [FXGL Background Thread 3 ] DEBUG Engine               - profileName: StringProperty [value: DEFAULT]
21:07:16.726 [FXGL Background Thread 3 ] DEBUG Engine               - randomSeed: -1
21:07:16.727 [FXGL Background Thread 3 ] DEBUG Engine               - runtimeInfo: RuntimeInfo(platform=WINDOWS, version=11.11, build=08.09.2020 18.00)
21:07:16.727 [FXGL Background Thread 3 ] DEBUG Engine               - saveFileExt: sav
21:07:16.727 [FXGL Background Thread 3 ] DEBUG Engine               - sceneFactory: com.almasb.fxgl.app.scene.SceneFactory@31b8b501
21:07:16.727 [FXGL Background Thread 3 ] DEBUG Engine               - secondsIn24h: 60
21:07:16.728 [FXGL Background Thread 3 ] DEBUG Engine               - soundMenuBack: menu/back.wav
21:07:16.728 [FXGL Background Thread 3 ] DEBUG Engine               - soundMenuPress: menu/press.wav
21:07:16.728 [FXGL Background Thread 3 ] DEBUG Engine               - soundMenuSelect: menu/select.wav
21:07:16.728 [FXGL Background Thread 3 ] DEBUG Engine               - soundNotification: core/notification.wav
21:07:16.734 [FXGL Background Thread 3 ] DEBUG Engine               - stageStyle: DECORATED
21:07:16.735 [FXGL Background Thread 3 ] DEBUG Engine               - supportedLanguages: [ENGLISH, FRENCH, GERMAN, HUNGARIAN, RUSSIAN]
21:07:16.735 [FXGL Background Thread 3 ] DEBUG Engine               - title: Pong
21:07:16.735 [FXGL Background Thread 3 ] DEBUG Engine               - urlGithub: https://github.com/AlmasB/FXGL
21:07:16.735 [FXGL Background Thread 3 ] DEBUG Engine               - urlLeaderboard: http://fxgl-top.herokuapp.com/
21:07:16.740 [FXGL Background Thread 3 ] DEBUG Engine               - urlPOM: https://raw.githubusercontent.com/AlmasB/FXGL/master/pom.xml
21:07:16.740 [FXGL Background Thread 3 ] DEBUG Engine               - version: 1.0
21:07:16.741 [FXGL Background Thread 3 ] DEBUG Engine               - versionCheckDays: 7
21:07:16.741 [FXGL Background Thread 3 ] DEBUG Engine               - width: 800
21:07:16.741 [FXGL Background Thread 3 ] DEBUG Engine               - Logging services
21:07:16.741 [FXGL Background Thread 3 ] DEBUG Engine               - class com.almasb.fxgl.app.FXGLApplication$GameApplicationService
21:07:16.741 [FXGL Background Thread 3 ] DEBUG Engine               - class com.almasb.fxgl.app.services.FXGLDialogService
21:07:16.741 [FXGL Background Thread 3 ] DEBUG Engine               - class com.almasb.fxgl.app.services.IOTaskExecutorService
21:07:16.742 [FXGL Background Thread 3 ] DEBUG Engine               - class com.almasb.fxgl.event.EventBusService
21:07:16.742 [FXGL Background Thread 3 ] DEBUG Engine               - class com.almasb.fxgl.io.FileSystemService
21:07:16.742 [FXGL Background Thread 3 ] DEBUG Engine               - class com.almasb.fxgl.localization.LocalizationService
21:07:16.742 [FXGL Background Thread 3 ] DEBUG Engine               - class com.almasb.fxgl.app.services.FXGLAssetLoaderService
21:07:16.742 [FXGL Background Thread 3 ] DEBUG Engine               - class com.almasb.fxgl.app.services.SystemBundleService
21:07:16.743 [FXGL Background Thread 3 ] DEBUG Engine               - class com.almasb.fxgl.profile.SaveLoadService
21:07:16.743 [FXGL Background Thread 3 ] DEBUG Engine               - class com.almasb.fxgl.ui.FXGLUIFactoryServiceProvider
21:07:16.743 [FXGL Background Thread 3 ] DEBUG Engine               - class com.almasb.fxgl.ui.FXGLDialogFactoryServiceProvider
21:07:16.744 [FXGL Background Thread 3 ] DEBUG Engine               - class com.almasb.fxgl.audio.AudioPlayer
21:07:16.744 [FXGL Background Thread 3 ] DEBUG Engine               - class com.almasb.fxgl.notification.impl.NotificationServiceProvider
21:07:16.744 [FXGL Background Thread 3 ] DEBUG Engine               - class com.almasb.fxgl.achievement.AchievementService
21:07:16.744 [FXGL Background Thread 3 ] DEBUG Engine               - class com.almasb.fxgl.cutscene.CutsceneService
21:07:16.744 [FXGL Background Thread 3 ] DEBUG Engine               - class com.almasb.fxgl.minigames.MiniGameService
21:07:16.745 [FXGL Background Thread 3 ] DEBUG Engine               - class com.almasb.fxgl.net.NetService
21:07:16.745 [FXGL Background Thread 3 ] DEBUG Engine               - class com.almasb.fxgl.app.services.UpdaterService
21:07:16.745 [FXGL Background Thread 3 ] DEBUG Engine               - class com.almasb.fxgl.dev.DevService
21:08:07.056 [Thread-3                 ] DEBUG Endpoint             - TCPServer opening new connection (1) from /127.0.0.1:51212 type: class java.lang.String
21:08:07.058 [Thread-3                 ] DEBUG Endpoint             - TCPServer successfully opened connection (1)
21:08:07.100 [TCPServer_SendThread-1   ] DEBUG Writers              - Getting TCPMessageWriter for class java.lang.String
21:08:07.114 [TCPServer_RecvThread-1   ] DEBUG Readers              - Getting TCPMessageReader for class java.lang.String
21:08:07.118 [TCPServer_RecvThread-1   ] DEBUG Readers              - Constructed MessageReader for class java.lang.String: MessageReaderS
21:08:07.123 [TCPServer_SendThread-1   ] DEBUG Writers              - Constructed TCPMessageWriter for class java.lang.String: MessageWriterS
21:08:09.157 [JavaFX Application Thread] DEBUG Input                - Mocking key press: W
21:08:09.269 [JavaFX Application Thread] DEBUG Input                - Mocking key release: W
21:08:09.512 [JavaFX Application Thread] DEBUG Input                - Mocking key press: W
21:08:09.714 [JavaFX Application Thread] DEBUG Input                - Mocking key release: W
21:08:19.143 [JavaFX Application Thread] DEBUG Input                - Mocking key press: S
21:08:19.253 [JavaFX Application Thread] DEBUG Input                - Mocking key press: W
21:08:19.313 [JavaFX Application Thread] DEBUG Input                - Mocking key release: S
21:08:19.465 [JavaFX Application Thread] DEBUG Input                - Mocking key press: S
21:08:19.482 [JavaFX Application Thread] DEBUG Input                - Mocking key release: W
21:08:19.559 [JavaFX Application Thread] DEBUG Input                - Mocking key press: W
21:08:19.626 [JavaFX Application Thread] DEBUG Input                - Mocking key release: S
21:08:19.713 [JavaFX Application Thread] DEBUG Input                - Mocking key press: S
21:08:19.751 [JavaFX Application Thread] DEBUG Input                - Mocking key release: W
21:08:19.793 [JavaFX Application Thread] DEBUG Input                - Mocking key press: W
21:08:19.829 [JavaFX Application Thread] DEBUG Input                - Mocking key release: S
21:08:19.910 [JavaFX Application Thread] DEBUG Input                - Mocking key press: S
21:08:19.945 [JavaFX Application Thread] DEBUG Input                - Mocking key release: W
21:08:20.003 [JavaFX Application Thread] DEBUG Input                - Mocking key press: W
21:08:20.041 [JavaFX Application Thread] DEBUG Input                - Mocking key release: S
21:08:20.119 [JavaFX Application Thread] DEBUG Input                - Mocking key press: S
21:08:20.146 [JavaFX Application Thread] DEBUG Input                - Mocking key release: W
21:08:20.217 [JavaFX Application Thread] DEBUG Input                - Mocking key press: W
21:08:20.261 [JavaFX Application Thread] DEBUG Input                - Mocking key release: S
21:08:20.346 [JavaFX Application Thread] DEBUG Input                - Mocking key press: S
21:08:20.364 [JavaFX Application Thread] DEBUG Input                - Mocking key release: W
21:08:20.473 [JavaFX Application Thread] DEBUG Input                - Mocking key press: W
21:08:20.498 [JavaFX Application Thread] DEBUG Input                - Mocking key release: S
21:08:20.535 [JavaFX Application Thread] DEBUG Input                - Mocking key release: W
21:08:20.859 [JavaFX Application Thread] DEBUG Input                - Mocking key press: S
21:08:21.017 [JavaFX Application Thread] DEBUG Input                - Mocking key release: S
21:08:21.250 [JavaFX Application Thread] DEBUG Input                - Mocking key press: W
21:08:21.383 [JavaFX Application Thread] DEBUG Input                - Mocking key release: W
21:08:21.384 [JavaFX Application Thread] DEBUG Input                - Mocking key press: S
21:08:21.846 [JavaFX Application Thread] DEBUG Input                - Mocking key release: S
21:08:23.739 [JavaFX Application Thread] DEBUG Input                - Mocking key press: I
21:08:23.912 [JavaFX Application Thread] DEBUG Input                - Mocking key release: I
21:08:24.085 [JavaFX Application Thread] DEBUG Input                - Mocking key press: K
21:08:24.278 [JavaFX Application Thread] DEBUG Input                - Mocking key release: K
21:08:24.361 [JavaFX Application Thread] DEBUG Input                - Mocking key press: I
21:08:24.566 [JavaFX Application Thread] DEBUG Input                - Mocking key release: I
21:08:24.642 [JavaFX Application Thread] DEBUG Input                - Mocking key press: K
21:08:24.758 [JavaFX Application Thread] DEBUG Input                - Mocking key press: S
21:08:24.871 [JavaFX Application Thread] DEBUG Input                - Mocking key press: W
21:08:24.871 [JavaFX Application Thread] DEBUG Input                - Mocking key release: K
21:08:24.897 [JavaFX Application Thread] DEBUG Input                - Mocking key press: I
21:08:24.916 [JavaFX Application Thread] DEBUG Input                - Mocking key release: S
21:08:25.066 [JavaFX Application Thread] DEBUG Input                - Mocking key release: I
21:08:25.067 [JavaFX Application Thread] DEBUG Input                - Mocking key press: K
21:08:25.098 [JavaFX Application Thread] DEBUG Input                - Mocking key press: S
21:08:25.111 [JavaFX Application Thread] DEBUG Input                - Mocking key release: W
21:08:25.300 [JavaFX Application Thread] DEBUG Input                - Mocking key press: I
21:08:25.346 [JavaFX Application Thread] DEBUG Input                - Mocking key release: K
21:08:25.360 [JavaFX Application Thread] DEBUG Input                - Mocking key press: W
21:08:25.381 [JavaFX Application Thread] DEBUG Input                - Mocking key release: S
21:08:25.528 [JavaFX Application Thread] DEBUG Input                - Mocking key press: K
21:08:25.545 [JavaFX Application Thread] DEBUG Input                - Mocking key release: I
21:08:25.577 [JavaFX Application Thread] DEBUG Input                - Mocking key press: S
21:08:25.578 [JavaFX Application Thread] DEBUG Input                - Mocking key release: W
21:08:25.751 [JavaFX Application Thread] DEBUG Input                - Mocking key press: I
21:08:25.794 [JavaFX Application Thread] DEBUG Input                - Mocking key release: K
21:08:25.831 [JavaFX Application Thread] DEBUG Input                - Mocking key press: W
21:08:25.859 [JavaFX Application Thread] DEBUG Input                - Mocking key release: S
21:08:25.977 [JavaFX Application Thread] DEBUG Input                - Mocking key press: K
21:08:25.996 [JavaFX Application Thread] DEBUG Input                - Mocking key release: I
21:08:26.062 [JavaFX Application Thread] DEBUG Input                - Mocking key press: S
21:08:26.180 [JavaFX Application Thread] DEBUG Input                - Mocking key press: I
21:08:26.229 [JavaFX Application Thread] DEBUG Input                - Mocking key release: K
21:08:26.229 [JavaFX Application Thread] DEBUG Input                - Mocking key press: W
21:08:26.262 [JavaFX Application Thread] DEBUG Input                - Mocking key release: S
21:08:26.976 [JavaFX Application Thread] DEBUG Input                - Mocking key release: I
21:08:27.028 [JavaFX Application Thread] DEBUG Input                - Mocking key release: W
21:08:27.241 [JavaFX Application Thread] DEBUG Input                - Mocking key press: S
21:08:27.337 [JavaFX Application Thread] DEBUG Input                - Mocking key press: K
21:08:27.738 [JavaFX Application Thread] DEBUG Input                - Mocking key release: S
21:08:27.738 [JavaFX Application Thread] DEBUG Input                - Mocking key release: K
21:08:27.738 [JavaFX Application Thread] DEBUG Input                - Mocking key press: I
21:08:27.777 [JavaFX Application Thread] DEBUG Input                - Mocking key press: W
21:08:27.931 [JavaFX Application Thread] DEBUG Input                - Mocking key release: I
21:08:28.012 [JavaFX Application Thread] DEBUG Input                - Mocking key release: W
21:08:28.057 [JavaFX Application Thread] DEBUG Input                - Mocking key press: S
21:08:28.261 [JavaFX Application Thread] DEBUG Input                - Mocking key press: K
21:08:28.807 [JavaFX Application Thread] DEBUG Input                - Mocking key release: K
21:08:28.808 [JavaFX Application Thread] DEBUG Input                - Mocking key press: W
21:08:28.824 [JavaFX Application Thread] DEBUG Input                - Mocking key release: S
21:08:28.841 [JavaFX Application Thread] DEBUG Input                - Mocking key press: I
21:08:29.335 [JavaFX Application Thread] DEBUG Input                - Mocking key release: W
21:08:29.378 [JavaFX Application Thread] DEBUG Input                - Mocking key release: I
21:08:29.957 [JavaFX Application Thread] DEBUG Input                - Mocking key press: K
21:08:29.974 [JavaFX Application Thread] DEBUG Input                - Mocking key press: S
21:08:30.676 [JavaFX Application Thread] DEBUG Input                - Mocking key release: S
21:08:30.695 [JavaFX Application Thread] DEBUG Input                - Mocking key release: K
21:08:30.840 [JavaFX Application Thread] DEBUG Input                - Mocking key press: I
21:08:30.905 [JavaFX Application Thread] DEBUG Input                - Mocking key release: I
21:08:31.025 [JavaFX Application Thread] DEBUG Input                - Mocking key press: W
21:08:31.240 [JavaFX Application Thread] DEBUG Input                - Mocking key press: K
21:08:31.369 [JavaFX Application Thread] DEBUG Input                - Mocking key release: K
21:08:31.641 [JavaFX Application Thread] DEBUG Input                - Mocking key release: W
21:16:14.076 [Thread-3                 ] DEBUG Endpoint             - TCPServer opening new connection (2) from /127.0.0.1:51262 type: class java.lang.String
21:16:14.076 [Thread-3                 ] DEBUG Endpoint             - TCPServer successfully opened connection (2)
21:16:14.080 [TCPServer_SendThread-2   ] DEBUG Writers              - Getting TCPMessageWriter for class java.lang.String
21:16:14.088 [TCPServer_SendThread-2   ] DEBUG Writers              - Constructed TCPMessageWriter for class java.lang.String: MessageWriterS
21:16:14.091 [TCPServer_RecvThread-2   ] DEBUG Readers              - Getting TCPMessageReader for class java.lang.String
21:16:14.092 [TCPServer_RecvThread-2   ] DEBUG Readers              - Constructed MessageReader for class java.lang.String: MessageReaderS
21:16:15.320 [JavaFX Application Thread] DEBUG Input                - Mocking key press: S
21:16:15.669 [JavaFX Application Thread] DEBUG Input                - Mocking key release: S
21:16:15.767 [JavaFX Application Thread] DEBUG Input                - Mocking key press: W
21:16:16.032 [JavaFX Application Thread] DEBUG Input                - Mocking key press: S
21:16:16.049 [JavaFX Application Thread] DEBUG Input                - Mocking key release: W
21:16:16.707 [JavaFX Application Thread] DEBUG Input                - Mocking key release: S
21:16:17.432 [JavaFX Application Thread] DEBUG Input                - Mocking key press: W
21:16:17.707 [JavaFX Application Thread] DEBUG Input                - Mocking key release: W
21:16:18.100 [JavaFX Application Thread] DEBUG Input                - Mocking key press: I
21:16:18.322 [JavaFX Application Thread] DEBUG Input                - Mocking key release: I
21:16:18.499 [JavaFX Application Thread] DEBUG Input                - Mocking key press: K
21:16:18.666 [JavaFX Application Thread] DEBUG Input                - Mocking key press: I
21:16:18.690 [JavaFX Application Thread] DEBUG Input                - Mocking key press: W
21:16:18.710 [JavaFX Application Thread] DEBUG Input                - Mocking key release: K
21:16:18.769 [JavaFX Application Thread] DEBUG Input                - Mocking key release: I
21:16:19.000 [JavaFX Application Thread] DEBUG Input                - Mocking key release: W
21:16:19.332 [JavaFX Application Thread] DEBUG Input                - Mocking key press: S
21:16:19.350 [JavaFX Application Thread] DEBUG Input                - Mocking key press: K
21:16:20.387 [JavaFX Application Thread] DEBUG Input                - Mocking key press: I
21:16:20.449 [JavaFX Application Thread] DEBUG Input                - Mocking key release: K
21:16:20.915 [JavaFX Application Thread] DEBUG Input                - Mocking key release: I
21:16:20.932 [JavaFX Application Thread] DEBUG Input                - Mocking key press: K
21:16:21.318 [JavaFX Application Thread] DEBUG Input                - Mocking key press: I
21:16:21.366 [JavaFX Application Thread] DEBUG Input                - Mocking key release: K
21:16:21.864 [JavaFX Application Thread] DEBUG Input                - Mocking key press: W
21:16:21.881 [JavaFX Application Thread] DEBUG Input                - Mocking key release: S
21:16:22.050 [JavaFX Application Thread] DEBUG Input                - Mocking key release: I
21:16:22.340 [JavaFX Application Thread] DEBUG Input                - Mocking key release: W
21:17:28.810 [Thread-3                 ] DEBUG Endpoint             - TCPServer opening new connection (3) from /127.0.0.1:51279 type: class java.lang.String
21:17:28.810 [Thread-3                 ] DEBUG Endpoint             - TCPServer successfully opened connection (3)
21:17:28.814 [TCPServer_SendThread-3   ] DEBUG Writers              - Getting TCPMessageWriter for class java.lang.String
21:17:28.814 [TCPServer_RecvThread-3   ] DEBUG Readers              - Getting TCPMessageReader for class java.lang.String
21:17:28.815 [TCPServer_SendThread-3   ] DEBUG Writers              - Constructed TCPMessageWriter for class java.lang.String: MessageWriterS
21:17:28.815 [TCPServer_RecvThread-3   ] DEBUG Readers              - Constructed MessageReader for class java.lang.String: MessageReaderS
21:17:30.648 [JavaFX Application Thread] DEBUG Input                - Mocking key press: W
21:17:31.302 [JavaFX Application Thread] DEBUG Input                - Mocking key release: W
21:17:31.752 [JavaFX Application Thread] DEBUG Input                - Mocking key press: W
21:17:31.957 [JavaFX Application Thread] DEBUG Input                - Mocking key release: W
21:17:32.225 [JavaFX Application Thread] DEBUG Input                - Mocking key press: S
21:17:32.535 [JavaFX Application Thread] DEBUG Input                - Mocking key release: S
21:17:33.474 [JavaFX Application Thread] DEBUG Input                - Mocking key press: W
21:17:33.670 [JavaFX Application Thread] DEBUG Input                - Mocking key release: W
21:17:33.878 [JavaFX Application Thread] DEBUG Input                - Mocking key press: S
21:17:34.102 [JavaFX Application Thread] DEBUG Input                - Mocking key release: S
21:17:36.052 [JavaFX Application Thread] DEBUG Input                - Mocking key press: W
21:17:36.723 [JavaFX Application Thread] DEBUG Input                - Mocking key release: W
21:17:36.743 [JavaFX Application Thread] DEBUG Input                - Mocking key press: S
21:17:37.250 [JavaFX Application Thread] DEBUG Input                - Mocking key release: S
21:17:37.251 [JavaFX Application Thread] DEBUG Input                - Mocking key press: W
21:17:37.685 [JavaFX Application Thread] DEBUG Input                - Mocking key release: W
21:17:40.483 [JavaFX Application Thread] DEBUG Input                - Mocking key press: K
21:17:40.692 [JavaFX Application Thread] DEBUG Input                - Mocking key release: K
21:17:40.807 [JavaFX Application Thread] DEBUG Input                - Mocking key press: I
21:17:40.904 [JavaFX Application Thread] DEBUG Input                - Mocking key press: S
21:17:40.983 [JavaFX Application Thread] DEBUG Input                - Mocking key release: I
21:17:41.299 [JavaFX Application Thread] DEBUG Input                - Mocking key press: I
21:17:41.985 [JavaFX Application Thread] DEBUG Input                - Mocking key press: W
21:17:42.004 [JavaFX Application Thread] DEBUG Input                - Mocking key release: S
21:17:42.392 [JavaFX Application Thread] DEBUG Input                - Mocking key press: S
21:17:42.417 [JavaFX Application Thread] DEBUG Input                - Mocking key press: K
21:17:42.417 [JavaFX Application Thread] DEBUG Input                - Mocking key release: W
21:17:42.499 [JavaFX Application Thread] DEBUG Input                - Mocking key release: I
21:17:42.937 [JavaFX Application Thread] DEBUG Input                - Mocking key press: I
21:17:43.016 [JavaFX Application Thread] DEBUG Input                - Mocking key press: W
21:17:43.016 [JavaFX Application Thread] DEBUG Input                - Mocking key release: S
21:17:43.032 [JavaFX Application Thread] DEBUG Input                - Mocking key release: K
21:17:43.399 [JavaFX Application Thread] DEBUG Input                - Mocking key press: K
21:17:43.417 [JavaFX Application Thread] DEBUG Input                - Mocking key release: I
21:17:43.536 [JavaFX Application Thread] DEBUG Input                - Mocking key release: W
21:17:43.867 [JavaFX Application Thread] DEBUG Input                - Mocking key press: I
21:17:44.035 [JavaFX Application Thread] DEBUG Input                - Mocking key release: K
21:17:44.306 [JavaFX Application Thread] DEBUG Input                - Mocking key press: W
21:17:45.332 [JavaFX Application Thread] DEBUG Input                - Mocking key release: W
21:17:45.366 [JavaFX Application Thread] DEBUG Input                - Mocking key press: S
21:17:45.881 [JavaFX Application Thread] DEBUG Input                - Mocking key press: K
21:17:45.898 [JavaFX Application Thread] DEBUG Input                - Mocking key release: I
21:17:46.631 [JavaFX Application Thread] DEBUG Input                - Mocking key press: W
21:17:46.648 [JavaFX Application Thread] DEBUG Input                - Mocking key release: K
21:17:46.683 [JavaFX Application Thread] DEBUG Input                - Mocking key release: S
21:17:46.838 [JavaFX Application Thread] DEBUG Input                - Mocking key press: I
21:17:47.173 [JavaFX Application Thread] DEBUG Input                - Mocking key release: I
21:17:47.883 [JavaFX Application Thread] DEBUG Input                - Mocking key release: W
21:17:48.018 [JavaFX Application Thread] DEBUG Input                - Mocking key press: S
21:17:48.327 [JavaFX Application Thread] DEBUG Input                - Mocking key press: W
21:17:48.483 [JavaFX Application Thread] DEBUG Input                - Mocking key release: S
21:17:48.752 [JavaFX Application Thread] DEBUG Input                - Mocking key release: W
21:17:48.848 [JavaFX Application Thread] DEBUG Input                - Mocking key press: S
21:17:50.166 [JavaFX Application Thread] DEBUG Input                - Mocking key release: S
21:17:50.514 [JavaFX Application Thread] DEBUG Input                - Mocking key press: I
21:17:51.124 [JavaFX Application Thread] DEBUG Input                - Mocking key release: I
21:17:51.481 [JavaFX Application Thread] DEBUG Input                - Mocking key press: W
21:17:51.643 [JavaFX Application Thread] DEBUG Input                - Mocking key release: W
21:17:51.818 [JavaFX Application Thread] DEBUG Input                - Mocking key press: W
21:17:52.394 [JavaFX Application Thread] DEBUG Input                - Mocking key release: W
21:17:52.418 [JavaFX Application Thread] DEBUG Input                - Mocking key press: S
21:17:52.897 [JavaFX Application Thread] DEBUG Input                - Mocking key release: S
21:17:53.064 [JavaFX Application Thread] DEBUG Input                - Mocking key press: S
21:17:53.331 [JavaFX Application Thread] DEBUG Input                - Mocking key release: S
21:17:53.447 [JavaFX Application Thread] DEBUG Input                - Mocking key press: S
21:17:53.448 [JavaFX Application Thread] DEBUG Input                - Mocking key press: W
21:17:53.497 [JavaFX Application Thread] DEBUG Input                - Mocking key release: S
21:17:53.896 [JavaFX Application Thread] DEBUG Input                - Mocking key release: W
21:17:54.040 [JavaFX Application Thread] DEBUG Input                - Mocking key press: K
21:17:54.749 [JavaFX Application Thread] DEBUG Input                - Mocking key release: K
21:17:54.967 [JavaFX Application Thread] DEBUG Input                - Mocking key press: I
21:17:55.100 [JavaFX Application Thread] DEBUG Input                - Mocking key release: I
21:17:55.913 [JavaFX Application Thread] DEBUG Input                - Mocking key press: I
21:17:56.530 [JavaFX Application Thread] DEBUG Input                - Mocking key release: I
21:17:56.564 [JavaFX Application Thread] DEBUG Input                - Mocking key press: W
21:17:57.146 [JavaFX Application Thread] DEBUG Input                - Mocking key release: W
21:17:57.254 [JavaFX Application Thread] DEBUG Input                - Mocking key press: S
21:17:58.021 [JavaFX Application Thread] DEBUG Input                - Mocking key release: S
21:17:58.406 [JavaFX Application Thread] DEBUG Input                - Mocking key press: S
21:17:58.680 [JavaFX Application Thread] DEBUG Input                - Mocking key release: S
21:17:58.765 [JavaFX Application Thread] DEBUG Input                - Mocking key press: S
21:17:58.984 [JavaFX Application Thread] DEBUG Input                - Mocking key release: S
21:17:59.099 [JavaFX Application Thread] DEBUG Input                - Mocking key press: W
21:17:59.529 [JavaFX Application Thread] DEBUG Input                - Mocking key release: W
21:17:59.779 [JavaFX Application Thread] DEBUG Input                - Mocking key press: S
21:18:00.010 [JavaFX Application Thread] DEBUG Input                - Mocking key release: S
21:18:00.231 [JavaFX Application Thread] DEBUG Input                - Mocking key press: W
21:18:00.452 [JavaFX Application Thread] DEBUG Input                - Mocking key release: W
21:18:01.095 [JavaFX Application Thread] DEBUG Input                - Mocking key press: S
21:18:01.746 [JavaFX Application Thread] DEBUG Input                - Mocking key release: S
21:18:02.186 [JavaFX Application Thread] DEBUG Input                - Mocking key press: K
21:18:03.179 [JavaFX Application Thread] DEBUG Input                - Mocking key release: K
21:18:03.562 [JavaFX Application Thread] DEBUG Input                - Mocking key press: K
21:18:03.728 [JavaFX Application Thread] DEBUG Input                - Mocking key release: K
21:18:03.829 [JavaFX Application Thread] DEBUG Input                - Mocking key press: I
21:18:04.018 [JavaFX Application Thread] DEBUG Input                - Mocking key press: W
21:18:04.021 [JavaFX Application Thread] DEBUG Input                - Mocking key release: I
21:18:04.582 [JavaFX Application Thread] DEBUG Input                - Mocking key release: W
21:18:05.045 [JavaFX Application Thread] DEBUG Input                - Mocking key press: S
21:18:05.395 [JavaFX Application Thread] DEBUG Input                - Mocking key release: S
21:18:06.006 [JavaFX Application Thread] DEBUG Input                - Mocking key press: S
21:18:06.584 [JavaFX Application Thread] DEBUG Input                - Mocking key release: S
21:18:06.680 [JavaFX Application Thread] DEBUG Input                - Mocking key press: W
21:18:07.544 [JavaFX Application Thread] DEBUG Input                - Mocking key press: S
21:18:07.544 [JavaFX Application Thread] DEBUG Input                - Mocking key release: W
21:18:07.960 [JavaFX Application Thread] DEBUG Input                - Mocking key release: S
21:18:08.006 [JavaFX Application Thread] DEBUG Input                - Mocking key press: W
21:18:08.103 [JavaFX Application Thread] DEBUG Input                - Mocking key press: I
21:18:09.281 [JavaFX Application Thread] DEBUG Input                - Mocking key release: W
21:18:09.301 [JavaFX Application Thread] DEBUG Input                - Mocking key release: I
21:18:30.309 [JavaFX Application Thread] DEBUG FXGLApplication      - Exiting FXGL
21:18:30.309 [JavaFX Application Thread] DEBUG LoopRunner           - Stopping loop
21:18:30.309 [JavaFX Application Thread] DEBUG SystemBundleService  - Saving FXGL system data
21:18:30.318 [JavaFX Application Thread] DEBUG FileSystemAccess     - Writing to: C:\Users\1991e\Documents\.multiplayer assignment\CI628-PongServer-master\system\fxgl.bundle
21:18:30.321 [JavaFX Application Thread] DEBUG Async                - Shutting down background threads
21:18:30.321 [JavaFX Application Thread] DEBUG MainWindow           - Closing main window
21:18:30.346 [JavaFX Application Thread] DEBUG Logger               - Closing Logger
