14:36:30.934 [main                     ] DEBUG Logger               - Configured Logger
14:36:30.948 [main                     ] DEBUG GameApplication      - Logging settings
Title: Pong
Version: 1.0
Width: 800
Height: 600
Fullscreen: false
Intro: false
Profiling: false
Single step:false
App Mode: DEBUG
Menu Key: ESCAPE
Stage Style: DECORATED
Scene Factory: class com.almasb.fxgl.app.scene.SceneFactory

14:36:31.232 [JavaFX Application Thread] DEBUG FXGLApplication      - Initializing FXGL
14:36:31.235 [JavaFX Application Thread] INFO  Engine               - FXGL-11.11 (08.09.2020 18.00) on WINDOWS (J:15.0.2 FX:14)
14:36:31.236 [JavaFX Application Thread] DEBUG Engine               - JRE Vendor Name: Oracle Corporation
14:36:31.236 [JavaFX Application Thread] DEBUG Engine               - Running on OS: Windows 10 version 10.0
14:36:31.236 [JavaFX Application Thread] DEBUG Engine               - Architecture: amd64
14:36:31.236 [JavaFX Application Thread] INFO  Engine               - Source code and latest versions at: https://github.com/AlmasB/FXGL
14:36:31.236 [JavaFX Application Thread] INFO  Engine               -              Join the FXGL chat at: https://gitter.im/AlmasB/FXGL
14:36:31.292 [JavaFX Application Thread] DEBUG MainWindow           - Creating a JavaFX scene
14:36:31.322 [JavaFX Application Thread] DEBUG MainWindow           - Target settings size: 800.0 x 600.0
14:36:31.322 [JavaFX Application Thread] DEBUG MainWindow           - Scaled scene size:    800.0 x 600.0
14:36:31.323 [JavaFX Application Thread] DEBUG MainWindow           - Scaled ratio: (1.0, 1.0)
14:36:31.323 [JavaFX Application Thread] DEBUG MainWindow           - Set initial scene to StartupScene
14:36:31.327 [JavaFX Application Thread] DEBUG MainWindow           - Opening main window
14:36:31.388 [JavaFX Application Thread] DEBUG MainWindow           - Window border size: (16.0, 39.0)
14:36:31.388 [JavaFX Application Thread] DEBUG MainWindow           - Scaled size: 800.0 x 600.0
14:36:31.388 [JavaFX Application Thread] DEBUG MainWindow           - Scaled ratio: (1.0, 1.0)
14:36:31.388 [JavaFX Application Thread] DEBUG MainWindow           - Scene size: 800.0 x 600.0
14:36:31.389 [JavaFX Application Thread] DEBUG MainWindow           - Stage size: 816.0 x 639.0
14:36:31.393 [FXGL Background Thread 1 ] DEBUG Engine               - Initializing environment variables
14:36:31.408 [FXGL Background Thread 1 ] DEBUG GameApplicationServi - Applying CSS: fxgl_dark.css
14:36:31.408 [FXGL Background Thread 1 ] DEBUG FXGLAssetLoaderServi - Loading from file system: /assets/ui/css/fxgl_dark.css
14:36:31.440 [FXGL Background Thread 1 ] DEBUG GameApplicationServi - Initializing application scenes
14:36:31.462 [FXGL Background Thread 1 ] DEBUG GameWorld            - Game world initialized
14:36:31.504 [FXGL Background Thread 1 ] DEBUG PhysicsWorld         - Physics world initialized: appHeight=600, physics.ppm=50.0
14:36:31.505 [FXGL Background Thread 1 ] DEBUG GameScene            - Game scene initialized: 800x600
14:36:31.522 [FXGL Background Thread 1 ] DEBUG FXGLAssetLoaderServi - Loading from file system: /assets/textures/particles/trace_horizontal.png
14:36:31.560 [FXGL Background Thread 1 ] DEBUG FXGL.DefaultMenu     - createMenuBodyGameMenu()
14:36:31.568 [FXGL Background Thread 1 ] DEBUG FXGL.DefaultMenu     - createOptionsMenu()
14:36:31.571 [FXGL Background Thread 1 ] DEBUG FXGLAssetLoaderServi - Loading from file system: /assets/textures/particles/smoke.png
14:36:31.606 [FXGL Background Thread 1 ] DEBUG GameApplicationServi - Application scenes initialized
14:36:31.614 [FXGL Background Thread 1 ] DEBUG SystemBundleService  - Loading FXGL system data
14:36:31.617 [FXGL Background Thread 1 ] DEBUG FileSystemAccess     - Reading from: C:\Users\1991e\OneDrive\Documents\CI628 Multiplayer Development Assignment\CI628-PongServer-master\system\fxgl.bundle
14:36:31.622 [FXGL Background Thread 1 ] DEBUG SystemBundleService  - Bundle FXGL: {}
14:36:31.622 [FXGL Background Thread 1 ] DEBUG UpdaterService       - Checking for updates
14:36:31.624 [FXGL Background Thread 4 ] DEBUG FXGLApplication      - Loading fonts
14:36:31.625 [FXGL Background Thread 1 ] DEBUG FXGLApplication      - Loading default localization
14:36:31.625 [FXGL Background Thread 4 ] DEBUG FXGLAssetLoaderServi - Loading from file system: /assets/ui/fonts/pong.ttf
14:36:31.625 [FXGL Background Thread 1 ] DEBUG FXGLAssetLoaderServi - Loading from file system: /assets/languages/english.lang
14:36:31.634 [FXGL Background Thread 1 ] INFO  FXGLApplication      - FXGL initialization took: 0.241 sec
14:36:31.641 [JavaFX Application Thread] DEBUG Input                - Registered new binding: Up1 - W
14:36:31.642 [JavaFX Application Thread] DEBUG Input                - Registered new binding: Down1 - S
14:36:31.642 [JavaFX Application Thread] DEBUG Input                - Registered new binding: Up2 - I
14:36:31.642 [JavaFX Application Thread] DEBUG Input                - Registered new binding: Down2 - K
14:36:31.642 [JavaFX Application Thread] DEBUG FXGLAssetLoaderServi - Loading from file system: /assets/textures/fxgl_icon.png
14:36:31.659 [JavaFX Application Thread] DEBUG FXGLAssetLoaderServi - Loading from file system: /assets/ui/cursors/fxgl_default.png
14:36:31.661 [JavaFX Application Thread] DEBUG Input                - Registered new binding: Screenshot - P
14:36:31.662 [JavaFX Application Thread] DEBUG Input                - Registered new binding: System info dump - CTRL+9
14:36:31.662 [JavaFX Application Thread] DEBUG Input                - Registered new binding: Restart - CTRL+R
14:36:31.663 [JavaFX Application Thread] DEBUG Input                - Registered new binding: Toggle Debug Camera - CTRL+C
14:36:31.665 [JavaFX Application Thread] DEBUG LoopRunner           - Starting loop
14:36:31.666 [JavaFX Application Thread] DEBUG GameApplicationServi - Starting new game
14:36:31.668 [JavaFX Application Thread] DEBUG Input                - Clearing active input actions
14:36:31.672 [FXGL Background Thread 4 ] DEBUG FXGLAssetLoaderServi - Loading from file system: /assets/ui/fonts/Abel-Regular.ttf
14:36:31.676 [FXGL Background Thread 4 ] DEBUG FXGLAssetLoaderServi - Loading from file system: /assets/ui/fonts/lucida_console.ttf
14:36:31.679 [JavaFX Application Thread] DEBUG GameApplicationServi - Removing overlay from StartupScene and adding to FXGLLoadingScene
14:36:31.679 [JavaFX Application Thread] DEBUG MainWindow           - StartupScene -> FXGLLoadingScene
14:36:31.679 [JavaFX Application Thread] DEBUG GameApplicationServi - Clearing previous game
14:36:31.680 [JavaFX Application Thread] DEBUG GameScene            - Clearing game scene
14:36:31.680 [JavaFX Application Thread] DEBUG GameWorld            - Clearing game world
14:36:31.680 [JavaFX Application Thread] DEBUG PhysicsWorld         - Clearing physics world
14:36:31.681 [FXGL Background Thread 1 ] DEBUG FXGLApplication      - Initializing game
14:36:31.682 [FXGL Background Thread 4 ] DEBUG FXGLAssetLoaderServi - Loading from file system: /assets/ui/fonts/Courier-Prime.ttf
14:36:31.713 [JavaFX Application Thread] DEBUG FXGLApplication      - Registering font factories with UI factory
14:36:31.720 [FXGL Background Thread 1 ] DEBUG FXGLAssetLoaderServi - Loading from file system: /assets/ui/main.fxml
14:36:31.721 [Thread-4                 ] DEBUG TCPServer            - Starting to listen at: 55555 type: class java.lang.String
14:36:31.780 [FXGL Background Thread 1 ] INFO  FXGLApplication      - Game initialization took: 0.098 sec
14:36:31.780 [JavaFX Application Thread] DEBUG Input                - Clearing active input actions
14:36:31.790 [JavaFX Application Thread] DEBUG GameApplicationServi - Removing overlay from FXGLLoadingScene and adding to GameScene
14:36:31.791 [JavaFX Application Thread] DEBUG MainWindow           - FXGLLoadingScene -> GameScene
14:36:32.281 [FXGL Background Thread 2 ] INFO  UpdaterService       - Your current version:  11.11
14:36:32.282 [FXGL Background Thread 2 ] INFO  UpdaterService       - Latest stable version: 17+dev-SNAPSHOT
14:36:34.626 [FXGL Background Thread 3 ] DEBUG Engine               - Logging environment variables
14:36:34.626 [FXGL Background Thread 3 ] DEBUG Engine               - achievements: []
14:36:34.626 [FXGL Background Thread 3 ] DEBUG Engine               - appIcon: fxgl_icon.png
14:36:34.627 [FXGL Background Thread 3 ] DEBUG Engine               - applicationMode: DEBUG
14:36:34.627 [FXGL Background Thread 3 ] DEBUG Engine               - cSSList: [fxgl_dark.css]
14:36:34.627 [FXGL Background Thread 3 ] DEBUG Engine               - configClass: Optional.empty
14:36:34.627 [FXGL Background Thread 3 ] DEBUG Engine               - credits: []
14:36:34.627 [FXGL Background Thread 3 ] DEBUG Engine               - devBBoxColorProperty: ObjectProperty [value: 0xff0000ff]
14:36:34.628 [FXGL Background Thread 3 ] DEBUG Engine               - devEnableDebugCameraProperty: BooleanProperty [value: false]
14:36:34.628 [FXGL Background Thread 3 ] DEBUG Engine               - devSensorColorProperty: ObjectProperty [value: 0xffff00ff]
14:36:34.628 [FXGL Background Thread 3 ] DEBUG Engine               - devShowBBoxProperty: BooleanProperty [value: false]
14:36:34.628 [FXGL Background Thread 3 ] DEBUG Engine               - devShowPositionProperty: BooleanProperty [value: false]
14:36:34.628 [FXGL Background Thread 3 ] DEBUG Engine               - enabledMenuItems: []
14:36:34.628 [FXGL Background Thread 3 ] DEBUG Engine               - engineServices: [class com.almasb.fxgl.app.FXGLApplication$GameApplicationService, class com.almasb.fxgl.app.services.FXGLDialogService, class com.almasb.fxgl.app.services.IOTaskExecutorService, class com.almasb.fxgl.event.EventBusService, class com.almasb.fxgl.io.FileSystemService, class com.almasb.fxgl.localization.LocalizationService, class com.almasb.fxgl.app.services.FXGLAssetLoaderService, class com.almasb.fxgl.app.services.SystemBundleService, class com.almasb.fxgl.profile.SaveLoadService, class com.almasb.fxgl.ui.FXGLUIFactoryServiceProvider, class com.almasb.fxgl.ui.FXGLDialogFactoryServiceProvider, class com.almasb.fxgl.audio.AudioPlayer, class com.almasb.fxgl.notification.impl.NotificationServiceProvider, class com.almasb.fxgl.achievement.AchievementService, class com.almasb.fxgl.cutscene.CutsceneService, class com.almasb.fxgl.minigames.MiniGameService, class com.almasb.fxgl.net.NetService, class com.almasb.fxgl.app.services.UpdaterService, class com.almasb.fxgl.dev.DevService]
14:36:34.628 [FXGL Background Thread 3 ] DEBUG Engine               - fontGame: Abel-Regular.ttf
14:36:34.628 [FXGL Background Thread 3 ] DEBUG Engine               - fontMono: lucida_console.ttf
14:36:34.628 [FXGL Background Thread 3 ] DEBUG Engine               - fontText: Courier-Prime.ttf
14:36:34.628 [FXGL Background Thread 3 ] DEBUG Engine               - fontUI: pong.ttf
14:36:34.628 [FXGL Background Thread 3 ] DEBUG Engine               - fullScreen: BooleanProperty [value: false]
14:36:34.629 [FXGL Background Thread 3 ] DEBUG Engine               - gameDifficulty: MEDIUM
14:36:34.629 [FXGL Background Thread 3 ] DEBUG Engine               - gameDifficultyProperty: ObjectProperty [value: MEDIUM]
14:36:34.629 [FXGL Background Thread 3 ] DEBUG Engine               - globalMusicVolume: 0.5
14:36:34.629 [FXGL Background Thread 3 ] DEBUG Engine               - globalMusicVolumeProperty: DoubleProperty [value: 0.5]
14:36:34.629 [FXGL Background Thread 3 ] DEBUG Engine               - globalSoundVolume: 0.5
14:36:34.629 [FXGL Background Thread 3 ] DEBUG Engine               - globalSoundVolumeProperty: DoubleProperty [value: 0.5]
14:36:34.629 [FXGL Background Thread 3 ] DEBUG Engine               - height: 600
14:36:34.629 [FXGL Background Thread 3 ] DEBUG Engine               - isAndroid: false
14:36:34.629 [FXGL Background Thread 3 ] DEBUG Engine               - isBrowser: false
14:36:34.629 [FXGL Background Thread 3 ] DEBUG Engine               - isClickFeedbackEnabled: false
14:36:34.630 [FXGL Background Thread 3 ] DEBUG Engine               - isCloseConfirmation: false
14:36:34.630 [FXGL Background Thread 3 ] DEBUG Engine               - isDesktop: true
14:36:34.630 [FXGL Background Thread 3 ] DEBUG Engine               - isDeveloperMenuEnabled: false
14:36:34.630 [FXGL Background Thread 3 ] DEBUG Engine               - isEntityPreloadEnabled: true
14:36:34.630 [FXGL Background Thread 3 ] DEBUG Engine               - isExperimentalNative: false
14:36:34.630 [FXGL Background Thread 3 ] DEBUG Engine               - isExperimentalTiledLargeMap: false
14:36:34.630 [FXGL Background Thread 3 ] DEBUG Engine               - isFileSystemWriteAllowed: true
14:36:34.630 [FXGL Background Thread 3 ] DEBUG Engine               - isFullScreenAllowed: false
14:36:34.630 [FXGL Background Thread 3 ] DEBUG Engine               - isFullScreenFromStart: false
14:36:34.630 [FXGL Background Thread 3 ] DEBUG Engine               - isGameMenuEnabled: true
14:36:34.631 [FXGL Background Thread 3 ] DEBUG Engine               - isIOS: false
14:36:34.631 [FXGL Background Thread 3 ] DEBUG Engine               - isIntroEnabled: false
14:36:34.631 [FXGL Background Thread 3 ] DEBUG Engine               - isLinux: false
14:36:34.631 [FXGL Background Thread 3 ] DEBUG Engine               - isMac: false
14:36:34.631 [FXGL Background Thread 3 ] DEBUG Engine               - isMainMenuEnabled: false
14:36:34.631 [FXGL Background Thread 3 ] DEBUG Engine               - isManualResizeEnabled: false
14:36:34.631 [FXGL Background Thread 3 ] DEBUG Engine               - isMobile: false
14:36:34.631 [FXGL Background Thread 3 ] DEBUG Engine               - isPreserveResizeRatio: false
14:36:34.631 [FXGL Background Thread 3 ] DEBUG Engine               - isProfilingEnabled: false
14:36:34.632 [FXGL Background Thread 3 ] DEBUG Engine               - isSingleStep: false
14:36:34.632 [FXGL Background Thread 3 ] DEBUG Engine               - isUserProfileEnabled: false
14:36:34.632 [FXGL Background Thread 3 ] DEBUG Engine               - isWindows: true
14:36:34.632 [FXGL Background Thread 3 ] DEBUG Engine               - language: ObjectProperty [value: ENGLISH]
14:36:34.632 [FXGL Background Thread 3 ] DEBUG Engine               - menuKey: ESCAPE
14:36:34.632 [FXGL Background Thread 3 ] DEBUG Engine               - notificationViewClass: class com.almasb.fxgl.notification.view.XboxNotificationView
14:36:34.632 [FXGL Background Thread 3 ] DEBUG Engine               - pixelsPerMeter: 50.0
14:36:34.632 [FXGL Background Thread 3 ] DEBUG Engine               - platform: WINDOWS
14:36:34.632 [FXGL Background Thread 3 ] DEBUG Engine               - profileDir: profiles/
14:36:34.633 [FXGL Background Thread 3 ] DEBUG Engine               - profileName: StringProperty [value: DEFAULT]
14:36:34.633 [FXGL Background Thread 3 ] DEBUG Engine               - randomSeed: -1
14:36:34.633 [FXGL Background Thread 3 ] DEBUG Engine               - runtimeInfo: RuntimeInfo(platform=WINDOWS, version=11.11, build=08.09.2020 18.00)
14:36:34.633 [FXGL Background Thread 3 ] DEBUG Engine               - saveFileExt: sav
14:36:34.633 [FXGL Background Thread 3 ] DEBUG Engine               - sceneFactory: com.almasb.fxgl.app.scene.SceneFactory@6d04bf06
14:36:34.633 [FXGL Background Thread 3 ] DEBUG Engine               - secondsIn24h: 60
14:36:34.633 [FXGL Background Thread 3 ] DEBUG Engine               - soundMenuBack: menu/back.wav
14:36:34.633 [FXGL Background Thread 3 ] DEBUG Engine               - soundMenuPress: menu/press.wav
14:36:34.633 [FXGL Background Thread 3 ] DEBUG Engine               - soundMenuSelect: menu/select.wav
14:36:34.633 [FXGL Background Thread 3 ] DEBUG Engine               - soundNotification: core/notification.wav
14:36:34.634 [FXGL Background Thread 3 ] DEBUG Engine               - stageStyle: DECORATED
14:36:34.634 [FXGL Background Thread 3 ] DEBUG Engine               - supportedLanguages: [ENGLISH, FRENCH, GERMAN, HUNGARIAN, RUSSIAN]
14:36:34.634 [FXGL Background Thread 3 ] DEBUG Engine               - title: Pong
14:36:34.634 [FXGL Background Thread 3 ] DEBUG Engine               - urlGithub: https://github.com/AlmasB/FXGL
14:36:34.634 [FXGL Background Thread 3 ] DEBUG Engine               - urlLeaderboard: http://fxgl-top.herokuapp.com/
14:36:34.634 [FXGL Background Thread 3 ] DEBUG Engine               - urlPOM: https://raw.githubusercontent.com/AlmasB/FXGL/master/pom.xml
14:36:34.634 [FXGL Background Thread 3 ] DEBUG Engine               - version: 1.0
14:36:34.634 [FXGL Background Thread 3 ] DEBUG Engine               - versionCheckDays: 7
14:36:34.634 [FXGL Background Thread 3 ] DEBUG Engine               - width: 800
14:36:34.634 [FXGL Background Thread 3 ] DEBUG Engine               - Logging services
14:36:34.634 [FXGL Background Thread 3 ] DEBUG Engine               - class com.almasb.fxgl.app.FXGLApplication$GameApplicationService
14:36:34.635 [FXGL Background Thread 3 ] DEBUG Engine               - class com.almasb.fxgl.app.services.FXGLDialogService
14:36:34.635 [FXGL Background Thread 3 ] DEBUG Engine               - class com.almasb.fxgl.app.services.IOTaskExecutorService
14:36:34.635 [FXGL Background Thread 3 ] DEBUG Engine               - class com.almasb.fxgl.event.EventBusService
14:36:34.635 [FXGL Background Thread 3 ] DEBUG Engine               - class com.almasb.fxgl.io.FileSystemService
14:36:34.635 [FXGL Background Thread 3 ] DEBUG Engine               - class com.almasb.fxgl.localization.LocalizationService
14:36:34.635 [FXGL Background Thread 3 ] DEBUG Engine               - class com.almasb.fxgl.app.services.FXGLAssetLoaderService
14:36:34.635 [FXGL Background Thread 3 ] DEBUG Engine               - class com.almasb.fxgl.app.services.SystemBundleService
14:36:34.635 [FXGL Background Thread 3 ] DEBUG Engine               - class com.almasb.fxgl.profile.SaveLoadService
14:36:34.635 [FXGL Background Thread 3 ] DEBUG Engine               - class com.almasb.fxgl.ui.FXGLUIFactoryServiceProvider
14:36:34.635 [FXGL Background Thread 3 ] DEBUG Engine               - class com.almasb.fxgl.ui.FXGLDialogFactoryServiceProvider
14:36:34.635 [FXGL Background Thread 3 ] DEBUG Engine               - class com.almasb.fxgl.audio.AudioPlayer
14:36:34.635 [FXGL Background Thread 3 ] DEBUG Engine               - class com.almasb.fxgl.notification.impl.NotificationServiceProvider
14:36:34.635 [FXGL Background Thread 3 ] DEBUG Engine               - class com.almasb.fxgl.achievement.AchievementService
14:36:34.636 [FXGL Background Thread 3 ] DEBUG Engine               - class com.almasb.fxgl.cutscene.CutsceneService
14:36:34.636 [FXGL Background Thread 3 ] DEBUG Engine               - class com.almasb.fxgl.minigames.MiniGameService
14:36:34.636 [FXGL Background Thread 3 ] DEBUG Engine               - class com.almasb.fxgl.net.NetService
14:36:34.636 [FXGL Background Thread 3 ] DEBUG Engine               - class com.almasb.fxgl.app.services.UpdaterService
14:36:34.636 [FXGL Background Thread 3 ] DEBUG Engine               - class com.almasb.fxgl.dev.DevService
14:37:21.364 [Thread-4                 ] DEBUG Endpoint             - TCPServer opening new connection (1) from /127.0.0.1:64623 type: class java.lang.String
14:37:21.365 [Thread-4                 ] DEBUG Endpoint             - TCPServer successfully opened connection (1)
14:37:21.366 [TCPServer_SendThread-1   ] DEBUG Writers              - Getting TCPMessageWriter for class java.lang.String
14:37:21.367 [TCPServer_RecvThread-1   ] DEBUG Readers              - Getting TCPMessageReader for class java.lang.String
14:37:21.367 [TCPServer_SendThread-1   ] DEBUG Writers              - Constructed TCPMessageWriter for class java.lang.String: MessageWriterS
14:37:21.368 [TCPServer_RecvThread-1   ] DEBUG Readers              - Constructed MessageReader for class java.lang.String: MessageReaderS
14:37:33.785 [Thread-4                 ] DEBUG Endpoint             - TCPServer opening new connection (2) from /127.0.0.1:64632 type: class java.lang.String
14:37:33.785 [Thread-4                 ] DEBUG Endpoint             - TCPServer successfully opened connection (2)
14:37:33.786 [TCPServer_SendThread-2   ] DEBUG Writers              - Getting TCPMessageWriter for class java.lang.String
14:37:33.786 [TCPServer_RecvThread-2   ] DEBUG Readers              - Getting TCPMessageReader for class java.lang.String
14:37:33.786 [TCPServer_SendThread-2   ] DEBUG Writers              - Constructed TCPMessageWriter for class java.lang.String: MessageWriterS
14:37:33.786 [TCPServer_RecvThread-2   ] DEBUG Readers              - Constructed MessageReader for class java.lang.String: MessageReaderS
14:37:43.790 [Thread-4                 ] DEBUG Endpoint             - TCPServer opening new connection (3) from /127.0.0.1:64637 type: class java.lang.String
14:37:43.790 [Thread-4                 ] DEBUG Endpoint             - TCPServer successfully opened connection (3)
14:37:43.791 [TCPServer_RecvThread-3   ] DEBUG Readers              - Getting TCPMessageReader for class java.lang.String
14:37:43.790 [TCPServer_SendThread-3   ] DEBUG Writers              - Getting TCPMessageWriter for class java.lang.String
14:37:43.791 [TCPServer_SendThread-3   ] DEBUG Writers              - Constructed TCPMessageWriter for class java.lang.String: MessageWriterS
14:37:43.791 [TCPServer_RecvThread-3   ] DEBUG Readers              - Constructed MessageReader for class java.lang.String: MessageReaderS
14:38:07.665 [Thread-4                 ] DEBUG Endpoint             - TCPServer opening new connection (4) from /127.0.0.1:64646 type: class java.lang.String
14:38:07.665 [Thread-4                 ] DEBUG Endpoint             - TCPServer successfully opened connection (4)
14:38:07.666 [TCPServer_SendThread-4   ] DEBUG Writers              - Getting TCPMessageWriter for class java.lang.String
14:38:07.666 [TCPServer_RecvThread-4   ] DEBUG Readers              - Getting TCPMessageReader for class java.lang.String
14:38:07.666 [TCPServer_SendThread-4   ] DEBUG Writers              - Constructed TCPMessageWriter for class java.lang.String: MessageWriterS
14:38:07.666 [TCPServer_RecvThread-4   ] DEBUG Readers              - Constructed MessageReader for class java.lang.String: MessageReaderS
14:39:57.484 [Thread-4                 ] DEBUG Endpoint             - TCPServer opening new connection (5) from /127.0.0.1:64744 type: class java.lang.String
14:39:57.485 [Thread-4                 ] DEBUG Endpoint             - TCPServer successfully opened connection (5)
14:39:57.485 [TCPServer_RecvThread-5   ] DEBUG Readers              - Getting TCPMessageReader for class java.lang.String
14:39:57.485 [TCPServer_SendThread-5   ] DEBUG Writers              - Getting TCPMessageWriter for class java.lang.String
14:39:57.485 [TCPServer_SendThread-5   ] DEBUG Writers              - Constructed TCPMessageWriter for class java.lang.String: MessageWriterS
14:39:57.485 [TCPServer_RecvThread-5   ] DEBUG Readers              - Constructed MessageReader for class java.lang.String: MessageReaderS
14:39:59.970 [JavaFX Application Thread] DEBUG Input                - Mocking key press: W
14:40:00.387 [JavaFX Application Thread] DEBUG Input                - Mocking key release: W
14:40:00.423 [JavaFX Application Thread] DEBUG Input                - Mocking key press: S
14:40:00.698 [JavaFX Application Thread] DEBUG Input                - Mocking key press: W
14:40:00.805 [JavaFX Application Thread] DEBUG Input                - Mocking key release: S
14:40:00.847 [JavaFX Application Thread] DEBUG Input                - Mocking key release: W
14:40:02.081 [JavaFX Application Thread] DEBUG Input                - Mocking key press: S
14:40:03.065 [JavaFX Application Thread] DEBUG Input                - Mocking key release: S
14:40:03.592 [JavaFX Application Thread] DEBUG Input                - Mocking key press: W
14:40:04.117 [JavaFX Application Thread] DEBUG Input                - Mocking key release: W
14:40:06.001 [JavaFX Application Thread] DEBUG Input                - Mocking key press: W
14:40:06.151 [JavaFX Application Thread] DEBUG Input                - Mocking key release: W
14:40:07.320 [JavaFX Application Thread] DEBUG Input                - Mocking key press: W
14:40:07.422 [JavaFX Application Thread] DEBUG Input                - Mocking key release: W
14:40:08.438 [JavaFX Application Thread] DEBUG Input                - Mocking key press: S
14:40:08.607 [JavaFX Application Thread] DEBUG Input                - Mocking key release: S
14:40:08.840 [JavaFX Application Thread] DEBUG Input                - Mocking key press: W
14:40:09.413 [JavaFX Application Thread] DEBUG Input                - Mocking key release: W
14:40:11.276 [JavaFX Application Thread] DEBUG Input                - Mocking key press: S
14:40:11.924 [JavaFX Application Thread] DEBUG Input                - Mocking key release: S
14:40:12.424 [JavaFX Application Thread] DEBUG Input                - Mocking key press: S
14:40:13.060 [JavaFX Application Thread] DEBUG Input                - Mocking key release: S
14:40:14.837 [JavaFX Application Thread] DEBUG Input                - Mocking key press: W
14:40:14.983 [JavaFX Application Thread] DEBUG Input                - Mocking key release: W
14:40:15.000 [JavaFX Application Thread] DEBUG Input                - Mocking key press: W
14:40:15.200 [JavaFX Application Thread] DEBUG Input                - Mocking key release: W
14:40:15.494 [JavaFX Application Thread] DEBUG Input                - Mocking key press: W
14:40:15.712 [JavaFX Application Thread] DEBUG Input                - Mocking key release: W
14:40:16.195 [JavaFX Application Thread] DEBUG Input                - Mocking key press: W
14:40:16.551 [JavaFX Application Thread] DEBUG Input                - Mocking key release: W
14:40:17.986 [JavaFX Application Thread] DEBUG Input                - Mocking key press: W
14:40:18.399 [JavaFX Application Thread] DEBUG Input                - Mocking key release: W
14:40:19.198 [JavaFX Application Thread] DEBUG Input                - Mocking key press: S
14:40:19.575 [JavaFX Application Thread] DEBUG Input                - Mocking key release: S
14:40:20.456 [JavaFX Application Thread] DEBUG Input                - Mocking key press: S
14:40:21.301 [JavaFX Application Thread] DEBUG Input                - Mocking key release: S
14:40:21.535 [JavaFX Application Thread] DEBUG Input                - Mocking key press: W
14:40:21.734 [JavaFX Application Thread] DEBUG Input                - Mocking key release: W
14:40:22.385 [JavaFX Application Thread] DEBUG Input                - Mocking key press: W
14:40:23.102 [JavaFX Application Thread] DEBUG Input                - Mocking key release: W
14:40:23.686 [JavaFX Application Thread] DEBUG Input                - Mocking key press: S
14:40:23.927 [JavaFX Application Thread] DEBUG Input                - Mocking key release: S
14:40:24.233 [JavaFX Application Thread] DEBUG Input                - Mocking key press: S
14:40:24.554 [JavaFX Application Thread] DEBUG Input                - Mocking key release: S
14:40:24.838 [JavaFX Application Thread] DEBUG Input                - Mocking key press: S
14:40:24.991 [JavaFX Application Thread] DEBUG Input                - Mocking key release: S
14:40:25.388 [JavaFX Application Thread] DEBUG Input                - Mocking key press: W
14:40:26.162 [JavaFX Application Thread] DEBUG Input                - Mocking key release: W
14:40:27.841 [JavaFX Application Thread] DEBUG Input                - Mocking key press: S
14:40:28.182 [JavaFX Application Thread] DEBUG Input                - Mocking key release: S
14:40:28.658 [JavaFX Application Thread] DEBUG Input                - Mocking key press: W
14:40:28.741 [JavaFX Application Thread] DEBUG Input                - Mocking key release: W
14:40:29.191 [JavaFX Application Thread] DEBUG Input                - Mocking key press: S
14:40:29.392 [JavaFX Application Thread] DEBUG Input                - Mocking key release: S
14:40:30.743 [JavaFX Application Thread] DEBUG Input                - Mocking key press: S
14:40:30.900 [JavaFX Application Thread] DEBUG Input                - Mocking key release: S
14:40:31.677 [JavaFX Application Thread] DEBUG Input                - Mocking key press: S
14:40:32.228 [JavaFX Application Thread] DEBUG Input                - Mocking key release: S
14:40:32.595 [JavaFX Application Thread] DEBUG Input                - Mocking key press: W
14:40:33.113 [JavaFX Application Thread] DEBUG Input                - Mocking key release: W
14:40:33.130 [JavaFX Application Thread] DEBUG Input                - Mocking key press: S
14:40:33.863 [JavaFX Application Thread] DEBUG Input                - Mocking key release: S
14:40:36.307 [JavaFX Application Thread] DEBUG Input                - Mocking key press: W
14:40:37.416 [JavaFX Application Thread] DEBUG Input                - Mocking key release: W
14:40:41.588 [JavaFX Application Thread] DEBUG Input                - Mocking key press: S
14:40:42.038 [JavaFX Application Thread] DEBUG Input                - Mocking key release: S
14:40:42.181 [JavaFX Application Thread] DEBUG Input                - Mocking key press: S
14:40:42.757 [JavaFX Application Thread] DEBUG Input                - Mocking key release: S
14:40:43.942 [JavaFX Application Thread] DEBUG Input                - Mocking key press: W
14:40:44.774 [JavaFX Application Thread] DEBUG Input                - Mocking key release: W
14:40:45.112 [JavaFX Application Thread] DEBUG Input                - Mocking key press: S
14:40:46.108 [JavaFX Application Thread] DEBUG Input                - Mocking key release: S
14:40:46.142 [JavaFX Application Thread] DEBUG Input                - Mocking key press: W
14:40:46.827 [JavaFX Application Thread] DEBUG Input                - Mocking key release: W
14:40:46.977 [JavaFX Application Thread] DEBUG Input                - Mocking key press: S
14:40:47.600 [JavaFX Application Thread] DEBUG Input                - Mocking key release: S
14:40:47.710 [JavaFX Application Thread] DEBUG Input                - Mocking key press: W
14:40:48.344 [JavaFX Application Thread] DEBUG Input                - Mocking key press: S
14:40:48.361 [JavaFX Application Thread] DEBUG Input                - Mocking key release: W
14:40:48.844 [JavaFX Application Thread] DEBUG Input                - Mocking key press: W
14:40:48.896 [JavaFX Application Thread] DEBUG Input                - Mocking key release: S
14:40:49.396 [JavaFX Application Thread] DEBUG Input                - Mocking key release: W
14:40:49.513 [JavaFX Application Thread] DEBUG Input                - Mocking key press: S
14:40:50.343 [JavaFX Application Thread] DEBUG Input                - Mocking key release: S
14:40:50.398 [JavaFX Application Thread] DEBUG Input                - Mocking key press: W
14:40:50.793 [JavaFX Application Thread] DEBUG Input                - Mocking key release: W
14:56:25.092 [Thread-4                 ] DEBUG Endpoint             - TCPServer opening new connection (6) from /127.0.0.1:63346 type: class java.lang.String
14:56:25.092 [Thread-4                 ] DEBUG Endpoint             - TCPServer successfully opened connection (6)
14:56:25.093 [TCPServer_SendThread-6   ] DEBUG Writers              - Getting TCPMessageWriter for class java.lang.String
14:56:25.093 [TCPServer_RecvThread-6   ] DEBUG Readers              - Getting TCPMessageReader for class java.lang.String
14:56:25.093 [TCPServer_SendThread-6   ] DEBUG Writers              - Constructed TCPMessageWriter for class java.lang.String: MessageWriterS
14:56:25.093 [TCPServer_RecvThread-6   ] DEBUG Readers              - Constructed MessageReader for class java.lang.String: MessageReaderS
14:56:27.829 [JavaFX Application Thread] DEBUG Input                - Mocking key press: W
14:56:27.910 [JavaFX Application Thread] DEBUG Input                - Mocking key release: W
14:56:29.879 [JavaFX Application Thread] DEBUG Input                - Mocking key press: S
14:56:30.081 [JavaFX Application Thread] DEBUG Input                - Mocking key release: S
14:56:30.228 [JavaFX Application Thread] DEBUG Input                - Mocking key press: W
14:56:30.579 [JavaFX Application Thread] DEBUG Input                - Mocking key release: W
14:56:30.805 [JavaFX Application Thread] DEBUG Input                - Mocking key press: S
14:56:30.950 [JavaFX Application Thread] DEBUG Input                - Mocking key release: S
14:56:31.280 [JavaFX Application Thread] DEBUG Input                - Mocking key press: W
14:56:32.364 [JavaFX Application Thread] DEBUG Input                - Mocking key release: W
14:56:32.758 [JavaFX Application Thread] DEBUG Input                - Mocking key press: S
14:56:33.550 [JavaFX Application Thread] DEBUG Input                - Mocking key release: S
14:56:36.168 [JavaFX Application Thread] DEBUG Input                - Mocking key press: W
14:56:36.358 [JavaFX Application Thread] DEBUG Input                - Mocking key release: W
14:56:36.968 [JavaFX Application Thread] DEBUG Input                - Mocking key press: W
14:56:37.238 [JavaFX Application Thread] DEBUG Input                - Mocking key release: W
14:56:38.553 [JavaFX Application Thread] DEBUG Input                - Mocking key press: S
14:56:39.321 [JavaFX Application Thread] DEBUG Input                - Mocking key release: S
14:56:39.511 [JavaFX Application Thread] DEBUG Input                - Mocking key press: W
14:56:39.989 [JavaFX Application Thread] DEBUG Input                - Mocking key release: W
14:56:40.193 [JavaFX Application Thread] DEBUG Input                - Mocking key press: W
14:56:40.322 [JavaFX Application Thread] DEBUG Input                - Mocking key release: W
14:56:40.916 [JavaFX Application Thread] DEBUG Input                - Mocking key press: W
14:56:41.276 [JavaFX Application Thread] DEBUG Input                - Mocking key release: W
14:56:41.573 [JavaFX Application Thread] DEBUG Input                - Mocking key press: S
14:56:42.107 [JavaFX Application Thread] DEBUG Input                - Mocking key press: W
14:56:42.124 [JavaFX Application Thread] DEBUG Input                - Mocking key release: S
14:56:42.325 [JavaFX Application Thread] DEBUG Input                - Mocking key release: W
14:56:42.520 [JavaFX Application Thread] DEBUG Input                - Mocking key press: S
14:56:43.225 [JavaFX Application Thread] DEBUG Input                - Mocking key release: S
14:56:43.352 [JavaFX Application Thread] DEBUG Input                - Mocking key press: W
14:56:43.559 [JavaFX Application Thread] DEBUG Input                - Mocking key release: W
14:56:43.876 [JavaFX Application Thread] DEBUG Input                - Mocking key press: W
14:56:44.053 [JavaFX Application Thread] DEBUG Input                - Mocking key release: W
14:56:44.243 [JavaFX Application Thread] DEBUG Input                - Mocking key press: W
14:56:44.326 [JavaFX Application Thread] DEBUG Input                - Mocking key release: W
14:56:44.413 [JavaFX Application Thread] DEBUG Input                - Mocking key press: W
14:56:44.693 [JavaFX Application Thread] DEBUG Input                - Mocking key release: W
14:57:02.813 [Thread-4                 ] DEBUG Endpoint             - TCPServer opening new connection (7) from /127.0.0.1:63348 type: class java.lang.String
14:57:02.813 [Thread-4                 ] DEBUG Endpoint             - TCPServer successfully opened connection (7)
14:57:02.813 [TCPServer_SendThread-7   ] DEBUG Writers              - Getting TCPMessageWriter for class java.lang.String
14:57:02.813 [TCPServer_SendThread-7   ] DEBUG Writers              - Constructed TCPMessageWriter for class java.lang.String: MessageWriterS
14:57:02.813 [TCPServer_RecvThread-7   ] DEBUG Readers              - Getting TCPMessageReader for class java.lang.String
14:57:02.814 [TCPServer_RecvThread-7   ] DEBUG Readers              - Constructed MessageReader for class java.lang.String: MessageReaderS
14:57:04.430 [JavaFX Application Thread] DEBUG Input                - Mocking key press: W
14:57:04.597 [JavaFX Application Thread] DEBUG Input                - Mocking key release: W
14:57:05.383 [JavaFX Application Thread] DEBUG Input                - Mocking key press: S
14:57:05.581 [JavaFX Application Thread] DEBUG Input                - Mocking key release: S
14:57:06.582 [JavaFX Application Thread] DEBUG Input                - Mocking key press: S
14:57:07.458 [JavaFX Application Thread] DEBUG Input                - Mocking key release: S
14:57:07.512 [JavaFX Application Thread] DEBUG Input                - Mocking key press: W
14:57:07.585 [JavaFX Application Thread] DEBUG Input                - Mocking key release: W
14:57:38.365 [JavaFX Application Thread] DEBUG FXGLApplication      - Exiting FXGL
14:57:38.365 [JavaFX Application Thread] DEBUG LoopRunner           - Stopping loop
14:57:38.365 [JavaFX Application Thread] DEBUG SystemBundleService  - Saving FXGL system data
14:57:38.366 [JavaFX Application Thread] DEBUG FileSystemAccess     - Writing to: C:\Users\1991e\OneDrive\Documents\CI628 Multiplayer Development Assignment\CI628-PongServer-master\system\fxgl.bundle
14:57:38.367 [JavaFX Application Thread] DEBUG Async                - Shutting down background threads
14:57:38.368 [JavaFX Application Thread] DEBUG MainWindow           - Closing main window
14:57:38.376 [JavaFX Application Thread] DEBUG Logger               - Closing Logger
