16:07:08.751 [main                     ] DEBUG Logger               - Configured Logger
16:07:08.772 [main                     ] DEBUG GameApplication      - Logging settings
Title: Pong
Version: 1.0
Width: 800
Height: 600
Fullscreen: false
Intro: false
Profiling: false
Single step:false
App Mode: DEBUG
Menu Key: ESCAPE
Stage Style: DECORATED
Scene Factory: class com.almasb.fxgl.app.scene.SceneFactory

16:07:09.297 [JavaFX Application Thread] DEBUG FXGLApplication      - Initializing FXGL
16:07:09.313 [JavaFX Application Thread] INFO  Engine               - FXGL-11.11 (08.09.2020 18.00) on WINDOWS (J:15.0.2 FX:14)
16:07:09.313 [JavaFX Application Thread] DEBUG Engine               - JRE Vendor Name: Oracle Corporation
16:07:09.313 [JavaFX Application Thread] DEBUG Engine               - Running on OS: Windows 10 version 10.0
16:07:09.313 [JavaFX Application Thread] DEBUG Engine               - Architecture: amd64
16:07:09.314 [JavaFX Application Thread] INFO  Engine               - Source code and latest versions at: https://github.com/AlmasB/FXGL
16:07:09.314 [JavaFX Application Thread] INFO  Engine               -              Join the FXGL chat at: https://gitter.im/AlmasB/FXGL
16:07:09.454 [JavaFX Application Thread] DEBUG MainWindow           - Creating a JavaFX scene
16:07:09.532 [JavaFX Application Thread] DEBUG MainWindow           - Target settings size: 800.0 x 600.0
16:07:09.532 [JavaFX Application Thread] DEBUG MainWindow           - Scaled scene size:    800.0 x 600.0
16:07:09.533 [JavaFX Application Thread] DEBUG MainWindow           - Scaled ratio: (1.0, 1.0)
16:07:09.535 [JavaFX Application Thread] DEBUG MainWindow           - Set initial scene to StartupScene
16:07:09.548 [JavaFX Application Thread] DEBUG MainWindow           - Opening main window
16:07:09.695 [JavaFX Application Thread] DEBUG MainWindow           - Window border size: (14.4000244140625, 37.5999755859375)
16:07:09.695 [JavaFX Application Thread] DEBUG MainWindow           - Scaled size: 800.0 x 600.0
16:07:09.697 [JavaFX Application Thread] DEBUG MainWindow           - Scaled ratio: (1.0, 1.0)
16:07:09.697 [JavaFX Application Thread] DEBUG MainWindow           - Scene size: 800.0 x 600.0
16:07:09.698 [JavaFX Application Thread] DEBUG MainWindow           - Stage size: 814.4000244140625 x 637.5999755859375
16:07:09.765 [FXGL Background Thread 1 ] DEBUG Engine               - Initializing environment variables
16:07:09.809 [FXGL Background Thread 1 ] DEBUG GameApplicationServi - Applying CSS: fxgl_dark.css
16:07:09.810 [FXGL Background Thread 1 ] DEBUG FXGLAssetLoaderServi - Loading from file system: /assets/ui/css/fxgl_dark.css
16:07:09.920 [FXGL Background Thread 1 ] DEBUG GameApplicationServi - Initializing application scenes
16:07:10.061 [FXGL Background Thread 1 ] DEBUG GameWorld            - Game world initialized
16:07:10.170 [FXGL Background Thread 1 ] DEBUG PhysicsWorld         - Physics world initialized: appHeight=600, physics.ppm=50.0
16:07:10.173 [FXGL Background Thread 1 ] DEBUG GameScene            - Game scene initialized: 800x600
16:07:10.222 [FXGL Background Thread 1 ] DEBUG FXGLAssetLoaderServi - Loading from file system: /assets/textures/particles/trace_horizontal.png
16:07:10.312 [FXGL Background Thread 1 ] DEBUG FXGL.DefaultMenu     - createMenuBodyGameMenu()
16:07:10.341 [FXGL Background Thread 1 ] DEBUG FXGL.DefaultMenu     - createOptionsMenu()
16:07:10.351 [FXGL Background Thread 1 ] DEBUG FXGLAssetLoaderServi - Loading from file system: /assets/textures/particles/smoke.png
16:07:10.451 [FXGL Background Thread 1 ] DEBUG GameApplicationServi - Application scenes initialized
16:07:10.465 [FXGL Background Thread 1 ] DEBUG SystemBundleService  - Loading FXGL system data
16:07:10.471 [FXGL Background Thread 1 ] DEBUG FileSystemAccess     - Reading from: C:\Users\1991e\Documents\.multiplayer assignment\CI628-PongServer-master\system\fxgl.bundle
16:07:10.486 [FXGL Background Thread 1 ] DEBUG SystemBundleService  - Bundle FXGL: {}
16:07:10.487 [FXGL Background Thread 1 ] DEBUG UpdaterService       - Checking for updates
16:07:10.499 [FXGL Background Thread 1 ] DEBUG FXGLApplication      - Loading default localization
16:07:10.499 [FXGL Background Thread 1 ] DEBUG FXGLAssetLoaderServi - Loading from file system: /assets/languages/english.lang
16:07:10.547 [FXGL Background Thread 1 ] INFO  FXGLApplication      - FXGL initialization took: 0.780 sec
16:07:10.563 [FXGL Background Thread 4 ] DEBUG FXGLApplication      - Loading fonts
16:07:10.563 [FXGL Background Thread 4 ] DEBUG FXGLAssetLoaderServi - Loading from file system: /assets/ui/fonts/pong.ttf
16:07:10.565 [JavaFX Application Thread] DEBUG Input                - Registered new binding: Up1 - W
16:07:10.569 [JavaFX Application Thread] DEBUG Input                - Registered new binding: Down1 - S
16:07:10.569 [JavaFX Application Thread] DEBUG Input                - Registered new binding: Up2 - I
16:07:10.570 [JavaFX Application Thread] DEBUG Input                - Registered new binding: Down2 - K
16:07:10.570 [JavaFX Application Thread] DEBUG FXGLAssetLoaderServi - Loading from file system: /assets/textures/fxgl_icon.png
16:07:10.602 [JavaFX Application Thread] DEBUG FXGLAssetLoaderServi - Loading from file system: /assets/ui/cursors/fxgl_default.png
16:07:10.621 [JavaFX Application Thread] DEBUG Input                - Registered new binding: Screenshot - P
16:07:10.624 [JavaFX Application Thread] DEBUG Input                - Registered new binding: System info dump - CTRL+9
16:07:10.625 [JavaFX Application Thread] DEBUG Input                - Registered new binding: Restart - CTRL+R
16:07:10.626 [JavaFX Application Thread] DEBUG Input                - Registered new binding: Toggle Debug Camera - CTRL+C
16:07:10.630 [JavaFX Application Thread] DEBUG LoopRunner           - Starting loop
16:07:10.632 [JavaFX Application Thread] DEBUG GameApplicationServi - Starting new game
16:07:10.633 [JavaFX Application Thread] DEBUG Input                - Clearing active input actions
16:07:10.737 [JavaFX Application Thread] DEBUG GameApplicationServi - Removing overlay from StartupScene and adding to FXGLLoadingScene
16:07:10.741 [JavaFX Application Thread] DEBUG MainWindow           - StartupScene -> FXGLLoadingScene
16:07:10.776 [JavaFX Application Thread] DEBUG GameApplicationServi - Clearing previous game
16:07:10.784 [JavaFX Application Thread] DEBUG GameScene            - Clearing game scene
16:07:10.785 [JavaFX Application Thread] DEBUG GameWorld            - Clearing game world
16:07:10.787 [JavaFX Application Thread] DEBUG PhysicsWorld         - Clearing physics world
16:07:10.987 [FXGL Background Thread 1 ] DEBUG FXGLApplication      - Initializing game
16:07:11.144 [FXGL Background Thread 1 ] DEBUG FXGLAssetLoaderServi - Loading from file system: /assets/ui/main.fxml
16:07:11.166 [Thread-3                 ] DEBUG TCPServer            - Starting to listen at: 55555 type: class java.lang.String
16:07:11.775 [FXGL Background Thread 4 ] DEBUG FXGLAssetLoaderServi - Loading from file system: /assets/ui/fonts/Abel-Regular.ttf
16:07:11.783 [FXGL Background Thread 1 ] INFO  FXGLApplication      - Game initialization took: 0.795 sec
16:07:11.801 [FXGL Background Thread 4 ] DEBUG FXGLAssetLoaderServi - Loading from file system: /assets/ui/fonts/lucida_console.ttf
16:07:11.807 [JavaFX Application Thread] DEBUG Input                - Clearing active input actions
16:07:11.823 [JavaFX Application Thread] DEBUG GameApplicationServi - Removing overlay from FXGLLoadingScene and adding to GameScene
16:07:11.823 [JavaFX Application Thread] DEBUG MainWindow           - FXGLLoadingScene -> GameScene
16:07:12.010 [FXGL Background Thread 4 ] DEBUG FXGLAssetLoaderServi - Loading from file system: /assets/ui/fonts/Courier-Prime.ttf
16:07:12.044 [JavaFX Application Thread] DEBUG FXGLApplication      - Registering font factories with UI factory
16:07:13.018 [FXGL Background Thread 2 ] INFO  UpdaterService       - Your current version:  11.11
16:07:13.019 [FXGL Background Thread 2 ] INFO  UpdaterService       - Latest stable version: 17+dev-SNAPSHOT
16:07:13.602 [FXGL Background Thread 3 ] DEBUG Engine               - Logging environment variables
16:07:13.604 [FXGL Background Thread 3 ] DEBUG Engine               - achievements: []
16:07:13.604 [FXGL Background Thread 3 ] DEBUG Engine               - appIcon: fxgl_icon.png
16:07:13.644 [FXGL Background Thread 3 ] DEBUG Engine               - applicationMode: DEBUG
16:07:13.647 [FXGL Background Thread 3 ] DEBUG Engine               - cSSList: [fxgl_dark.css]
16:07:13.653 [FXGL Background Thread 3 ] DEBUG Engine               - configClass: Optional.empty
16:07:13.654 [FXGL Background Thread 3 ] DEBUG Engine               - credits: []
16:07:13.655 [FXGL Background Thread 3 ] DEBUG Engine               - devBBoxColorProperty: ObjectProperty [value: 0xff0000ff]
16:07:13.656 [FXGL Background Thread 3 ] DEBUG Engine               - devEnableDebugCameraProperty: BooleanProperty [value: false]
16:07:13.660 [FXGL Background Thread 3 ] DEBUG Engine               - devSensorColorProperty: ObjectProperty [value: 0xffff00ff]
16:07:13.661 [FXGL Background Thread 3 ] DEBUG Engine               - devShowBBoxProperty: BooleanProperty [value: false]
16:07:13.661 [FXGL Background Thread 3 ] DEBUG Engine               - devShowPositionProperty: BooleanProperty [value: false]
16:07:13.662 [FXGL Background Thread 3 ] DEBUG Engine               - enabledMenuItems: []
16:07:13.667 [FXGL Background Thread 3 ] DEBUG Engine               - engineServices: [class com.almasb.fxgl.app.FXGLApplication$GameApplicationService, class com.almasb.fxgl.app.services.FXGLDialogService, class com.almasb.fxgl.app.services.IOTaskExecutorService, class com.almasb.fxgl.event.EventBusService, class com.almasb.fxgl.io.FileSystemService, class com.almasb.fxgl.localization.LocalizationService, class com.almasb.fxgl.app.services.FXGLAssetLoaderService, class com.almasb.fxgl.app.services.SystemBundleService, class com.almasb.fxgl.profile.SaveLoadService, class com.almasb.fxgl.ui.FXGLUIFactoryServiceProvider, class com.almasb.fxgl.ui.FXGLDialogFactoryServiceProvider, class com.almasb.fxgl.audio.AudioPlayer, class com.almasb.fxgl.notification.impl.NotificationServiceProvider, class com.almasb.fxgl.achievement.AchievementService, class com.almasb.fxgl.cutscene.CutsceneService, class com.almasb.fxgl.minigames.MiniGameService, class com.almasb.fxgl.net.NetService, class com.almasb.fxgl.app.services.UpdaterService, class com.almasb.fxgl.dev.DevService]
16:07:13.668 [FXGL Background Thread 3 ] DEBUG Engine               - fontGame: Abel-Regular.ttf
16:07:13.668 [FXGL Background Thread 3 ] DEBUG Engine               - fontMono: lucida_console.ttf
16:07:13.669 [FXGL Background Thread 3 ] DEBUG Engine               - fontText: Courier-Prime.ttf
16:07:13.669 [FXGL Background Thread 3 ] DEBUG Engine               - fontUI: pong.ttf
16:07:13.669 [FXGL Background Thread 3 ] DEBUG Engine               - fullScreen: BooleanProperty [value: false]
16:07:13.669 [FXGL Background Thread 3 ] DEBUG Engine               - gameDifficulty: MEDIUM
16:07:13.670 [FXGL Background Thread 3 ] DEBUG Engine               - gameDifficultyProperty: ObjectProperty [value: MEDIUM]
16:07:13.673 [FXGL Background Thread 3 ] DEBUG Engine               - globalMusicVolume: 0.5
16:07:13.674 [FXGL Background Thread 3 ] DEBUG Engine               - globalMusicVolumeProperty: DoubleProperty [value: 0.5]
16:07:13.674 [FXGL Background Thread 3 ] DEBUG Engine               - globalSoundVolume: 0.5
16:07:13.674 [FXGL Background Thread 3 ] DEBUG Engine               - globalSoundVolumeProperty: DoubleProperty [value: 0.5]
16:07:13.675 [FXGL Background Thread 3 ] DEBUG Engine               - height: 600
16:07:13.675 [FXGL Background Thread 3 ] DEBUG Engine               - isAndroid: false
16:07:13.675 [FXGL Background Thread 3 ] DEBUG Engine               - isBrowser: false
16:07:13.676 [FXGL Background Thread 3 ] DEBUG Engine               - isClickFeedbackEnabled: false
16:07:13.677 [FXGL Background Thread 3 ] DEBUG Engine               - isCloseConfirmation: false
16:07:13.678 [FXGL Background Thread 3 ] DEBUG Engine               - isDesktop: true
16:07:13.690 [FXGL Background Thread 3 ] DEBUG Engine               - isDeveloperMenuEnabled: false
16:07:13.690 [FXGL Background Thread 3 ] DEBUG Engine               - isEntityPreloadEnabled: true
16:07:13.691 [FXGL Background Thread 3 ] DEBUG Engine               - isExperimentalNative: false
16:07:13.691 [FXGL Background Thread 3 ] DEBUG Engine               - isExperimentalTiledLargeMap: false
16:07:13.699 [FXGL Background Thread 3 ] DEBUG Engine               - isFileSystemWriteAllowed: true
16:07:13.699 [FXGL Background Thread 3 ] DEBUG Engine               - isFullScreenAllowed: false
16:07:13.700 [FXGL Background Thread 3 ] DEBUG Engine               - isFullScreenFromStart: false
16:07:13.701 [FXGL Background Thread 3 ] DEBUG Engine               - isGameMenuEnabled: true
16:07:13.706 [FXGL Background Thread 3 ] DEBUG Engine               - isIOS: false
16:07:13.706 [FXGL Background Thread 3 ] DEBUG Engine               - isIntroEnabled: false
16:07:13.707 [FXGL Background Thread 3 ] DEBUG Engine               - isLinux: false
16:07:13.708 [FXGL Background Thread 3 ] DEBUG Engine               - isMac: false
16:07:13.708 [FXGL Background Thread 3 ] DEBUG Engine               - isMainMenuEnabled: false
16:07:13.712 [FXGL Background Thread 3 ] DEBUG Engine               - isManualResizeEnabled: false
16:07:13.723 [FXGL Background Thread 3 ] DEBUG Engine               - isMobile: false
16:07:13.723 [FXGL Background Thread 3 ] DEBUG Engine               - isPreserveResizeRatio: false
16:07:13.734 [FXGL Background Thread 3 ] DEBUG Engine               - isProfilingEnabled: false
16:07:13.735 [FXGL Background Thread 3 ] DEBUG Engine               - isSingleStep: false
16:07:13.747 [FXGL Background Thread 3 ] DEBUG Engine               - isUserProfileEnabled: false
16:07:13.748 [FXGL Background Thread 3 ] DEBUG Engine               - isWindows: true
16:07:13.748 [FXGL Background Thread 3 ] DEBUG Engine               - language: ObjectProperty [value: ENGLISH]
16:07:13.748 [FXGL Background Thread 3 ] DEBUG Engine               - menuKey: ESCAPE
16:07:13.749 [FXGL Background Thread 3 ] DEBUG Engine               - notificationViewClass: class com.almasb.fxgl.notification.view.XboxNotificationView
16:07:13.749 [FXGL Background Thread 3 ] DEBUG Engine               - pixelsPerMeter: 50.0
16:07:13.751 [FXGL Background Thread 3 ] DEBUG Engine               - platform: WINDOWS
16:07:13.751 [FXGL Background Thread 3 ] DEBUG Engine               - profileDir: profiles/
16:07:13.753 [FXGL Background Thread 3 ] DEBUG Engine               - profileName: StringProperty [value: DEFAULT]
16:07:13.753 [FXGL Background Thread 3 ] DEBUG Engine               - randomSeed: -1
16:07:13.754 [FXGL Background Thread 3 ] DEBUG Engine               - runtimeInfo: RuntimeInfo(platform=WINDOWS, version=11.11, build=08.09.2020 18.00)
16:07:13.754 [FXGL Background Thread 3 ] DEBUG Engine               - saveFileExt: sav
16:07:13.754 [FXGL Background Thread 3 ] DEBUG Engine               - sceneFactory: com.almasb.fxgl.app.scene.SceneFactory@3be316cd
16:07:13.754 [FXGL Background Thread 3 ] DEBUG Engine               - secondsIn24h: 60
16:07:13.755 [FXGL Background Thread 3 ] DEBUG Engine               - soundMenuBack: menu/back.wav
16:07:13.755 [FXGL Background Thread 3 ] DEBUG Engine               - soundMenuPress: menu/press.wav
16:07:13.755 [FXGL Background Thread 3 ] DEBUG Engine               - soundMenuSelect: menu/select.wav
16:07:13.755 [FXGL Background Thread 3 ] DEBUG Engine               - soundNotification: core/notification.wav
16:07:13.756 [FXGL Background Thread 3 ] DEBUG Engine               - stageStyle: DECORATED
16:07:13.756 [FXGL Background Thread 3 ] DEBUG Engine               - supportedLanguages: [ENGLISH, FRENCH, GERMAN, HUNGARIAN, RUSSIAN]
16:07:13.756 [FXGL Background Thread 3 ] DEBUG Engine               - title: Pong
16:07:13.756 [FXGL Background Thread 3 ] DEBUG Engine               - urlGithub: https://github.com/AlmasB/FXGL
16:07:13.756 [FXGL Background Thread 3 ] DEBUG Engine               - urlLeaderboard: http://fxgl-top.herokuapp.com/
16:07:13.756 [FXGL Background Thread 3 ] DEBUG Engine               - urlPOM: https://raw.githubusercontent.com/AlmasB/FXGL/master/pom.xml
16:07:13.757 [FXGL Background Thread 3 ] DEBUG Engine               - version: 1.0
16:07:13.757 [FXGL Background Thread 3 ] DEBUG Engine               - versionCheckDays: 7
16:07:13.757 [FXGL Background Thread 3 ] DEBUG Engine               - width: 800
16:07:13.757 [FXGL Background Thread 3 ] DEBUG Engine               - Logging services
16:07:13.758 [FXGL Background Thread 3 ] DEBUG Engine               - class com.almasb.fxgl.app.FXGLApplication$GameApplicationService
16:07:13.758 [FXGL Background Thread 3 ] DEBUG Engine               - class com.almasb.fxgl.app.services.FXGLDialogService
16:07:13.758 [FXGL Background Thread 3 ] DEBUG Engine               - class com.almasb.fxgl.app.services.IOTaskExecutorService
16:07:13.761 [FXGL Background Thread 3 ] DEBUG Engine               - class com.almasb.fxgl.event.EventBusService
16:07:13.761 [FXGL Background Thread 3 ] DEBUG Engine               - class com.almasb.fxgl.io.FileSystemService
16:07:13.761 [FXGL Background Thread 3 ] DEBUG Engine               - class com.almasb.fxgl.localization.LocalizationService
16:07:13.761 [FXGL Background Thread 3 ] DEBUG Engine               - class com.almasb.fxgl.app.services.FXGLAssetLoaderService
16:07:13.763 [FXGL Background Thread 3 ] DEBUG Engine               - class com.almasb.fxgl.app.services.SystemBundleService
16:07:13.763 [FXGL Background Thread 3 ] DEBUG Engine               - class com.almasb.fxgl.profile.SaveLoadService
16:07:13.764 [FXGL Background Thread 3 ] DEBUG Engine               - class com.almasb.fxgl.ui.FXGLUIFactoryServiceProvider
16:07:13.764 [FXGL Background Thread 3 ] DEBUG Engine               - class com.almasb.fxgl.ui.FXGLDialogFactoryServiceProvider
16:07:13.764 [FXGL Background Thread 3 ] DEBUG Engine               - class com.almasb.fxgl.audio.AudioPlayer
16:07:13.764 [FXGL Background Thread 3 ] DEBUG Engine               - class com.almasb.fxgl.notification.impl.NotificationServiceProvider
16:07:13.765 [FXGL Background Thread 3 ] DEBUG Engine               - class com.almasb.fxgl.achievement.AchievementService
16:07:13.765 [FXGL Background Thread 3 ] DEBUG Engine               - class com.almasb.fxgl.cutscene.CutsceneService
16:07:13.765 [FXGL Background Thread 3 ] DEBUG Engine               - class com.almasb.fxgl.minigames.MiniGameService
16:07:13.781 [FXGL Background Thread 3 ] DEBUG Engine               - class com.almasb.fxgl.net.NetService
16:07:13.782 [FXGL Background Thread 3 ] DEBUG Engine               - class com.almasb.fxgl.app.services.UpdaterService
16:07:13.782 [FXGL Background Thread 3 ] DEBUG Engine               - class com.almasb.fxgl.dev.DevService
16:07:23.733 [Thread-3                 ] DEBUG Endpoint             - TCPServer opening new connection (1) from /127.0.0.1:62250 type: class java.lang.String
16:07:23.734 [Thread-3                 ] DEBUG Endpoint             - TCPServer successfully opened connection (1)
16:07:23.737 [TCPServer_SendThread-1   ] DEBUG Writers              - Getting TCPMessageWriter for class java.lang.String
16:07:23.784 [TCPServer_SendThread-1   ] DEBUG Writers              - Constructed TCPMessageWriter for class java.lang.String: MessageWriterS
16:07:23.797 [TCPServer_RecvThread-1   ] DEBUG Readers              - Getting TCPMessageReader for class java.lang.String
16:07:23.838 [TCPServer_RecvThread-1   ] DEBUG Readers              - Constructed MessageReader for class java.lang.String: MessageReaderS
16:07:25.745 [JavaFX Application Thread] DEBUG Input                - Mocking key press: S
16:07:25.954 [JavaFX Application Thread] DEBUG Input                - Mocking key release: S
16:07:26.236 [JavaFX Application Thread] DEBUG Input                - Mocking key press: W
16:07:26.375 [JavaFX Application Thread] DEBUG Input                - Mocking key release: W
16:07:27.380 [JavaFX Application Thread] DEBUG Input                - Mocking key press: S
16:07:27.579 [JavaFX Application Thread] DEBUG Input                - Mocking key press: W
16:07:27.580 [JavaFX Application Thread] DEBUG Input                - Mocking key release: S
16:07:27.760 [JavaFX Application Thread] DEBUG Input                - Mocking key release: W
16:07:27.925 [JavaFX Application Thread] DEBUG Input                - Mocking key press: S
16:07:28.108 [JavaFX Application Thread] DEBUG Input                - Mocking key press: W
16:07:28.127 [JavaFX Application Thread] DEBUG Input                - Mocking key release: S
16:07:28.250 [JavaFX Application Thread] DEBUG Input                - Mocking key press: S
16:07:28.269 [JavaFX Application Thread] DEBUG Input                - Mocking key release: W
16:07:28.365 [JavaFX Application Thread] DEBUG Input                - Mocking key release: S
16:21:55.482 [Thread-3                 ] DEBUG Endpoint             - TCPServer opening new connection (2) from /127.0.0.1:57932 type: class java.lang.String
16:21:55.483 [Thread-3                 ] DEBUG Endpoint             - TCPServer successfully opened connection (2)
16:21:55.484 [TCPServer_SendThread-2   ] DEBUG Writers              - Getting TCPMessageWriter for class java.lang.String
16:21:55.485 [TCPServer_SendThread-2   ] DEBUG Writers              - Constructed TCPMessageWriter for class java.lang.String: MessageWriterS
16:21:55.485 [TCPServer_RecvThread-2   ] DEBUG Readers              - Constructed MessageReader for class java.lang.String: MessageReaderS
16:21:56.456 [JavaFX Application Thread] DEBUG Input                - Mocking key press: W
16:21:57.072 [JavaFX Application Thread] DEBUG Input                - Mocking key release: W
16:21:57.705 [JavaFX Application Thread] DEBUG Input                - Mocking key press: S
16:21:58.189 [JavaFX Application Thread] DEBUG Input                - Mocking key release: S
16:21:58.640 [JavaFX Application Thread] DEBUG Input                - Mocking key press: W
16:21:59.091 [JavaFX Application Thread] DEBUG Input                - Mocking key release: W
16:22:00.723 [JavaFX Application Thread] DEBUG Input                - Mocking key press: S
16:22:01.221 [JavaFX Application Thread] DEBUG Input                - Mocking key release: S
16:22:05.470 [JavaFX Application Thread] DEBUG Input                - Mocking key press: S
16:22:05.594 [JavaFX Application Thread] DEBUG Input                - Mocking key press: W
16:22:05.653 [JavaFX Application Thread] DEBUG Input                - Mocking key release: S
16:22:06.056 [JavaFX Application Thread] DEBUG Input                - Mocking key release: W
16:22:06.170 [JavaFX Application Thread] DEBUG Input                - Mocking key press: S
16:22:06.321 [JavaFX Application Thread] DEBUG Input                - Mocking key press: W
16:22:06.346 [JavaFX Application Thread] DEBUG Input                - Mocking key release: S
16:22:06.442 [JavaFX Application Thread] DEBUG Input                - Mocking key press: S
16:22:06.503 [JavaFX Application Thread] DEBUG Input                - Mocking key release: W
16:22:06.563 [JavaFX Application Thread] DEBUG Input                - Mocking key press: W
16:22:06.591 [JavaFX Application Thread] DEBUG Input                - Mocking key release: S
16:22:06.672 [JavaFX Application Thread] DEBUG Input                - Mocking key press: S
16:22:06.705 [JavaFX Application Thread] DEBUG Input                - Mocking key release: W
16:22:06.794 [JavaFX Application Thread] DEBUG Input                - Mocking key press: W
16:22:06.829 [JavaFX Application Thread] DEBUG Input                - Mocking key release: S
16:22:06.891 [JavaFX Application Thread] DEBUG Input                - Mocking key press: S
16:22:06.953 [JavaFX Application Thread] DEBUG Input                - Mocking key release: W
16:22:07.009 [JavaFX Application Thread] DEBUG Input                - Mocking key press: W
16:22:07.056 [JavaFX Application Thread] DEBUG Input                - Mocking key release: S
16:22:07.136 [JavaFX Application Thread] DEBUG Input                - Mocking key press: S
16:22:07.162 [JavaFX Application Thread] DEBUG Input                - Mocking key release: W
16:22:07.223 [JavaFX Application Thread] DEBUG Input                - Mocking key press: W
16:22:07.265 [JavaFX Application Thread] DEBUG Input                - Mocking key release: S
16:22:07.356 [JavaFX Application Thread] DEBUG Input                - Mocking key press: S
16:22:07.375 [JavaFX Application Thread] DEBUG Input                - Mocking key release: W
16:22:07.645 [JavaFX Application Thread] DEBUG Input                - Mocking key press: W
16:22:07.686 [JavaFX Application Thread] DEBUG Input                - Mocking key release: S
16:22:08.187 [JavaFX Application Thread] DEBUG Input                - Mocking key release: W
16:22:09.537 [JavaFX Application Thread] DEBUG Input                - Mocking key press: S
16:22:09.921 [JavaFX Application Thread] DEBUG Input                - Mocking key release: S
16:22:19.209 [JavaFX Application Thread] DEBUG Input                - Mocking key press: S
16:22:19.501 [JavaFX Application Thread] DEBUG Input                - Mocking key release: S
16:22:19.851 [JavaFX Application Thread] DEBUG Input                - Mocking key press: W
16:22:20.020 [JavaFX Application Thread] DEBUG Input                - Mocking key release: W
16:22:20.155 [JavaFX Application Thread] DEBUG Input                - Mocking key press: S
16:22:20.405 [JavaFX Application Thread] DEBUG Input                - Mocking key release: S
16:22:20.576 [JavaFX Application Thread] DEBUG Input                - Mocking key press: W
16:22:20.733 [JavaFX Application Thread] DEBUG Input                - Mocking key release: W
16:22:29.225 [JavaFX Application Thread] DEBUG FXGLApplication      - Exiting FXGL
16:22:29.225 [JavaFX Application Thread] DEBUG LoopRunner           - Stopping loop
16:22:29.225 [JavaFX Application Thread] DEBUG SystemBundleService  - Saving FXGL system data
16:22:29.230 [JavaFX Application Thread] DEBUG FileSystemAccess     - Writing to: C:\Users\1991e\Documents\.multiplayer assignment\CI628-PongServer-master\system\fxgl.bundle
16:22:29.235 [JavaFX Application Thread] DEBUG Async                - Shutting down background threads
16:22:29.235 [JavaFX Application Thread] DEBUG MainWindow           - Closing main window
16:22:29.251 [JavaFX Application Thread] DEBUG Logger               - Closing Logger
