21:14:45.429 [main                     ] DEBUG Logger               - Configured Logger
21:14:45.450 [main                     ] DEBUG GameApplication      - Logging settings
Title: Pong
Version: 1.0
Width: 800
Height: 600
Fullscreen: false
Intro: false
Profiling: false
Single step:false
App Mode: DEBUG
Menu Key: ESCAPE
Stage Style: DECORATED
Scene Factory: class com.almasb.fxgl.app.scene.SceneFactory

21:14:45.996 [JavaFX Application Thread] DEBUG FXGLApplication      - Initializing FXGL
21:14:46.010 [JavaFX Application Thread] INFO  Engine               - FXGL-11.11 (08.09.2020 18.00) on WINDOWS (J:15.0.2 FX:14)
21:14:46.011 [JavaFX Application Thread] DEBUG Engine               - JRE Vendor Name: Oracle Corporation
21:14:46.012 [JavaFX Application Thread] DEBUG Engine               - Running on OS: Windows 10 version 10.0
21:14:46.013 [JavaFX Application Thread] DEBUG Engine               - Architecture: amd64
21:14:46.014 [JavaFX Application Thread] INFO  Engine               - Source code and latest versions at: https://github.com/AlmasB/FXGL
21:14:46.015 [JavaFX Application Thread] INFO  Engine               -              Join the FXGL chat at: https://gitter.im/AlmasB/FXGL
21:14:46.205 [JavaFX Application Thread] DEBUG MainWindow           - Creating a JavaFX scene
21:14:46.311 [JavaFX Application Thread] DEBUG MainWindow           - Target settings size: 800.0 x 600.0
21:14:46.311 [JavaFX Application Thread] DEBUG MainWindow           - Scaled scene size:    800.0 x 600.0
21:14:46.312 [JavaFX Application Thread] DEBUG MainWindow           - Scaled ratio: (1.0, 1.0)
21:14:46.313 [JavaFX Application Thread] DEBUG MainWindow           - Set initial scene to StartupScene
21:14:46.323 [JavaFX Application Thread] DEBUG MainWindow           - Opening main window
21:14:46.505 [JavaFX Application Thread] DEBUG MainWindow           - Window border size: (14.4000244140625, 37.5999755859375)
21:14:46.505 [JavaFX Application Thread] DEBUG MainWindow           - Scaled size: 800.0 x 600.0
21:14:46.506 [JavaFX Application Thread] DEBUG MainWindow           - Scaled ratio: (1.0, 1.0)
21:14:46.506 [JavaFX Application Thread] DEBUG MainWindow           - Scene size: 800.0 x 600.0
21:14:46.506 [JavaFX Application Thread] DEBUG MainWindow           - Stage size: 814.4000244140625 x 637.5999755859375
21:14:46.616 [FXGL Background Thread 1 ] DEBUG Engine               - Initializing environment variables
21:14:46.668 [FXGL Background Thread 1 ] DEBUG GameApplicationServi - Applying CSS: fxgl_dark.css
21:14:46.669 [FXGL Background Thread 1 ] DEBUG FXGLAssetLoaderServi - Loading from file system: /assets/ui/css/fxgl_dark.css
21:14:46.766 [FXGL Background Thread 1 ] DEBUG GameApplicationServi - Initializing application scenes
21:14:46.931 [FXGL Background Thread 1 ] DEBUG GameWorld            - Game world initialized
21:14:47.008 [FXGL Background Thread 1 ] DEBUG PhysicsWorld         - Physics world initialized: appHeight=600, physics.ppm=50.0
21:14:47.011 [FXGL Background Thread 1 ] DEBUG GameScene            - Game scene initialized: 800x600
21:14:47.069 [FXGL Background Thread 1 ] DEBUG FXGLAssetLoaderServi - Loading from file system: /assets/textures/particles/trace_horizontal.png
21:14:47.172 [FXGL Background Thread 1 ] DEBUG FXGL.DefaultMenu     - createMenuBodyGameMenu()
21:14:47.192 [FXGL Background Thread 1 ] DEBUG FXGL.DefaultMenu     - createOptionsMenu()
21:14:47.219 [FXGL Background Thread 1 ] DEBUG FXGLAssetLoaderServi - Loading from file system: /assets/textures/particles/smoke.png
21:14:47.295 [FXGL Background Thread 1 ] DEBUG GameApplicationServi - Application scenes initialized
21:14:47.307 [FXGL Background Thread 1 ] DEBUG SystemBundleService  - Loading FXGL system data
21:14:47.315 [FXGL Background Thread 1 ] DEBUG FileSystemAccess     - Reading from: C:\Users\1991e\Documents\.multiplayer assignment\CI628-PongServer-master\system\fxgl.bundle
21:14:47.360 [FXGL Background Thread 1 ] DEBUG SystemBundleService  - Bundle FXGL: {}
21:14:47.360 [FXGL Background Thread 1 ] DEBUG UpdaterService       - Checking for updates
21:14:47.371 [FXGL Background Thread 1 ] DEBUG FXGLApplication      - Loading default localization
21:14:47.429 [FXGL Background Thread 4 ] DEBUG FXGLApplication      - Loading fonts
21:14:47.429 [FXGL Background Thread 4 ] DEBUG FXGLAssetLoaderServi - Loading from file system: /assets/ui/fonts/pong.ttf
21:14:47.372 [FXGL Background Thread 1 ] DEBUG FXGLAssetLoaderServi - Loading from file system: /assets/languages/english.lang
21:14:47.451 [FXGL Background Thread 1 ] INFO  FXGLApplication      - FXGL initialization took: 0.834 sec
21:14:47.461 [JavaFX Application Thread] DEBUG Input                - Registered new binding: Up1 - W
21:14:47.462 [JavaFX Application Thread] DEBUG Input                - Registered new binding: Down1 - S
21:14:47.462 [JavaFX Application Thread] DEBUG Input                - Registered new binding: Up2 - I
21:14:47.462 [JavaFX Application Thread] DEBUG Input                - Registered new binding: Down2 - K
21:14:47.463 [JavaFX Application Thread] DEBUG FXGLAssetLoaderServi - Loading from file system: /assets/textures/fxgl_icon.png
21:14:47.488 [JavaFX Application Thread] DEBUG FXGLAssetLoaderServi - Loading from file system: /assets/ui/cursors/fxgl_default.png
21:14:47.490 [JavaFX Application Thread] DEBUG Input                - Registered new binding: Screenshot - P
21:14:47.491 [JavaFX Application Thread] DEBUG Input                - Registered new binding: System info dump - CTRL+9
21:14:47.491 [JavaFX Application Thread] DEBUG Input                - Registered new binding: Restart - CTRL+R
21:14:47.492 [JavaFX Application Thread] DEBUG Input                - Registered new binding: Toggle Debug Camera - CTRL+C
21:14:47.496 [JavaFX Application Thread] DEBUG LoopRunner           - Starting loop
21:14:47.498 [JavaFX Application Thread] DEBUG GameApplicationServi - Starting new game
21:14:47.499 [JavaFX Application Thread] DEBUG Input                - Clearing active input actions
21:14:47.511 [JavaFX Application Thread] DEBUG GameApplicationServi - Removing overlay from StartupScene and adding to FXGLLoadingScene
21:14:47.512 [JavaFX Application Thread] DEBUG MainWindow           - StartupScene -> FXGLLoadingScene
21:14:47.513 [JavaFX Application Thread] DEBUG GameApplicationServi - Clearing previous game
21:14:47.513 [JavaFX Application Thread] DEBUG GameScene            - Clearing game scene
21:14:47.513 [JavaFX Application Thread] DEBUG GameWorld            - Clearing game world
21:14:47.513 [JavaFX Application Thread] DEBUG PhysicsWorld         - Clearing physics world
21:14:47.515 [FXGL Background Thread 1 ] DEBUG FXGLApplication      - Initializing game
21:14:47.571 [FXGL Background Thread 1 ] DEBUG FXGLAssetLoaderServi - Loading from file system: /assets/ui/main.fxml
21:14:47.613 [Thread-3                 ] DEBUG TCPServer            - Starting to listen at: 55555 type: class java.lang.String
21:14:47.787 [FXGL Background Thread 1 ] INFO  FXGLApplication      - Game initialization took: 0.270 sec
21:14:47.823 [JavaFX Application Thread] DEBUG Input                - Clearing active input actions
21:14:47.836 [JavaFX Application Thread] DEBUG GameApplicationServi - Removing overlay from FXGLLoadingScene and adding to GameScene
21:14:47.836 [JavaFX Application Thread] DEBUG MainWindow           - FXGLLoadingScene -> GameScene
21:14:47.956 [FXGL Background Thread 4 ] DEBUG FXGLAssetLoaderServi - Loading from file system: /assets/ui/fonts/Abel-Regular.ttf
21:14:47.962 [FXGL Background Thread 4 ] DEBUG FXGLAssetLoaderServi - Loading from file system: /assets/ui/fonts/lucida_console.ttf
21:14:47.971 [FXGL Background Thread 4 ] DEBUG FXGLAssetLoaderServi - Loading from file system: /assets/ui/fonts/Courier-Prime.ttf
21:14:47.990 [JavaFX Application Thread] DEBUG FXGLApplication      - Registering font factories with UI factory
21:14:49.331 [FXGL Background Thread 2 ] INFO  UpdaterService       - Your current version:  11.11
21:14:49.332 [FXGL Background Thread 2 ] INFO  UpdaterService       - Latest stable version: 17+dev-SNAPSHOT
21:14:50.366 [FXGL Background Thread 3 ] DEBUG Engine               - Logging environment variables
21:14:50.367 [FXGL Background Thread 3 ] DEBUG Engine               - achievements: []
21:14:50.367 [FXGL Background Thread 3 ] DEBUG Engine               - appIcon: fxgl_icon.png
21:14:50.368 [FXGL Background Thread 3 ] DEBUG Engine               - applicationMode: DEBUG
21:14:50.368 [FXGL Background Thread 3 ] DEBUG Engine               - cSSList: [fxgl_dark.css]
21:14:50.368 [FXGL Background Thread 3 ] DEBUG Engine               - configClass: Optional.empty
21:14:50.370 [FXGL Background Thread 3 ] DEBUG Engine               - credits: []
21:14:50.371 [FXGL Background Thread 3 ] DEBUG Engine               - devBBoxColorProperty: ObjectProperty [value: 0xff0000ff]
21:14:50.371 [FXGL Background Thread 3 ] DEBUG Engine               - devEnableDebugCameraProperty: BooleanProperty [value: false]
21:14:50.371 [FXGL Background Thread 3 ] DEBUG Engine               - devSensorColorProperty: ObjectProperty [value: 0xffff00ff]
21:14:50.372 [FXGL Background Thread 3 ] DEBUG Engine               - devShowBBoxProperty: BooleanProperty [value: false]
21:14:50.372 [FXGL Background Thread 3 ] DEBUG Engine               - devShowPositionProperty: BooleanProperty [value: false]
21:14:50.372 [FXGL Background Thread 3 ] DEBUG Engine               - enabledMenuItems: []
21:14:50.372 [FXGL Background Thread 3 ] DEBUG Engine               - engineServices: [class com.almasb.fxgl.app.FXGLApplication$GameApplicationService, class com.almasb.fxgl.app.services.FXGLDialogService, class com.almasb.fxgl.app.services.IOTaskExecutorService, class com.almasb.fxgl.event.EventBusService, class com.almasb.fxgl.io.FileSystemService, class com.almasb.fxgl.localization.LocalizationService, class com.almasb.fxgl.app.services.FXGLAssetLoaderService, class com.almasb.fxgl.app.services.SystemBundleService, class com.almasb.fxgl.profile.SaveLoadService, class com.almasb.fxgl.ui.FXGLUIFactoryServiceProvider, class com.almasb.fxgl.ui.FXGLDialogFactoryServiceProvider, class com.almasb.fxgl.audio.AudioPlayer, class com.almasb.fxgl.notification.impl.NotificationServiceProvider, class com.almasb.fxgl.achievement.AchievementService, class com.almasb.fxgl.cutscene.CutsceneService, class com.almasb.fxgl.minigames.MiniGameService, class com.almasb.fxgl.net.NetService, class com.almasb.fxgl.app.services.UpdaterService, class com.almasb.fxgl.dev.DevService]
21:14:50.373 [FXGL Background Thread 3 ] DEBUG Engine               - fontGame: Abel-Regular.ttf
21:14:50.373 [FXGL Background Thread 3 ] DEBUG Engine               - fontMono: lucida_console.ttf
21:14:50.373 [FXGL Background Thread 3 ] DEBUG Engine               - fontText: Courier-Prime.ttf
21:14:50.373 [FXGL Background Thread 3 ] DEBUG Engine               - fontUI: pong.ttf
21:14:50.373 [FXGL Background Thread 3 ] DEBUG Engine               - fullScreen: BooleanProperty [value: false]
21:14:50.374 [FXGL Background Thread 3 ] DEBUG Engine               - gameDifficulty: MEDIUM
21:14:50.374 [FXGL Background Thread 3 ] DEBUG Engine               - gameDifficultyProperty: ObjectProperty [value: MEDIUM]
21:14:50.374 [FXGL Background Thread 3 ] DEBUG Engine               - globalMusicVolume: 0.5
21:14:50.375 [FXGL Background Thread 3 ] DEBUG Engine               - globalMusicVolumeProperty: DoubleProperty [value: 0.5]
21:14:50.375 [FXGL Background Thread 3 ] DEBUG Engine               - globalSoundVolume: 0.5
21:14:50.375 [FXGL Background Thread 3 ] DEBUG Engine               - globalSoundVolumeProperty: DoubleProperty [value: 0.5]
21:14:50.375 [FXGL Background Thread 3 ] DEBUG Engine               - height: 600
21:14:50.375 [FXGL Background Thread 3 ] DEBUG Engine               - isAndroid: false
21:14:50.376 [FXGL Background Thread 3 ] DEBUG Engine               - isBrowser: false
21:14:50.376 [FXGL Background Thread 3 ] DEBUG Engine               - isClickFeedbackEnabled: false
21:14:50.376 [FXGL Background Thread 3 ] DEBUG Engine               - isCloseConfirmation: false
21:14:50.377 [FXGL Background Thread 3 ] DEBUG Engine               - isDesktop: true
21:14:50.377 [FXGL Background Thread 3 ] DEBUG Engine               - isDeveloperMenuEnabled: false
21:14:50.385 [FXGL Background Thread 3 ] DEBUG Engine               - isEntityPreloadEnabled: true
21:14:50.386 [FXGL Background Thread 3 ] DEBUG Engine               - isExperimentalNative: false
21:14:50.386 [FXGL Background Thread 3 ] DEBUG Engine               - isExperimentalTiledLargeMap: false
21:14:50.386 [FXGL Background Thread 3 ] DEBUG Engine               - isFileSystemWriteAllowed: true
21:14:50.386 [FXGL Background Thread 3 ] DEBUG Engine               - isFullScreenAllowed: false
21:14:50.387 [FXGL Background Thread 3 ] DEBUG Engine               - isFullScreenFromStart: false
21:14:50.387 [FXGL Background Thread 3 ] DEBUG Engine               - isGameMenuEnabled: true
21:14:50.387 [FXGL Background Thread 3 ] DEBUG Engine               - isIOS: false
21:14:50.387 [FXGL Background Thread 3 ] DEBUG Engine               - isIntroEnabled: false
21:14:50.387 [FXGL Background Thread 3 ] DEBUG Engine               - isLinux: false
21:14:50.388 [FXGL Background Thread 3 ] DEBUG Engine               - isMac: false
21:14:50.388 [FXGL Background Thread 3 ] DEBUG Engine               - isMainMenuEnabled: false
21:14:50.388 [FXGL Background Thread 3 ] DEBUG Engine               - isManualResizeEnabled: false
21:14:50.388 [FXGL Background Thread 3 ] DEBUG Engine               - isMobile: false
21:14:50.388 [FXGL Background Thread 3 ] DEBUG Engine               - isPreserveResizeRatio: false
21:14:50.389 [FXGL Background Thread 3 ] DEBUG Engine               - isProfilingEnabled: false
21:14:50.389 [FXGL Background Thread 3 ] DEBUG Engine               - isSingleStep: false
21:14:50.389 [FXGL Background Thread 3 ] DEBUG Engine               - isUserProfileEnabled: false
21:14:50.389 [FXGL Background Thread 3 ] DEBUG Engine               - isWindows: true
21:14:50.390 [FXGL Background Thread 3 ] DEBUG Engine               - language: ObjectProperty [value: ENGLISH]
21:14:50.390 [FXGL Background Thread 3 ] DEBUG Engine               - menuKey: ESCAPE
21:14:50.390 [FXGL Background Thread 3 ] DEBUG Engine               - notificationViewClass: class com.almasb.fxgl.notification.view.XboxNotificationView
21:14:50.390 [FXGL Background Thread 3 ] DEBUG Engine               - pixelsPerMeter: 50.0
21:14:50.390 [FXGL Background Thread 3 ] DEBUG Engine               - platform: WINDOWS
21:14:50.391 [FXGL Background Thread 3 ] DEBUG Engine               - profileDir: profiles/
21:14:50.391 [FXGL Background Thread 3 ] DEBUG Engine               - profileName: StringProperty [value: DEFAULT]
21:14:50.391 [FXGL Background Thread 3 ] DEBUG Engine               - randomSeed: -1
21:14:50.391 [FXGL Background Thread 3 ] DEBUG Engine               - runtimeInfo: RuntimeInfo(platform=WINDOWS, version=11.11, build=08.09.2020 18.00)
21:14:50.392 [FXGL Background Thread 3 ] DEBUG Engine               - saveFileExt: sav
21:14:50.392 [FXGL Background Thread 3 ] DEBUG Engine               - sceneFactory: com.almasb.fxgl.app.scene.SceneFactory@16ea55d7
21:14:50.392 [FXGL Background Thread 3 ] DEBUG Engine               - secondsIn24h: 60
21:14:50.392 [FXGL Background Thread 3 ] DEBUG Engine               - soundMenuBack: menu/back.wav
21:14:50.392 [FXGL Background Thread 3 ] DEBUG Engine               - soundMenuPress: menu/press.wav
21:14:50.393 [FXGL Background Thread 3 ] DEBUG Engine               - soundMenuSelect: menu/select.wav
21:14:50.395 [FXGL Background Thread 3 ] DEBUG Engine               - soundNotification: core/notification.wav
21:14:50.396 [FXGL Background Thread 3 ] DEBUG Engine               - stageStyle: DECORATED
21:14:50.397 [FXGL Background Thread 3 ] DEBUG Engine               - supportedLanguages: [ENGLISH, FRENCH, GERMAN, HUNGARIAN, RUSSIAN]
21:14:50.397 [FXGL Background Thread 3 ] DEBUG Engine               - title: Pong
21:14:50.397 [FXGL Background Thread 3 ] DEBUG Engine               - urlGithub: https://github.com/AlmasB/FXGL
21:14:50.398 [FXGL Background Thread 3 ] DEBUG Engine               - urlLeaderboard: http://fxgl-top.herokuapp.com/
21:14:50.398 [FXGL Background Thread 3 ] DEBUG Engine               - urlPOM: https://raw.githubusercontent.com/AlmasB/FXGL/master/pom.xml
21:14:50.398 [FXGL Background Thread 3 ] DEBUG Engine               - version: 1.0
21:14:50.398 [FXGL Background Thread 3 ] DEBUG Engine               - versionCheckDays: 7
21:14:50.398 [FXGL Background Thread 3 ] DEBUG Engine               - width: 800
21:14:50.398 [FXGL Background Thread 3 ] DEBUG Engine               - Logging services
21:14:50.399 [FXGL Background Thread 3 ] DEBUG Engine               - class com.almasb.fxgl.app.FXGLApplication$GameApplicationService
21:14:50.399 [FXGL Background Thread 3 ] DEBUG Engine               - class com.almasb.fxgl.app.services.FXGLDialogService
21:14:50.399 [FXGL Background Thread 3 ] DEBUG Engine               - class com.almasb.fxgl.app.services.IOTaskExecutorService
21:14:50.399 [FXGL Background Thread 3 ] DEBUG Engine               - class com.almasb.fxgl.event.EventBusService
21:14:50.399 [FXGL Background Thread 3 ] DEBUG Engine               - class com.almasb.fxgl.io.FileSystemService
21:14:50.400 [FXGL Background Thread 3 ] DEBUG Engine               - class com.almasb.fxgl.localization.LocalizationService
21:14:50.400 [FXGL Background Thread 3 ] DEBUG Engine               - class com.almasb.fxgl.app.services.FXGLAssetLoaderService
21:14:50.400 [FXGL Background Thread 3 ] DEBUG Engine               - class com.almasb.fxgl.app.services.SystemBundleService
21:14:50.400 [FXGL Background Thread 3 ] DEBUG Engine               - class com.almasb.fxgl.profile.SaveLoadService
21:14:50.400 [FXGL Background Thread 3 ] DEBUG Engine               - class com.almasb.fxgl.ui.FXGLUIFactoryServiceProvider
21:14:50.401 [FXGL Background Thread 3 ] DEBUG Engine               - class com.almasb.fxgl.ui.FXGLDialogFactoryServiceProvider
21:14:50.401 [FXGL Background Thread 3 ] DEBUG Engine               - class com.almasb.fxgl.audio.AudioPlayer
21:14:50.401 [FXGL Background Thread 3 ] DEBUG Engine               - class com.almasb.fxgl.notification.impl.NotificationServiceProvider
21:14:50.401 [FXGL Background Thread 3 ] DEBUG Engine               - class com.almasb.fxgl.achievement.AchievementService
21:14:50.401 [FXGL Background Thread 3 ] DEBUG Engine               - class com.almasb.fxgl.cutscene.CutsceneService
21:14:50.401 [FXGL Background Thread 3 ] DEBUG Engine               - class com.almasb.fxgl.minigames.MiniGameService
21:14:50.402 [FXGL Background Thread 3 ] DEBUG Engine               - class com.almasb.fxgl.net.NetService
21:14:50.402 [FXGL Background Thread 3 ] DEBUG Engine               - class com.almasb.fxgl.app.services.UpdaterService
21:14:50.402 [FXGL Background Thread 3 ] DEBUG Engine               - class com.almasb.fxgl.dev.DevService
21:15:10.799 [Thread-3                 ] DEBUG Endpoint             - TCPServer opening new connection (1) from /127.0.0.1:61442 type: class java.lang.String
21:15:10.801 [Thread-3                 ] DEBUG Endpoint             - TCPServer successfully opened connection (1)
21:15:10.852 [TCPServer_SendThread-1   ] DEBUG Writers              - Getting TCPMessageWriter for class java.lang.String
21:15:10.882 [TCPServer_SendThread-1   ] DEBUG Writers              - Constructed TCPMessageWriter for class java.lang.String: MessageWriterS
21:15:10.888 [TCPServer_RecvThread-1   ] DEBUG Readers              - Getting TCPMessageReader for class java.lang.String
21:15:10.904 [TCPServer_RecvThread-1   ] DEBUG Readers              - Constructed MessageReader for class java.lang.String: MessageReaderS
21:15:17.064 [JavaFX Application Thread] DEBUG Input                - Mocking key press: W
21:15:17.279 [JavaFX Application Thread] DEBUG Input                - Mocking key release: W
21:15:17.358 [JavaFX Application Thread] DEBUG Input                - Mocking key press: S
21:15:17.556 [JavaFX Application Thread] DEBUG Input                - Mocking key press: W
21:15:17.558 [JavaFX Application Thread] DEBUG Input                - Mocking key release: S
21:15:17.955 [JavaFX Application Thread] DEBUG Input                - Mocking key release: W
21:15:18.339 [JavaFX Application Thread] DEBUG Input                - Mocking key press: S
21:15:18.456 [JavaFX Application Thread] DEBUG Input                - Mocking key release: S
21:15:19.173 [JavaFX Application Thread] DEBUG Input                - Mocking key press: W
21:15:19.345 [JavaFX Application Thread] DEBUG Input                - Mocking key release: W
21:15:20.151 [JavaFX Application Thread] DEBUG Input                - Mocking key press: S
21:15:20.505 [JavaFX Application Thread] DEBUG Input                - Mocking key release: S
21:15:20.655 [JavaFX Application Thread] DEBUG Input                - Mocking key press: W
21:15:20.937 [JavaFX Application Thread] DEBUG Input                - Mocking key release: W
21:15:23.238 [JavaFX Application Thread] DEBUG Input                - Mocking key press: S
21:15:23.305 [JavaFX Application Thread] DEBUG Input                - Mocking key release: S
22:01:28.469 [Thread-3                 ] DEBUG Endpoint             - TCPServer opening new connection (2) from /127.0.0.1:49612 type: class java.lang.String
22:01:28.476 [Thread-3                 ] DEBUG Endpoint             - TCPServer successfully opened connection (2)
22:01:28.482 [TCPServer_RecvThread-2   ] DEBUG Readers              - Getting TCPMessageReader for class java.lang.String
22:01:28.483 [TCPServer_SendThread-2   ] DEBUG Writers              - Getting TCPMessageWriter for class java.lang.String
22:01:28.484 [TCPServer_SendThread-2   ] DEBUG Writers              - Constructed TCPMessageWriter for class java.lang.String: MessageWriterS
22:01:28.485 [TCPServer_RecvThread-2   ] DEBUG Readers              - Constructed MessageReader for class java.lang.String: MessageReaderS
22:01:29.933 [JavaFX Application Thread] DEBUG Input                - Mocking key press: W
22:01:30.061 [JavaFX Application Thread] DEBUG Input                - Mocking key release: W
22:01:30.099 [JavaFX Application Thread] DEBUG Input                - Mocking key press: S
22:01:30.311 [JavaFX Application Thread] DEBUG Input                - Mocking key release: S
22:01:30.962 [JavaFX Application Thread] DEBUG Input                - Mocking key press: W
22:01:31.127 [JavaFX Application Thread] DEBUG Input                - Mocking key release: W
22:01:31.727 [JavaFX Application Thread] DEBUG Input                - Mocking key press: S
22:01:32.894 [JavaFX Application Thread] DEBUG Input                - Mocking key release: S
22:01:32.895 [JavaFX Application Thread] DEBUG Input                - Mocking key press: W
22:01:33.197 [JavaFX Application Thread] DEBUG Input                - Mocking key release: W
22:01:34.177 [JavaFX Application Thread] DEBUG Input                - Mocking key press: W
22:01:34.265 [JavaFX Application Thread] DEBUG Input                - Mocking key release: W
22:01:34.592 [JavaFX Application Thread] DEBUG Input                - Mocking key press: W
22:01:34.935 [JavaFX Application Thread] DEBUG Input                - Mocking key release: W
22:01:35.337 [JavaFX Application Thread] DEBUG Input                - Mocking key press: W
22:01:35.526 [JavaFX Application Thread] DEBUG Input                - Mocking key release: W
22:01:36.942 [JavaFX Application Thread] DEBUG Input                - Mocking key press: S
22:01:37.095 [JavaFX Application Thread] DEBUG Input                - Mocking key release: S
22:06:22.799 [Thread-3                 ] DEBUG Endpoint             - TCPServer opening new connection (3) from /127.0.0.1:49645 type: class java.lang.String
22:06:22.800 [Thread-3                 ] DEBUG Endpoint             - TCPServer successfully opened connection (3)
22:06:22.806 [TCPServer_SendThread-3   ] DEBUG Writers              - Getting TCPMessageWriter for class java.lang.String
22:06:22.806 [TCPServer_RecvThread-3   ] DEBUG Readers              - Getting TCPMessageReader for class java.lang.String
22:06:22.807 [TCPServer_SendThread-3   ] DEBUG Writers              - Constructed TCPMessageWriter for class java.lang.String: MessageWriterS
22:06:22.807 [TCPServer_RecvThread-3   ] DEBUG Readers              - Constructed MessageReader for class java.lang.String: MessageReaderS
22:06:23.635 [JavaFX Application Thread] DEBUG Input                - Mocking key press: S
22:06:23.752 [JavaFX Application Thread] DEBUG Input                - Mocking key release: S
22:06:24.119 [JavaFX Application Thread] DEBUG Input                - Mocking key press: W
22:06:24.185 [JavaFX Application Thread] DEBUG Input                - Mocking key release: W
22:06:26.135 [JavaFX Application Thread] DEBUG Input                - Mocking key press: W
22:06:26.230 [JavaFX Application Thread] DEBUG Input                - Mocking key release: W
22:06:48.507 [Thread-3                 ] DEBUG Endpoint             - TCPServer opening new connection (4) from /127.0.0.1:49648 type: class java.lang.String
22:06:48.508 [Thread-3                 ] DEBUG Endpoint             - TCPServer successfully opened connection (4)
22:06:48.511 [TCPServer_SendThread-4   ] DEBUG Writers              - Getting TCPMessageWriter for class java.lang.String
22:06:48.512 [TCPServer_SendThread-4   ] DEBUG Writers              - Constructed TCPMessageWriter for class java.lang.String: MessageWriterS
22:06:48.513 [TCPServer_RecvThread-4   ] DEBUG Readers              - Getting TCPMessageReader for class java.lang.String
22:06:48.515 [TCPServer_RecvThread-4   ] DEBUG Readers              - Constructed MessageReader for class java.lang.String: MessageReaderS
22:16:35.670 [Thread-3                 ] DEBUG Endpoint             - TCPServer opening new connection (5) from /127.0.0.1:49710 type: class java.lang.String
22:16:35.671 [Thread-3                 ] DEBUG Endpoint             - TCPServer successfully opened connection (5)
22:16:35.677 [TCPServer_SendThread-5   ] DEBUG Writers              - Getting TCPMessageWriter for class java.lang.String
22:16:35.678 [TCPServer_SendThread-5   ] DEBUG Writers              - Constructed TCPMessageWriter for class java.lang.String: MessageWriterS
22:16:35.680 [TCPServer_RecvThread-5   ] DEBUG Readers              - Getting TCPMessageReader for class java.lang.String
22:16:35.681 [TCPServer_RecvThread-5   ] DEBUG Readers              - Constructed MessageReader for class java.lang.String: MessageReaderS
22:16:39.669 [JavaFX Application Thread] DEBUG Input                - Mocking key press: W
22:16:39.866 [JavaFX Application Thread] DEBUG Input                - Mocking key release: W
22:16:40.007 [JavaFX Application Thread] DEBUG Input                - Mocking key press: S
22:16:40.198 [JavaFX Application Thread] DEBUG Input                - Mocking key release: S
22:16:43.447 [JavaFX Application Thread] DEBUG Input                - Mocking key press: S
22:16:43.577 [JavaFX Application Thread] DEBUG Input                - Mocking key release: S
22:16:43.813 [JavaFX Application Thread] DEBUG Input                - Mocking key press: W
22:16:43.959 [JavaFX Application Thread] DEBUG Input                - Mocking key release: W
22:16:46.600 [JavaFX Application Thread] DEBUG Input                - Mocking key press: S
22:16:46.833 [JavaFX Application Thread] DEBUG Input                - Mocking key release: S
22:16:47.304 [JavaFX Application Thread] DEBUG Input                - Mocking key press: S
22:16:48.313 [JavaFX Application Thread] DEBUG Input                - Mocking key release: S
22:16:48.416 [JavaFX Application Thread] DEBUG Input                - Mocking key press: W
22:16:48.679 [JavaFX Application Thread] DEBUG Input                - Mocking key release: W
22:16:49.079 [JavaFX Application Thread] DEBUG Input                - Mocking key press: W
22:16:50.062 [JavaFX Application Thread] DEBUG Input                - Mocking key release: W
22:16:50.213 [JavaFX Application Thread] DEBUG Input                - Mocking key press: S
22:16:50.462 [JavaFX Application Thread] DEBUG Input                - Mocking key release: S
22:16:50.537 [JavaFX Application Thread] DEBUG Input                - Mocking key press: S
22:16:50.709 [JavaFX Application Thread] DEBUG Input                - Mocking key release: S
22:16:50.787 [JavaFX Application Thread] DEBUG Input                - Mocking key press: S
22:16:51.636 [JavaFX Application Thread] DEBUG Input                - Mocking key release: S
22:16:51.713 [JavaFX Application Thread] DEBUG Input                - Mocking key press: W
22:16:52.420 [JavaFX Application Thread] DEBUG Input                - Mocking key release: W
22:16:53.462 [JavaFX Application Thread] DEBUG Input                - Mocking key press: W
22:16:54.003 [JavaFX Application Thread] DEBUG Input                - Mocking key release: W
22:16:54.295 [JavaFX Application Thread] DEBUG Input                - Mocking key press: S
22:16:54.563 [JavaFX Application Thread] DEBUG Input                - Mocking key release: S
22:16:55.665 [JavaFX Application Thread] DEBUG Input                - Mocking key press: S
22:16:56.050 [JavaFX Application Thread] DEBUG Input                - Mocking key release: S
22:16:56.088 [JavaFX Application Thread] DEBUG Input                - Mocking key press: W
22:16:56.514 [JavaFX Application Thread] DEBUG Input                - Mocking key release: W
22:16:57.127 [JavaFX Application Thread] DEBUG Input                - Mocking key press: S
22:16:58.166 [JavaFX Application Thread] DEBUG Input                - Mocking key press: W
22:16:58.244 [JavaFX Application Thread] DEBUG Input                - Mocking key release: S
22:16:59.111 [JavaFX Application Thread] DEBUG Input                - Mocking key release: W
22:16:59.112 [JavaFX Application Thread] DEBUG Input                - Mocking key press: S
22:16:59.591 [JavaFX Application Thread] DEBUG Input                - Mocking key press: W
22:16:59.783 [JavaFX Application Thread] DEBUG Input                - Mocking key release: S
22:16:59.992 [JavaFX Application Thread] DEBUG Input                - Mocking key press: S
22:16:59.993 [JavaFX Application Thread] DEBUG Input                - Mocking key release: W
22:17:01.305 [JavaFX Application Thread] DEBUG Input                - Mocking key press: W
22:17:01.344 [JavaFX Application Thread] DEBUG Input                - Mocking key release: S
22:17:01.529 [JavaFX Application Thread] DEBUG Input                - Mocking key press: S
22:17:01.544 [JavaFX Application Thread] DEBUG Input                - Mocking key release: W
22:17:01.650 [JavaFX Application Thread] DEBUG Input                - Mocking key press: W
22:17:01.670 [JavaFX Application Thread] DEBUG Input                - Mocking key release: S
22:17:01.796 [JavaFX Application Thread] DEBUG Input                - Mocking key press: S
22:17:01.826 [JavaFX Application Thread] DEBUG Input                - Mocking key release: W
22:17:01.944 [JavaFX Application Thread] DEBUG Input                - Mocking key press: W
22:17:01.996 [JavaFX Application Thread] DEBUG Input                - Mocking key release: S
22:17:02.160 [JavaFX Application Thread] DEBUG Input                - Mocking key press: S
22:17:02.160 [JavaFX Application Thread] DEBUG Input                - Mocking key release: W
22:17:02.561 [JavaFX Application Thread] DEBUG Input                - Mocking key press: W
22:17:02.598 [JavaFX Application Thread] DEBUG Input                - Mocking key release: S
22:17:03.176 [JavaFX Application Thread] DEBUG Input                - Mocking key release: W
22:17:03.412 [JavaFX Application Thread] DEBUG Input                - Mocking key press: S
22:17:04.695 [JavaFX Application Thread] DEBUG Input                - Mocking key release: S
22:29:00.674 [Thread-3                 ] DEBUG Endpoint             - TCPServer opening new connection (6) from /127.0.0.1:57472 type: class java.lang.String
22:29:00.675 [Thread-3                 ] DEBUG Endpoint             - TCPServer successfully opened connection (6)
22:29:00.678 [TCPServer_SendThread-6   ] DEBUG Writers              - Getting TCPMessageWriter for class java.lang.String
22:29:00.679 [TCPServer_SendThread-6   ] DEBUG Writers              - Constructed TCPMessageWriter for class java.lang.String: MessageWriterS
22:29:00.682 [TCPServer_RecvThread-6   ] DEBUG Readers              - Getting TCPMessageReader for class java.lang.String
22:29:00.682 [TCPServer_RecvThread-6   ] DEBUG Readers              - Constructed MessageReader for class java.lang.String: MessageReaderS
22:29:02.173 [JavaFX Application Thread] DEBUG Input                - Mocking key press: W
22:29:02.341 [JavaFX Application Thread] DEBUG Input                - Mocking key release: W
22:29:02.589 [JavaFX Application Thread] DEBUG Input                - Mocking key press: W
22:29:02.723 [JavaFX Application Thread] DEBUG Input                - Mocking key release: W
22:29:03.569 [JavaFX Application Thread] DEBUG Input                - Mocking key press: W
22:29:03.651 [JavaFX Application Thread] DEBUG Input                - Mocking key release: W
22:29:04.774 [JavaFX Application Thread] DEBUG Input                - Mocking key press: W
22:29:04.968 [JavaFX Application Thread] DEBUG Input                - Mocking key release: W
22:29:05.333 [JavaFX Application Thread] DEBUG Input                - Mocking key press: S
22:29:05.544 [JavaFX Application Thread] DEBUG Input                - Mocking key release: S
22:29:05.950 [JavaFX Application Thread] DEBUG Input                - Mocking key press: S
22:29:06.120 [JavaFX Application Thread] DEBUG Input                - Mocking key release: S
22:29:06.255 [JavaFX Application Thread] DEBUG Input                - Mocking key press: W
22:29:06.369 [JavaFX Application Thread] DEBUG Input                - Mocking key release: W
22:29:07.416 [JavaFX Application Thread] DEBUG Input                - Mocking key press: W
22:29:07.503 [JavaFX Application Thread] DEBUG Input                - Mocking key release: W
22:29:09.118 [JavaFX Application Thread] DEBUG Input                - Mocking key press: W
22:29:10.035 [JavaFX Application Thread] DEBUG Input                - Mocking key release: W
22:29:10.287 [JavaFX Application Thread] DEBUG Input                - Mocking key press: S
22:29:10.600 [JavaFX Application Thread] DEBUG Input                - Mocking key release: S
22:29:41.390 [JavaFX Application Thread] DEBUG FXGLApplication      - Exiting FXGL
22:29:41.390 [JavaFX Application Thread] DEBUG LoopRunner           - Stopping loop
22:29:41.390 [JavaFX Application Thread] DEBUG SystemBundleService  - Saving FXGL system data
22:29:41.409 [JavaFX Application Thread] DEBUG FileSystemAccess     - Writing to: C:\Users\1991e\Documents\.multiplayer assignment\CI628-PongServer-master\system\fxgl.bundle
22:29:41.422 [JavaFX Application Thread] DEBUG Async                - Shutting down background threads
22:29:41.422 [JavaFX Application Thread] DEBUG MainWindow           - Closing main window
22:29:41.470 [JavaFX Application Thread] DEBUG Logger               - Closing Logger
