21:20:13.837 [main                     ] DEBUG Logger               - Configured Logger
21:20:13.862 [main                     ] DEBUG GameApplication      - Logging settings
Title: Pong
Version: 1.0
Width: 800
Height: 600
Fullscreen: false
Intro: false
Profiling: false
Single step:false
App Mode: DEBUG
Menu Key: ESCAPE
Stage Style: DECORATED
Scene Factory: class com.almasb.fxgl.app.scene.SceneFactory

21:20:14.472 [JavaFX Application Thread] DEBUG FXGLApplication      - Initializing FXGL
21:20:14.484 [JavaFX Application Thread] INFO  Engine               - FXGL-11.11 (08.09.2020 18.00) on WINDOWS (J:15.0.2 FX:14)
21:20:14.484 [JavaFX Application Thread] DEBUG Engine               - JRE Vendor Name: Oracle Corporation
21:20:14.485 [JavaFX Application Thread] DEBUG Engine               - Running on OS: Windows 10 version 10.0
21:20:14.485 [JavaFX Application Thread] DEBUG Engine               - Architecture: amd64
21:20:14.485 [JavaFX Application Thread] INFO  Engine               - Source code and latest versions at: https://github.com/AlmasB/FXGL
21:20:14.485 [JavaFX Application Thread] INFO  Engine               -              Join the FXGL chat at: https://gitter.im/AlmasB/FXGL
21:20:14.685 [JavaFX Application Thread] DEBUG MainWindow           - Creating a JavaFX scene
21:20:14.794 [JavaFX Application Thread] DEBUG MainWindow           - Target settings size: 800.0 x 600.0
21:20:14.794 [JavaFX Application Thread] DEBUG MainWindow           - Scaled scene size:    800.0 x 600.0
21:20:14.795 [JavaFX Application Thread] DEBUG MainWindow           - Scaled ratio: (1.0, 1.0)
21:20:14.796 [JavaFX Application Thread] DEBUG MainWindow           - Set initial scene to StartupScene
21:20:14.804 [JavaFX Application Thread] DEBUG MainWindow           - Opening main window
21:20:14.957 [JavaFX Application Thread] DEBUG MainWindow           - Window border size: (14.4000244140625, 37.5999755859375)
21:20:14.958 [JavaFX Application Thread] DEBUG MainWindow           - Scaled size: 800.0 x 600.0
21:20:14.958 [JavaFX Application Thread] DEBUG MainWindow           - Scaled ratio: (1.0, 1.0)
21:20:14.959 [JavaFX Application Thread] DEBUG MainWindow           - Scene size: 800.0 x 600.0
21:20:14.959 [JavaFX Application Thread] DEBUG MainWindow           - Stage size: 814.4000244140625 x 637.5999755859375
21:20:15.056 [FXGL Background Thread 1 ] DEBUG Engine               - Initializing environment variables
21:20:15.095 [FXGL Background Thread 1 ] DEBUG GameApplicationServi - Applying CSS: fxgl_dark.css
21:20:15.096 [FXGL Background Thread 1 ] DEBUG FXGLAssetLoaderServi - Loading from file system: /assets/ui/css/fxgl_dark.css
21:20:15.201 [FXGL Background Thread 1 ] DEBUG GameApplicationServi - Initializing application scenes
21:20:15.358 [FXGL Background Thread 1 ] DEBUG GameWorld            - Game world initialized
21:20:15.437 [FXGL Background Thread 1 ] DEBUG PhysicsWorld         - Physics world initialized: appHeight=600, physics.ppm=50.0
21:20:15.440 [FXGL Background Thread 1 ] DEBUG GameScene            - Game scene initialized: 800x600
21:20:15.484 [FXGL Background Thread 1 ] DEBUG FXGLAssetLoaderServi - Loading from file system: /assets/textures/particles/trace_horizontal.png
21:20:15.569 [FXGL Background Thread 1 ] DEBUG FXGL.DefaultMenu     - createMenuBodyGameMenu()
21:20:15.590 [FXGL Background Thread 1 ] DEBUG FXGL.DefaultMenu     - createOptionsMenu()
21:20:15.597 [FXGL Background Thread 1 ] DEBUG FXGLAssetLoaderServi - Loading from file system: /assets/textures/particles/smoke.png
21:20:15.691 [FXGL Background Thread 1 ] DEBUG GameApplicationServi - Application scenes initialized
21:20:15.704 [FXGL Background Thread 1 ] DEBUG SystemBundleService  - Loading FXGL system data
21:20:15.711 [FXGL Background Thread 1 ] DEBUG FileSystemAccess     - Reading from: C:\Users\1991e\Documents\.multiplayer assignment\CI628-PongServer-master\system\fxgl.bundle
21:20:15.752 [FXGL Background Thread 1 ] DEBUG SystemBundleService  - Bundle FXGL: {}
21:20:15.753 [FXGL Background Thread 1 ] DEBUG UpdaterService       - Checking for updates
21:20:15.758 [FXGL Background Thread 1 ] DEBUG FXGLApplication      - Loading default localization
21:20:15.759 [FXGL Background Thread 1 ] DEBUG FXGLAssetLoaderServi - Loading from file system: /assets/languages/english.lang
21:20:15.783 [FXGL Background Thread 1 ] INFO  FXGLApplication      - FXGL initialization took: 0.726 sec
21:20:15.794 [JavaFX Application Thread] DEBUG Input                - Registered new binding: Up1 - W
21:20:15.798 [FXGL Background Thread 4 ] DEBUG FXGLApplication      - Loading fonts
21:20:15.795 [JavaFX Application Thread] DEBUG Input                - Registered new binding: Down1 - S
21:20:15.798 [FXGL Background Thread 4 ] DEBUG FXGLAssetLoaderServi - Loading from file system: /assets/ui/fonts/pong.ttf
21:20:15.798 [JavaFX Application Thread] DEBUG Input                - Registered new binding: Up2 - I
21:20:15.799 [JavaFX Application Thread] DEBUG Input                - Registered new binding: Down2 - K
21:20:15.799 [JavaFX Application Thread] DEBUG FXGLAssetLoaderServi - Loading from file system: /assets/textures/fxgl_icon.png
21:20:15.828 [JavaFX Application Thread] DEBUG FXGLAssetLoaderServi - Loading from file system: /assets/ui/cursors/fxgl_default.png
21:20:15.830 [JavaFX Application Thread] DEBUG Input                - Registered new binding: Screenshot - P
21:20:15.831 [JavaFX Application Thread] DEBUG Input                - Registered new binding: System info dump - CTRL+9
21:20:15.832 [JavaFX Application Thread] DEBUG Input                - Registered new binding: Restart - CTRL+R
21:20:15.833 [JavaFX Application Thread] DEBUG Input                - Registered new binding: Toggle Debug Camera - CTRL+C
21:20:15.836 [JavaFX Application Thread] DEBUG LoopRunner           - Starting loop
21:20:15.838 [JavaFX Application Thread] DEBUG GameApplicationServi - Starting new game
21:20:15.839 [JavaFX Application Thread] DEBUG Input                - Clearing active input actions
21:20:15.852 [JavaFX Application Thread] DEBUG GameApplicationServi - Removing overlay from StartupScene and adding to FXGLLoadingScene
21:20:15.853 [JavaFX Application Thread] DEBUG MainWindow           - StartupScene -> FXGLLoadingScene
21:20:15.853 [JavaFX Application Thread] DEBUG GameApplicationServi - Clearing previous game
21:20:15.853 [JavaFX Application Thread] DEBUG GameScene            - Clearing game scene
21:20:15.853 [JavaFX Application Thread] DEBUG GameWorld            - Clearing game world
21:20:15.854 [JavaFX Application Thread] DEBUG PhysicsWorld         - Clearing physics world
21:20:15.855 [FXGL Background Thread 1 ] DEBUG FXGLApplication      - Initializing game
21:20:15.907 [FXGL Background Thread 1 ] DEBUG FXGLAssetLoaderServi - Loading from file system: /assets/ui/main.fxml
21:20:16.044 [FXGL Background Thread 1 ] INFO  FXGLApplication      - Game initialization took: 0.189 sec
21:20:16.047 [Thread-3                 ] DEBUG TCPServer            - Starting to listen at: 55555 type: class java.lang.String
21:20:16.069 [JavaFX Application Thread] DEBUG Input                - Clearing active input actions
21:20:16.087 [JavaFX Application Thread] DEBUG GameApplicationServi - Removing overlay from FXGLLoadingScene and adding to GameScene
21:20:16.087 [JavaFX Application Thread] DEBUG MainWindow           - FXGLLoadingScene -> GameScene
21:20:16.478 [FXGL Background Thread 4 ] DEBUG FXGLAssetLoaderServi - Loading from file system: /assets/ui/fonts/Abel-Regular.ttf
21:20:16.482 [FXGL Background Thread 4 ] DEBUG FXGLAssetLoaderServi - Loading from file system: /assets/ui/fonts/lucida_console.ttf
21:20:16.491 [FXGL Background Thread 4 ] DEBUG FXGLAssetLoaderServi - Loading from file system: /assets/ui/fonts/Courier-Prime.ttf
21:20:16.497 [JavaFX Application Thread] DEBUG FXGLApplication      - Registering font factories with UI factory
21:20:17.222 [FXGL Background Thread 2 ] INFO  UpdaterService       - Your current version:  11.11
21:20:17.222 [FXGL Background Thread 2 ] INFO  UpdaterService       - Latest stable version: 17+dev-SNAPSHOT
21:20:18.413 [Thread-3                 ] DEBUG Endpoint             - TCPServer opening new connection (1) from /127.0.0.1:51340 type: class java.lang.String
21:20:18.415 [Thread-3                 ] DEBUG Endpoint             - TCPServer successfully opened connection (1)
21:20:18.572 [TCPServer_SendThread-1   ] DEBUG Writers              - Getting TCPMessageWriter for class java.lang.String
21:20:18.581 [TCPServer_RecvThread-1   ] DEBUG Readers              - Getting TCPMessageReader for class java.lang.String
21:20:18.584 [TCPServer_SendThread-1   ] DEBUG Writers              - Constructed TCPMessageWriter for class java.lang.String: MessageWriterS
21:20:18.590 [TCPServer_RecvThread-1   ] DEBUG Readers              - Constructed MessageReader for class java.lang.String: MessageReaderS
21:20:18.795 [FXGL Background Thread 3 ] DEBUG Engine               - Logging environment variables
21:20:18.799 [FXGL Background Thread 3 ] DEBUG Engine               - achievements: []
21:20:18.799 [FXGL Background Thread 3 ] DEBUG Engine               - appIcon: fxgl_icon.png
21:20:18.805 [FXGL Background Thread 3 ] DEBUG Engine               - applicationMode: DEBUG
21:20:18.806 [FXGL Background Thread 3 ] DEBUG Engine               - cSSList: [fxgl_dark.css]
21:20:18.806 [FXGL Background Thread 3 ] DEBUG Engine               - configClass: Optional.empty
21:20:18.814 [FXGL Background Thread 3 ] DEBUG Engine               - credits: []
21:20:18.814 [FXGL Background Thread 3 ] DEBUG Engine               - devBBoxColorProperty: ObjectProperty [value: 0xff0000ff]
21:20:18.815 [FXGL Background Thread 3 ] DEBUG Engine               - devEnableDebugCameraProperty: BooleanProperty [value: false]
21:20:18.815 [FXGL Background Thread 3 ] DEBUG Engine               - devSensorColorProperty: ObjectProperty [value: 0xffff00ff]
21:20:18.815 [FXGL Background Thread 3 ] DEBUG Engine               - devShowBBoxProperty: BooleanProperty [value: false]
21:20:18.815 [FXGL Background Thread 3 ] DEBUG Engine               - devShowPositionProperty: BooleanProperty [value: false]
21:20:18.816 [FXGL Background Thread 3 ] DEBUG Engine               - enabledMenuItems: []
21:20:18.816 [FXGL Background Thread 3 ] DEBUG Engine               - engineServices: [class com.almasb.fxgl.app.FXGLApplication$GameApplicationService, class com.almasb.fxgl.app.services.FXGLDialogService, class com.almasb.fxgl.app.services.IOTaskExecutorService, class com.almasb.fxgl.event.EventBusService, class com.almasb.fxgl.io.FileSystemService, class com.almasb.fxgl.localization.LocalizationService, class com.almasb.fxgl.app.services.FXGLAssetLoaderService, class com.almasb.fxgl.app.services.SystemBundleService, class com.almasb.fxgl.profile.SaveLoadService, class com.almasb.fxgl.ui.FXGLUIFactoryServiceProvider, class com.almasb.fxgl.ui.FXGLDialogFactoryServiceProvider, class com.almasb.fxgl.audio.AudioPlayer, class com.almasb.fxgl.notification.impl.NotificationServiceProvider, class com.almasb.fxgl.achievement.AchievementService, class com.almasb.fxgl.cutscene.CutsceneService, class com.almasb.fxgl.minigames.MiniGameService, class com.almasb.fxgl.net.NetService, class com.almasb.fxgl.app.services.UpdaterService, class com.almasb.fxgl.dev.DevService]
21:20:18.816 [FXGL Background Thread 3 ] DEBUG Engine               - fontGame: Abel-Regular.ttf
21:20:18.816 [FXGL Background Thread 3 ] DEBUG Engine               - fontMono: lucida_console.ttf
21:20:18.819 [FXGL Background Thread 3 ] DEBUG Engine               - fontText: Courier-Prime.ttf
21:20:18.820 [FXGL Background Thread 3 ] DEBUG Engine               - fontUI: pong.ttf
21:20:18.823 [FXGL Background Thread 3 ] DEBUG Engine               - fullScreen: BooleanProperty [value: false]
21:20:18.823 [FXGL Background Thread 3 ] DEBUG Engine               - gameDifficulty: MEDIUM
21:20:18.824 [FXGL Background Thread 3 ] DEBUG Engine               - gameDifficultyProperty: ObjectProperty [value: MEDIUM]
21:20:18.824 [FXGL Background Thread 3 ] DEBUG Engine               - globalMusicVolume: 0.5
21:20:18.824 [FXGL Background Thread 3 ] DEBUG Engine               - globalMusicVolumeProperty: DoubleProperty [value: 0.5]
21:20:18.825 [FXGL Background Thread 3 ] DEBUG Engine               - globalSoundVolume: 0.5
21:20:18.825 [FXGL Background Thread 3 ] DEBUG Engine               - globalSoundVolumeProperty: DoubleProperty [value: 0.5]
21:20:18.826 [FXGL Background Thread 3 ] DEBUG Engine               - height: 600
21:20:18.826 [FXGL Background Thread 3 ] DEBUG Engine               - isAndroid: false
21:20:18.826 [FXGL Background Thread 3 ] DEBUG Engine               - isBrowser: false
21:20:18.826 [FXGL Background Thread 3 ] DEBUG Engine               - isClickFeedbackEnabled: false
21:20:18.826 [FXGL Background Thread 3 ] DEBUG Engine               - isCloseConfirmation: false
21:20:18.827 [FXGL Background Thread 3 ] DEBUG Engine               - isDesktop: true
21:20:18.827 [FXGL Background Thread 3 ] DEBUG Engine               - isDeveloperMenuEnabled: false
21:20:18.827 [FXGL Background Thread 3 ] DEBUG Engine               - isEntityPreloadEnabled: true
21:20:18.827 [FXGL Background Thread 3 ] DEBUG Engine               - isExperimentalNative: false
21:20:18.827 [FXGL Background Thread 3 ] DEBUG Engine               - isExperimentalTiledLargeMap: false
21:20:18.828 [FXGL Background Thread 3 ] DEBUG Engine               - isFileSystemWriteAllowed: true
21:20:18.828 [FXGL Background Thread 3 ] DEBUG Engine               - isFullScreenAllowed: false
21:20:18.828 [FXGL Background Thread 3 ] DEBUG Engine               - isFullScreenFromStart: false
21:20:18.828 [FXGL Background Thread 3 ] DEBUG Engine               - isGameMenuEnabled: true
21:20:18.829 [FXGL Background Thread 3 ] DEBUG Engine               - isIOS: false
21:20:18.829 [FXGL Background Thread 3 ] DEBUG Engine               - isIntroEnabled: false
21:20:18.829 [FXGL Background Thread 3 ] DEBUG Engine               - isLinux: false
21:20:18.829 [FXGL Background Thread 3 ] DEBUG Engine               - isMac: false
21:20:18.829 [FXGL Background Thread 3 ] DEBUG Engine               - isMainMenuEnabled: false
21:20:18.830 [FXGL Background Thread 3 ] DEBUG Engine               - isManualResizeEnabled: false
21:20:18.830 [FXGL Background Thread 3 ] DEBUG Engine               - isMobile: false
21:20:18.830 [FXGL Background Thread 3 ] DEBUG Engine               - isPreserveResizeRatio: false
21:20:18.830 [FXGL Background Thread 3 ] DEBUG Engine               - isProfilingEnabled: false
21:20:18.830 [FXGL Background Thread 3 ] DEBUG Engine               - isSingleStep: false
21:20:18.830 [FXGL Background Thread 3 ] DEBUG Engine               - isUserProfileEnabled: false
21:20:18.831 [FXGL Background Thread 3 ] DEBUG Engine               - isWindows: true
21:20:18.831 [FXGL Background Thread 3 ] DEBUG Engine               - language: ObjectProperty [value: ENGLISH]
21:20:18.831 [FXGL Background Thread 3 ] DEBUG Engine               - menuKey: ESCAPE
21:20:18.832 [FXGL Background Thread 3 ] DEBUG Engine               - notificationViewClass: class com.almasb.fxgl.notification.view.XboxNotificationView
21:20:18.832 [FXGL Background Thread 3 ] DEBUG Engine               - pixelsPerMeter: 50.0
21:20:18.832 [FXGL Background Thread 3 ] DEBUG Engine               - platform: WINDOWS
21:20:18.832 [FXGL Background Thread 3 ] DEBUG Engine               - profileDir: profiles/
21:20:18.833 [FXGL Background Thread 3 ] DEBUG Engine               - profileName: StringProperty [value: DEFAULT]
21:20:18.833 [FXGL Background Thread 3 ] DEBUG Engine               - randomSeed: -1
21:20:18.833 [FXGL Background Thread 3 ] DEBUG Engine               - runtimeInfo: RuntimeInfo(platform=WINDOWS, version=11.11, build=08.09.2020 18.00)
21:20:18.833 [FXGL Background Thread 3 ] DEBUG Engine               - saveFileExt: sav
21:20:18.834 [FXGL Background Thread 3 ] DEBUG Engine               - sceneFactory: com.almasb.fxgl.app.scene.SceneFactory@7ed2297a
21:20:18.834 [FXGL Background Thread 3 ] DEBUG Engine               - secondsIn24h: 60
21:20:18.835 [FXGL Background Thread 3 ] DEBUG Engine               - soundMenuBack: menu/back.wav
21:20:18.835 [FXGL Background Thread 3 ] DEBUG Engine               - soundMenuPress: menu/press.wav
21:20:18.837 [FXGL Background Thread 3 ] DEBUG Engine               - soundMenuSelect: menu/select.wav
21:20:18.838 [FXGL Background Thread 3 ] DEBUG Engine               - soundNotification: core/notification.wav
21:20:18.839 [FXGL Background Thread 3 ] DEBUG Engine               - stageStyle: DECORATED
21:20:18.839 [FXGL Background Thread 3 ] DEBUG Engine               - supportedLanguages: [ENGLISH, FRENCH, GERMAN, HUNGARIAN, RUSSIAN]
21:20:18.839 [FXGL Background Thread 3 ] DEBUG Engine               - title: Pong
21:20:18.839 [FXGL Background Thread 3 ] DEBUG Engine               - urlGithub: https://github.com/AlmasB/FXGL
21:20:18.840 [FXGL Background Thread 3 ] DEBUG Engine               - urlLeaderboard: http://fxgl-top.herokuapp.com/
21:20:18.840 [FXGL Background Thread 3 ] DEBUG Engine               - urlPOM: https://raw.githubusercontent.com/AlmasB/FXGL/master/pom.xml
21:20:18.840 [FXGL Background Thread 3 ] DEBUG Engine               - version: 1.0
21:20:18.840 [FXGL Background Thread 3 ] DEBUG Engine               - versionCheckDays: 7
21:20:18.841 [FXGL Background Thread 3 ] DEBUG Engine               - width: 800
21:20:18.841 [FXGL Background Thread 3 ] DEBUG Engine               - Logging services
21:20:18.841 [FXGL Background Thread 3 ] DEBUG Engine               - class com.almasb.fxgl.app.FXGLApplication$GameApplicationService
21:20:18.841 [FXGL Background Thread 3 ] DEBUG Engine               - class com.almasb.fxgl.app.services.FXGLDialogService
21:20:18.842 [FXGL Background Thread 3 ] DEBUG Engine               - class com.almasb.fxgl.app.services.IOTaskExecutorService
21:20:18.842 [FXGL Background Thread 3 ] DEBUG Engine               - class com.almasb.fxgl.event.EventBusService
21:20:18.842 [FXGL Background Thread 3 ] DEBUG Engine               - class com.almasb.fxgl.io.FileSystemService
21:20:18.842 [FXGL Background Thread 3 ] DEBUG Engine               - class com.almasb.fxgl.localization.LocalizationService
21:20:18.842 [FXGL Background Thread 3 ] DEBUG Engine               - class com.almasb.fxgl.app.services.FXGLAssetLoaderService
21:20:18.845 [FXGL Background Thread 3 ] DEBUG Engine               - class com.almasb.fxgl.app.services.SystemBundleService
21:20:18.845 [FXGL Background Thread 3 ] DEBUG Engine               - class com.almasb.fxgl.profile.SaveLoadService
21:20:18.845 [FXGL Background Thread 3 ] DEBUG Engine               - class com.almasb.fxgl.ui.FXGLUIFactoryServiceProvider
21:20:18.846 [FXGL Background Thread 3 ] DEBUG Engine               - class com.almasb.fxgl.ui.FXGLDialogFactoryServiceProvider
21:20:18.846 [FXGL Background Thread 3 ] DEBUG Engine               - class com.almasb.fxgl.audio.AudioPlayer
21:20:18.846 [FXGL Background Thread 3 ] DEBUG Engine               - class com.almasb.fxgl.notification.impl.NotificationServiceProvider
21:20:18.847 [FXGL Background Thread 3 ] DEBUG Engine               - class com.almasb.fxgl.achievement.AchievementService
21:20:18.847 [FXGL Background Thread 3 ] DEBUG Engine               - class com.almasb.fxgl.cutscene.CutsceneService
21:20:18.847 [FXGL Background Thread 3 ] DEBUG Engine               - class com.almasb.fxgl.minigames.MiniGameService
21:20:18.847 [FXGL Background Thread 3 ] DEBUG Engine               - class com.almasb.fxgl.net.NetService
21:20:18.847 [FXGL Background Thread 3 ] DEBUG Engine               - class com.almasb.fxgl.app.services.UpdaterService
21:20:18.847 [FXGL Background Thread 3 ] DEBUG Engine               - class com.almasb.fxgl.dev.DevService
21:20:20.067 [JavaFX Application Thread] DEBUG Input                - Mocking key press: S
21:20:20.506 [JavaFX Application Thread] DEBUG Input                - Mocking key release: S
21:20:20.753 [JavaFX Application Thread] DEBUG Input                - Mocking key press: W
21:20:20.761 [JavaFX Application Thread] DEBUG Input                - Mocking key press: S
21:20:20.762 [JavaFX Application Thread] DEBUG Input                - Mocking key release: W
21:20:20.828 [JavaFX Application Thread] DEBUG Input                - Mocking key press: W
21:20:21.039 [JavaFX Application Thread] DEBUG Input                - Mocking key release: S
21:20:21.420 [JavaFX Application Thread] DEBUG Input                - Mocking key release: W
21:20:21.440 [JavaFX Application Thread] DEBUG Input                - Mocking key press: S
21:20:21.773 [JavaFX Application Thread] DEBUG Input                - Mocking key release: S
21:20:21.987 [JavaFX Application Thread] DEBUG Input                - Mocking key press: W
21:20:22.053 [JavaFX Application Thread] DEBUG Input                - Mocking key release: W
21:20:22.088 [JavaFX Application Thread] DEBUG Input                - Mocking key press: S
21:20:22.603 [JavaFX Application Thread] DEBUG Input                - Mocking key release: S
21:20:22.604 [JavaFX Application Thread] DEBUG Input                - Mocking key press: W
21:20:22.942 [JavaFX Application Thread] DEBUG Input                - Mocking key press: S
21:20:22.961 [JavaFX Application Thread] DEBUG Input                - Mocking key release: W
21:20:23.461 [JavaFX Application Thread] DEBUG Input                - Mocking key release: S
21:20:23.868 [JavaFX Application Thread] DEBUG Input                - Mocking key press: W
21:20:24.769 [JavaFX Application Thread] DEBUG Input                - Mocking key release: W
21:20:24.839 [JavaFX Application Thread] DEBUG Input                - Mocking key press: S
21:20:25.706 [JavaFX Application Thread] DEBUG Input                - Mocking key release: S
21:20:25.805 [JavaFX Application Thread] DEBUG Input                - Mocking key press: W
21:20:26.624 [JavaFX Application Thread] DEBUG Input                - Mocking key release: W
21:20:28.470 [JavaFX Application Thread] DEBUG Input                - Mocking key press: S
21:20:29.200 [JavaFX Application Thread] DEBUG Input                - Mocking key release: S
21:20:29.410 [JavaFX Application Thread] DEBUG Input                - Mocking key press: W
21:20:29.567 [JavaFX Application Thread] DEBUG Input                - Mocking key release: W
21:24:23.313 [Thread-3                 ] DEBUG Endpoint             - TCPServer opening new connection (2) from /127.0.0.1:51361 type: class java.lang.String
21:24:23.314 [Thread-3                 ] DEBUG Endpoint             - TCPServer successfully opened connection (2)
21:24:23.316 [TCPServer_SendThread-2   ] DEBUG Writers              - Getting TCPMessageWriter for class java.lang.String
21:24:23.316 [TCPServer_RecvThread-2   ] DEBUG Readers              - Getting TCPMessageReader for class java.lang.String
21:24:23.316 [TCPServer_SendThread-2   ] DEBUG Writers              - Constructed TCPMessageWriter for class java.lang.String: MessageWriterS
21:24:23.316 [TCPServer_RecvThread-2   ] DEBUG Readers              - Constructed MessageReader for class java.lang.String: MessageReaderS
21:42:15.266 [Thread-3                 ] DEBUG Endpoint             - TCPServer opening new connection (3) from /127.0.0.1:51467 type: class java.lang.String
21:42:15.267 [Thread-3                 ] DEBUG Endpoint             - TCPServer successfully opened connection (3)
21:42:15.268 [TCPServer_SendThread-3   ] DEBUG Writers              - Getting TCPMessageWriter for class java.lang.String
21:42:15.268 [TCPServer_RecvThread-3   ] DEBUG Readers              - Getting TCPMessageReader for class java.lang.String
21:42:15.269 [TCPServer_RecvThread-3   ] DEBUG Readers              - Constructed MessageReader for class java.lang.String: MessageReaderS
21:42:15.269 [TCPServer_SendThread-3   ] DEBUG Writers              - Constructed TCPMessageWriter for class java.lang.String: MessageWriterS
21:42:16.933 [JavaFX Application Thread] DEBUG Input                - Mocking key press: W
21:42:17.126 [JavaFX Application Thread] DEBUG Input                - Mocking key release: W
21:42:17.282 [JavaFX Application Thread] DEBUG Input                - Mocking key press: S
21:42:17.665 [JavaFX Application Thread] DEBUG Input                - Mocking key release: S
21:42:18.428 [JavaFX Application Thread] DEBUG Input                - Mocking key press: W
21:42:18.546 [JavaFX Application Thread] DEBUG Input                - Mocking key release: W
21:42:19.396 [JavaFX Application Thread] DEBUG Input                - Mocking key press: S
21:42:19.477 [JavaFX Application Thread] DEBUG Input                - Mocking key release: S
21:42:19.811 [JavaFX Application Thread] DEBUG Input                - Mocking key press: W
21:42:19.905 [JavaFX Application Thread] DEBUG Input                - Mocking key release: W
21:42:21.531 [JavaFX Application Thread] DEBUG Input                - Mocking key press: S
21:42:21.611 [JavaFX Application Thread] DEBUG Input                - Mocking key release: S
21:42:22.012 [JavaFX Application Thread] DEBUG Input                - Mocking key press: W
21:42:22.069 [JavaFX Application Thread] DEBUG Input                - Mocking key release: W
21:42:27.220 [JavaFX Application Thread] DEBUG Input                - Mocking key press: K
21:42:27.776 [JavaFX Application Thread] DEBUG Input                - Mocking key release: K
21:42:29.210 [JavaFX Application Thread] DEBUG Input                - Mocking key press: I
21:42:29.327 [JavaFX Application Thread] DEBUG Input                - Mocking key release: I
21:42:30.309 [JavaFX Application Thread] DEBUG Input                - Mocking key press: W
21:42:30.475 [JavaFX Application Thread] DEBUG Input                - Mocking key release: W
21:42:30.675 [JavaFX Application Thread] DEBUG Input                - Mocking key press: S
21:42:30.960 [JavaFX Application Thread] DEBUG Input                - Mocking key release: S
21:42:31.909 [JavaFX Application Thread] DEBUG Input                - Mocking key press: K
21:42:32.110 [JavaFX Application Thread] DEBUG Input                - Mocking key release: K
21:42:32.534 [JavaFX Application Thread] DEBUG Input                - Mocking key press: W
21:42:32.766 [JavaFX Application Thread] DEBUG Input                - Mocking key release: W
21:42:32.842 [JavaFX Application Thread] DEBUG Input                - Mocking key press: S
21:42:33.125 [JavaFX Application Thread] DEBUG Input                - Mocking key release: S
21:42:33.363 [JavaFX Application Thread] DEBUG Input                - Mocking key press: I
21:42:34.308 [JavaFX Application Thread] DEBUG Input                - Mocking key press: W
21:42:34.309 [JavaFX Application Thread] DEBUG Input                - Mocking key release: I
21:42:35.141 [JavaFX Application Thread] DEBUG Input                - Mocking key release: W
21:43:11.221 [Thread-3                 ] DEBUG Endpoint             - TCPServer opening new connection (4) from /127.0.0.1:51470 type: class java.lang.String
21:43:11.222 [Thread-3                 ] DEBUG Endpoint             - TCPServer successfully opened connection (4)
21:43:11.231 [TCPServer_SendThread-4   ] DEBUG Writers              - Getting TCPMessageWriter for class java.lang.String
21:43:11.231 [TCPServer_RecvThread-4   ] DEBUG Readers              - Getting TCPMessageReader for class java.lang.String
21:43:11.232 [TCPServer_RecvThread-4   ] DEBUG Readers              - Constructed MessageReader for class java.lang.String: MessageReaderS
21:43:11.231 [TCPServer_SendThread-4   ] DEBUG Writers              - Constructed TCPMessageWriter for class java.lang.String: MessageWriterS
21:43:12.251 [JavaFX Application Thread] DEBUG Input                - Mocking key press: W
21:43:12.418 [JavaFX Application Thread] DEBUG Input                - Mocking key press: S
21:43:12.452 [JavaFX Application Thread] DEBUG Input                - Mocking key release: W
21:43:13.518 [JavaFX Application Thread] DEBUG Input                - Mocking key release: S
21:43:17.921 [JavaFX Application Thread] DEBUG Input                - Mocking key press: K
21:43:18.899 [JavaFX Application Thread] DEBUG Input                - Mocking key release: K
21:43:18.994 [JavaFX Application Thread] DEBUG Input                - Mocking key press: I
21:43:19.149 [JavaFX Application Thread] DEBUG Input                - Mocking key release: I
21:43:19.317 [JavaFX Application Thread] DEBUG Input                - Mocking key press: K
21:43:19.515 [JavaFX Application Thread] DEBUG Input                - Mocking key release: K
21:43:19.551 [JavaFX Application Thread] DEBUG Input                - Mocking key press: I
21:43:19.782 [JavaFX Application Thread] DEBUG Input                - Mocking key release: I
21:43:19.899 [JavaFX Application Thread] DEBUG Input                - Mocking key press: K
21:43:20.184 [JavaFX Application Thread] DEBUG Input                - Mocking key release: K
21:43:20.241 [JavaFX Application Thread] DEBUG Input                - Mocking key press: I
21:43:20.571 [JavaFX Application Thread] DEBUG Input                - Mocking key release: I
21:43:21.231 [JavaFX Application Thread] DEBUG Input                - Mocking key press: K
21:43:22.149 [JavaFX Application Thread] DEBUG Input                - Mocking key release: K
21:43:22.238 [JavaFX Application Thread] DEBUG Input                - Mocking key press: W
21:43:23.487 [JavaFX Application Thread] DEBUG Input                - Mocking key release: W
21:43:23.990 [JavaFX Application Thread] DEBUG Input                - Mocking key press: W
21:43:24.086 [JavaFX Application Thread] DEBUG Input                - Mocking key press: S
21:43:24.086 [JavaFX Application Thread] DEBUG Input                - Mocking key release: W
21:43:25.238 [JavaFX Application Thread] DEBUG Input                - Mocking key release: S
21:43:25.281 [JavaFX Application Thread] DEBUG Input                - Mocking key press: S
21:43:25.434 [JavaFX Application Thread] DEBUG Input                - Mocking key press: W
21:43:25.493 [JavaFX Application Thread] DEBUG Input                - Mocking key release: S
21:43:25.839 [JavaFX Application Thread] DEBUG Input                - Mocking key release: W
21:43:47.572 [Thread-3                 ] DEBUG Endpoint             - TCPServer opening new connection (5) from /127.0.0.1:51471 type: class java.lang.String
21:43:47.572 [Thread-3                 ] DEBUG Endpoint             - TCPServer successfully opened connection (5)
21:43:47.575 [TCPServer_RecvThread-5   ] DEBUG Readers              - Getting TCPMessageReader for class java.lang.String
21:43:47.575 [TCPServer_RecvThread-5   ] DEBUG Readers              - Constructed MessageReader for class java.lang.String: MessageReaderS
21:43:47.576 [TCPServer_SendThread-5   ] DEBUG Writers              - Getting TCPMessageWriter for class java.lang.String
21:43:47.578 [TCPServer_SendThread-5   ] DEBUG Writers              - Constructed TCPMessageWriter for class java.lang.String: MessageWriterS
21:43:51.945 [JavaFX Application Thread] DEBUG Input                - Mocking key press: S
21:43:52.327 [JavaFX Application Thread] DEBUG Input                - Mocking key release: S
21:43:53.309 [JavaFX Application Thread] DEBUG Input                - Mocking key press: I
21:43:53.726 [JavaFX Application Thread] DEBUG Input                - Mocking key release: I
21:43:53.926 [JavaFX Application Thread] DEBUG Input                - Mocking key press: S
21:43:54.093 [JavaFX Application Thread] DEBUG Input                - Mocking key release: S
21:43:54.976 [JavaFX Application Thread] DEBUG Input                - Mocking key press: W
21:43:55.198 [JavaFX Application Thread] DEBUG Input                - Mocking key release: W
21:43:55.892 [JavaFX Application Thread] DEBUG Input                - Mocking key press: W
21:43:56.010 [JavaFX Application Thread] DEBUG Input                - Mocking key press: K
21:43:56.027 [JavaFX Application Thread] DEBUG Input                - Mocking key release: W
21:43:56.182 [JavaFX Application Thread] DEBUG Input                - Mocking key release: K
21:43:59.660 [JavaFX Application Thread] DEBUG Input                - Mocking key press: S
21:44:00.643 [JavaFX Application Thread] DEBUG Input                - Mocking key release: S
21:44:01.158 [JavaFX Application Thread] DEBUG Input                - Mocking key press: W
21:44:02.341 [JavaFX Application Thread] DEBUG Input                - Mocking key release: W
21:44:02.358 [JavaFX Application Thread] DEBUG Input                - Mocking key press: S
21:44:03.012 [JavaFX Application Thread] DEBUG Input                - Mocking key press: I
21:44:03.040 [JavaFX Application Thread] DEBUG Input                - Mocking key release: S
21:44:03.246 [JavaFX Application Thread] DEBUG Input                - Mocking key release: I
21:44:03.414 [JavaFX Application Thread] DEBUG Input                - Mocking key press: K
21:44:03.665 [JavaFX Application Thread] DEBUG Input                - Mocking key release: K
21:44:03.723 [JavaFX Application Thread] DEBUG Input                - Mocking key press: I
21:44:03.840 [JavaFX Application Thread] DEBUG Input                - Mocking key release: I
21:44:04.528 [JavaFX Application Thread] DEBUG Input                - Mocking key press: I
21:44:04.546 [JavaFX Application Thread] DEBUG Input                - Mocking key press: W
21:44:04.916 [JavaFX Application Thread] DEBUG Input                - Mocking key release: I
21:44:05.261 [JavaFX Application Thread] DEBUG Input                - Mocking key release: W
21:44:06.066 [JavaFX Application Thread] DEBUG Input                - Mocking key press: W
21:44:06.223 [JavaFX Application Thread] DEBUG Input                - Mocking key release: W
21:44:06.563 [JavaFX Application Thread] DEBUG Input                - Mocking key press: S
21:44:07.123 [JavaFX Application Thread] DEBUG Input                - Mocking key release: S
21:44:15.956 [JavaFX Application Thread] DEBUG Input                - Mocking key press: W
21:44:16.162 [JavaFX Application Thread] DEBUG Input                - Mocking key release: W
21:44:17.887 [JavaFX Application Thread] DEBUG Input                - Mocking key press: W
21:44:17.972 [JavaFX Application Thread] DEBUG Input                - Mocking key release: W
21:44:19.637 [JavaFX Application Thread] DEBUG Input                - Mocking key press: S
21:44:19.787 [JavaFX Application Thread] DEBUG Input                - Mocking key release: S
21:44:19.989 [JavaFX Application Thread] DEBUG Input                - Mocking key press: W
21:44:20.238 [JavaFX Application Thread] DEBUG Input                - Mocking key release: W
21:44:23.287 [JavaFX Application Thread] DEBUG Input                - Mocking key press: S
21:44:23.587 [JavaFX Application Thread] DEBUG Input                - Mocking key release: S
21:44:26.189 [JavaFX Application Thread] DEBUG Input                - Mocking key press: W
21:44:26.342 [JavaFX Application Thread] DEBUG Input                - Mocking key release: W
21:46:31.220 [Thread-3                 ] DEBUG Endpoint             - TCPServer opening new connection (6) from /127.0.0.1:51494 type: class java.lang.String
21:46:31.220 [Thread-3                 ] DEBUG Endpoint             - TCPServer successfully opened connection (6)
21:46:31.226 [TCPServer_RecvThread-6   ] DEBUG Readers              - Getting TCPMessageReader for class java.lang.String
21:46:31.229 [TCPServer_SendThread-6   ] DEBUG Writers              - Getting TCPMessageWriter for class java.lang.String
21:46:31.229 [TCPServer_RecvThread-6   ] DEBUG Readers              - Constructed MessageReader for class java.lang.String: MessageReaderS
21:46:31.229 [TCPServer_SendThread-6   ] DEBUG Writers              - Constructed TCPMessageWriter for class java.lang.String: MessageWriterS
21:48:07.696 [Thread-3                 ] DEBUG Endpoint             - TCPServer opening new connection (7) from /127.0.0.1:51500 type: class java.lang.String
21:48:07.696 [Thread-3                 ] DEBUG Endpoint             - TCPServer successfully opened connection (7)
21:48:07.700 [TCPServer_SendThread-7   ] DEBUG Writers              - Getting TCPMessageWriter for class java.lang.String
21:48:07.700 [TCPServer_RecvThread-7   ] DEBUG Readers              - Getting TCPMessageReader for class java.lang.String
21:48:07.700 [TCPServer_SendThread-7   ] DEBUG Writers              - Constructed TCPMessageWriter for class java.lang.String: MessageWriterS
21:48:07.700 [TCPServer_RecvThread-7   ] DEBUG Readers              - Constructed MessageReader for class java.lang.String: MessageReaderS
21:48:08.543 [JavaFX Application Thread] DEBUG Input                - Mocking key press: W
21:48:08.709 [JavaFX Application Thread] DEBUG Input                - Mocking key release: W
21:48:08.709 [JavaFX Application Thread] DEBUG Input                - Mocking key press: S
21:48:09.647 [JavaFX Application Thread] DEBUG Input                - Mocking key release: S
21:48:10.192 [JavaFX Application Thread] DEBUG Input                - Mocking key press: S
21:48:10.628 [JavaFX Application Thread] DEBUG Input                - Mocking key release: S
21:48:11.780 [JavaFX Application Thread] DEBUG Input                - Mocking key press: W
21:48:12.225 [JavaFX Application Thread] DEBUG Input                - Mocking key release: W
21:48:13.925 [JavaFX Application Thread] DEBUG Input                - Mocking key press: W
21:48:14.258 [JavaFX Application Thread] DEBUG Input                - Mocking key release: W
21:48:15.976 [JavaFX Application Thread] DEBUG Input                - Mocking key press: S
21:48:16.860 [JavaFX Application Thread] DEBUG Input                - Mocking key release: S
21:48:17.158 [JavaFX Application Thread] DEBUG Input                - Mocking key press: W
21:48:17.340 [JavaFX Application Thread] DEBUG Input                - Mocking key release: W
21:48:17.791 [JavaFX Application Thread] DEBUG Input                - Mocking key press: S
21:48:18.069 [JavaFX Application Thread] DEBUG Input                - Mocking key release: S
21:48:18.128 [JavaFX Application Thread] DEBUG Input                - Mocking key press: W
21:48:18.643 [JavaFX Application Thread] DEBUG Input                - Mocking key release: W
21:48:18.991 [JavaFX Application Thread] DEBUG Input                - Mocking key press: W
21:48:19.428 [JavaFX Application Thread] DEBUG Input                - Mocking key release: W
21:48:20.240 [JavaFX Application Thread] DEBUG Input                - Mocking key press: W
21:48:20.891 [JavaFX Application Thread] DEBUG Input                - Mocking key release: W
21:48:21.091 [JavaFX Application Thread] DEBUG Input                - Mocking key press: S
21:48:21.373 [JavaFX Application Thread] DEBUG Input                - Mocking key release: S
21:48:21.659 [JavaFX Application Thread] DEBUG Input                - Mocking key press: W
21:48:22.005 [JavaFX Application Thread] DEBUG Input                - Mocking key release: W
21:48:22.274 [JavaFX Application Thread] DEBUG Input                - Mocking key press: S
21:48:22.526 [JavaFX Application Thread] DEBUG Input                - Mocking key release: S
21:48:22.950 [JavaFX Application Thread] DEBUG Input                - Mocking key press: W
21:48:23.359 [JavaFX Application Thread] DEBUG Input                - Mocking key release: W
21:48:44.781 [Thread-3                 ] DEBUG Endpoint             - TCPServer opening new connection (8) from /127.0.0.1:51502 type: class java.lang.String
21:48:44.782 [Thread-3                 ] DEBUG Endpoint             - TCPServer successfully opened connection (8)
21:48:44.784 [TCPServer_SendThread-8   ] DEBUG Writers              - Getting TCPMessageWriter for class java.lang.String
21:48:44.785 [TCPServer_SendThread-8   ] DEBUG Writers              - Constructed TCPMessageWriter for class java.lang.String: MessageWriterS
21:48:44.793 [TCPServer_RecvThread-8   ] DEBUG Readers              - Getting TCPMessageReader for class java.lang.String
21:48:44.793 [TCPServer_RecvThread-8   ] DEBUG Readers              - Constructed MessageReader for class java.lang.String: MessageReaderS
21:48:45.524 [JavaFX Application Thread] DEBUG Input                - Mocking key press: S
21:48:45.835 [JavaFX Application Thread] DEBUG Input                - Mocking key release: S
21:48:48.002 [JavaFX Application Thread] DEBUG Input                - Mocking key press: S
21:48:48.157 [JavaFX Application Thread] DEBUG Input                - Mocking key release: S
21:48:48.351 [JavaFX Application Thread] DEBUG Input                - Mocking key press: W
21:48:48.486 [JavaFX Application Thread] DEBUG Input                - Mocking key release: W
17:22:51.005 [JavaFX Application Thread] DEBUG FXGLApplication      - Exiting FXGL
17:22:51.006 [JavaFX Application Thread] DEBUG LoopRunner           - Stopping loop
17:22:51.006 [JavaFX Application Thread] DEBUG SystemBundleService  - Saving FXGL system data
17:22:51.040 [JavaFX Application Thread] DEBUG FileSystemAccess     - Writing to: C:\Users\1991e\Documents\.multiplayer assignment\CI628-PongServer-master\system\fxgl.bundle
17:22:51.046 [JavaFX Application Thread] DEBUG Async                - Shutting down background threads
17:22:51.047 [JavaFX Application Thread] DEBUG MainWindow           - Closing main window
17:22:51.076 [JavaFX Application Thread] DEBUG Logger               - Closing Logger
