12:06:36.640 [main                     ] DEBUG Logger               - Configured Logger
12:06:36.662 [main                     ] DEBUG GameApplication      - Logging settings
Title: Pong
Version: 1.0
Width: 800
Height: 600
Fullscreen: false
Intro: false
Profiling: false
Single step:false
App Mode: DEBUG
Menu Key: ESCAPE
Stage Style: DECORATED
Scene Factory: class com.almasb.fxgl.app.scene.SceneFactory

12:06:37.086 [JavaFX Application Thread] DEBUG FXGLApplication      - Initializing FXGL
12:06:37.097 [JavaFX Application Thread] INFO  Engine               - FXGL-11.11 (08.09.2020 18.00) on WINDOWS (J:15.0.2 FX:14)
12:06:37.097 [JavaFX Application Thread] DEBUG Engine               - JRE Vendor Name: Oracle Corporation
12:06:37.098 [JavaFX Application Thread] DEBUG Engine               - Running on OS: Windows 10 version 10.0
12:06:37.098 [JavaFX Application Thread] DEBUG Engine               - Architecture: amd64
12:06:37.098 [JavaFX Application Thread] INFO  Engine               - Source code and latest versions at: https://github.com/AlmasB/FXGL
12:06:37.098 [JavaFX Application Thread] INFO  Engine               -              Join the FXGL chat at: https://gitter.im/AlmasB/FXGL
12:06:37.258 [JavaFX Application Thread] DEBUG MainWindow           - Creating a JavaFX scene
12:06:37.331 [JavaFX Application Thread] DEBUG MainWindow           - Target settings size: 800.0 x 600.0
12:06:37.332 [JavaFX Application Thread] DEBUG MainWindow           - Scaled scene size:    800.0 x 600.0
12:06:37.332 [JavaFX Application Thread] DEBUG MainWindow           - Scaled ratio: (1.0, 1.0)
12:06:37.334 [JavaFX Application Thread] DEBUG MainWindow           - Set initial scene to StartupScene
12:06:37.349 [JavaFX Application Thread] DEBUG MainWindow           - Opening main window
12:06:37.508 [JavaFX Application Thread] DEBUG MainWindow           - Window border size: (14.4000244140625, 37.5999755859375)
12:06:37.508 [JavaFX Application Thread] DEBUG MainWindow           - Scaled size: 800.0 x 600.0
12:06:37.508 [JavaFX Application Thread] DEBUG MainWindow           - Scaled ratio: (1.0, 1.0)
12:06:37.509 [JavaFX Application Thread] DEBUG MainWindow           - Scene size: 800.0 x 600.0
12:06:37.509 [JavaFX Application Thread] DEBUG MainWindow           - Stage size: 814.4000244140625 x 637.5999755859375
12:06:37.533 [FXGL Background Thread 1 ] DEBUG Engine               - Initializing environment variables
12:06:37.582 [FXGL Background Thread 1 ] DEBUG GameApplicationServi - Applying CSS: fxgl_dark.css
12:06:37.584 [FXGL Background Thread 1 ] DEBUG FXGLAssetLoaderServi - Loading from file system: /assets/ui/css/fxgl_dark.css
12:06:37.684 [FXGL Background Thread 1 ] DEBUG GameApplicationServi - Initializing application scenes
12:06:37.833 [FXGL Background Thread 1 ] DEBUG GameWorld            - Game world initialized
12:06:37.940 [FXGL Background Thread 1 ] DEBUG PhysicsWorld         - Physics world initialized: appHeight=600, physics.ppm=50.0
12:06:37.943 [FXGL Background Thread 1 ] DEBUG GameScene            - Game scene initialized: 800x600
12:06:38.010 [FXGL Background Thread 1 ] DEBUG FXGLAssetLoaderServi - Loading from file system: /assets/textures/particles/trace_horizontal.png
12:06:38.094 [FXGL Background Thread 1 ] DEBUG FXGL.DefaultMenu     - createMenuBodyGameMenu()
12:06:38.138 [FXGL Background Thread 1 ] DEBUG FXGL.DefaultMenu     - createOptionsMenu()
12:06:38.146 [FXGL Background Thread 1 ] DEBUG FXGLAssetLoaderServi - Loading from file system: /assets/textures/particles/smoke.png
12:06:38.217 [FXGL Background Thread 1 ] DEBUG GameApplicationServi - Application scenes initialized
12:06:38.250 [FXGL Background Thread 1 ] DEBUG SystemBundleService  - Loading FXGL system data
12:06:38.256 [FXGL Background Thread 1 ] DEBUG FileSystemAccess     - Reading from: C:\Users\1991e\Documents\.multiplayer assignment\CI628-PongServer-master\system\fxgl.bundle
12:06:38.266 [FXGL Background Thread 1 ] DEBUG SystemBundleService  - Bundle FXGL: {}
12:06:38.266 [FXGL Background Thread 1 ] DEBUG UpdaterService       - Checking for updates
12:06:38.272 [FXGL Background Thread 1 ] DEBUG FXGLApplication      - Loading default localization
12:06:38.272 [FXGL Background Thread 1 ] DEBUG FXGLAssetLoaderServi - Loading from file system: /assets/languages/english.lang
12:06:38.370 [FXGL Background Thread 4 ] DEBUG FXGLApplication      - Loading fonts
12:06:38.370 [FXGL Background Thread 4 ] DEBUG FXGLAssetLoaderServi - Loading from file system: /assets/ui/fonts/pong.ttf
12:06:38.378 [FXGL Background Thread 1 ] INFO  FXGLApplication      - FXGL initialization took: 0.845 sec
12:06:38.387 [JavaFX Application Thread] DEBUG Input                - Registered new binding: Up1 - W
12:06:38.388 [JavaFX Application Thread] DEBUG Input                - Registered new binding: Down1 - S
12:06:38.388 [JavaFX Application Thread] DEBUG Input                - Registered new binding: Up2 - I
12:06:38.388 [JavaFX Application Thread] DEBUG Input                - Registered new binding: Down2 - K
12:06:38.389 [JavaFX Application Thread] DEBUG FXGLAssetLoaderServi - Loading from file system: /assets/textures/fxgl_icon.png
12:06:38.421 [JavaFX Application Thread] DEBUG FXGLAssetLoaderServi - Loading from file system: /assets/ui/cursors/fxgl_default.png
12:06:38.424 [JavaFX Application Thread] DEBUG Input                - Registered new binding: Screenshot - P
12:06:38.425 [JavaFX Application Thread] DEBUG Input                - Registered new binding: System info dump - CTRL+9
12:06:38.425 [JavaFX Application Thread] DEBUG Input                - Registered new binding: Restart - CTRL+R
12:06:38.426 [JavaFX Application Thread] DEBUG Input                - Registered new binding: Toggle Debug Camera - CTRL+C
12:06:38.481 [JavaFX Application Thread] DEBUG LoopRunner           - Starting loop
12:06:38.483 [JavaFX Application Thread] DEBUG GameApplicationServi - Starting new game
12:06:38.484 [JavaFX Application Thread] DEBUG Input                - Clearing active input actions
12:06:38.510 [JavaFX Application Thread] DEBUG GameApplicationServi - Removing overlay from StartupScene and adding to FXGLLoadingScene
12:06:38.511 [JavaFX Application Thread] DEBUG MainWindow           - StartupScene -> FXGLLoadingScene
12:06:38.512 [JavaFX Application Thread] DEBUG GameApplicationServi - Clearing previous game
12:06:38.512 [JavaFX Application Thread] DEBUG GameScene            - Clearing game scene
12:06:38.512 [JavaFX Application Thread] DEBUG GameWorld            - Clearing game world
12:06:38.512 [JavaFX Application Thread] DEBUG PhysicsWorld         - Clearing physics world
12:06:38.514 [FXGL Background Thread 1 ] DEBUG FXGLApplication      - Initializing game
12:06:38.574 [FXGL Background Thread 1 ] DEBUG FXGLAssetLoaderServi - Loading from file system: /assets/ui/main.fxml
12:06:38.651 [Thread-3                 ] DEBUG TCPServer            - Starting to listen at: 55555 type: class java.lang.String
12:06:38.798 [FXGL Background Thread 1 ] INFO  FXGLApplication      - Game initialization took: 0.284 sec
12:06:38.833 [JavaFX Application Thread] DEBUG Input                - Clearing active input actions
12:06:38.849 [JavaFX Application Thread] DEBUG GameApplicationServi - Removing overlay from FXGLLoadingScene and adding to GameScene
12:06:38.850 [JavaFX Application Thread] DEBUG MainWindow           - FXGLLoadingScene -> GameScene
12:06:39.276 [FXGL Background Thread 4 ] DEBUG FXGLAssetLoaderServi - Loading from file system: /assets/ui/fonts/Abel-Regular.ttf
12:06:39.284 [FXGL Background Thread 4 ] DEBUG FXGLAssetLoaderServi - Loading from file system: /assets/ui/fonts/lucida_console.ttf
12:06:39.294 [FXGL Background Thread 4 ] DEBUG FXGLAssetLoaderServi - Loading from file system: /assets/ui/fonts/Courier-Prime.ttf
12:06:39.304 [JavaFX Application Thread] DEBUG FXGLApplication      - Registering font factories with UI factory
12:06:40.114 [FXGL Background Thread 2 ] INFO  UpdaterService       - Your current version:  11.11
12:06:40.115 [FXGL Background Thread 2 ] INFO  UpdaterService       - Latest stable version: 17+dev-SNAPSHOT
12:06:41.308 [FXGL Background Thread 3 ] DEBUG Engine               - Logging environment variables
12:06:41.344 [FXGL Background Thread 3 ] DEBUG Engine               - achievements: []
12:06:41.345 [FXGL Background Thread 3 ] DEBUG Engine               - appIcon: fxgl_icon.png
12:06:41.361 [FXGL Background Thread 3 ] DEBUG Engine               - applicationMode: DEBUG
12:06:41.375 [FXGL Background Thread 3 ] DEBUG Engine               - cSSList: [fxgl_dark.css]
12:06:41.376 [FXGL Background Thread 3 ] DEBUG Engine               - configClass: Optional.empty
12:06:41.376 [FXGL Background Thread 3 ] DEBUG Engine               - credits: []
12:06:41.379 [FXGL Background Thread 3 ] DEBUG Engine               - devBBoxColorProperty: ObjectProperty [value: 0xff0000ff]
12:06:41.380 [FXGL Background Thread 3 ] DEBUG Engine               - devEnableDebugCameraProperty: BooleanProperty [value: false]
12:06:41.381 [FXGL Background Thread 3 ] DEBUG Engine               - devSensorColorProperty: ObjectProperty [value: 0xffff00ff]
12:06:41.381 [FXGL Background Thread 3 ] DEBUG Engine               - devShowBBoxProperty: BooleanProperty [value: false]
12:06:41.382 [FXGL Background Thread 3 ] DEBUG Engine               - devShowPositionProperty: BooleanProperty [value: false]
12:06:41.382 [FXGL Background Thread 3 ] DEBUG Engine               - enabledMenuItems: []
12:06:41.393 [FXGL Background Thread 3 ] DEBUG Engine               - engineServices: [class com.almasb.fxgl.app.FXGLApplication$GameApplicationService, class com.almasb.fxgl.app.services.FXGLDialogService, class com.almasb.fxgl.app.services.IOTaskExecutorService, class com.almasb.fxgl.event.EventBusService, class com.almasb.fxgl.io.FileSystemService, class com.almasb.fxgl.localization.LocalizationService, class com.almasb.fxgl.app.services.FXGLAssetLoaderService, class com.almasb.fxgl.app.services.SystemBundleService, class com.almasb.fxgl.profile.SaveLoadService, class com.almasb.fxgl.ui.FXGLUIFactoryServiceProvider, class com.almasb.fxgl.ui.FXGLDialogFactoryServiceProvider, class com.almasb.fxgl.audio.AudioPlayer, class com.almasb.fxgl.notification.impl.NotificationServiceProvider, class com.almasb.fxgl.achievement.AchievementService, class com.almasb.fxgl.cutscene.CutsceneService, class com.almasb.fxgl.minigames.MiniGameService, class com.almasb.fxgl.net.NetService, class com.almasb.fxgl.app.services.UpdaterService, class com.almasb.fxgl.dev.DevService]
12:06:41.394 [FXGL Background Thread 3 ] DEBUG Engine               - fontGame: Abel-Regular.ttf
12:06:41.394 [FXGL Background Thread 3 ] DEBUG Engine               - fontMono: lucida_console.ttf
12:06:41.394 [FXGL Background Thread 3 ] DEBUG Engine               - fontText: Courier-Prime.ttf
12:06:41.396 [FXGL Background Thread 3 ] DEBUG Engine               - fontUI: pong.ttf
12:06:41.396 [FXGL Background Thread 3 ] DEBUG Engine               - fullScreen: BooleanProperty [value: false]
12:06:41.396 [FXGL Background Thread 3 ] DEBUG Engine               - gameDifficulty: MEDIUM
12:06:41.397 [FXGL Background Thread 3 ] DEBUG Engine               - gameDifficultyProperty: ObjectProperty [value: MEDIUM]
12:06:41.401 [FXGL Background Thread 3 ] DEBUG Engine               - globalMusicVolume: 0.5
12:06:41.402 [FXGL Background Thread 3 ] DEBUG Engine               - globalMusicVolumeProperty: DoubleProperty [value: 0.5]
12:06:41.403 [FXGL Background Thread 3 ] DEBUG Engine               - globalSoundVolume: 0.5
12:06:41.403 [FXGL Background Thread 3 ] DEBUG Engine               - globalSoundVolumeProperty: DoubleProperty [value: 0.5]
12:06:41.404 [FXGL Background Thread 3 ] DEBUG Engine               - height: 600
12:06:41.404 [FXGL Background Thread 3 ] DEBUG Engine               - isAndroid: false
12:06:41.405 [FXGL Background Thread 3 ] DEBUG Engine               - isBrowser: false
12:06:41.410 [FXGL Background Thread 3 ] DEBUG Engine               - isClickFeedbackEnabled: false
12:06:41.420 [FXGL Background Thread 3 ] DEBUG Engine               - isCloseConfirmation: false
12:06:41.422 [FXGL Background Thread 3 ] DEBUG Engine               - isDesktop: true
12:06:41.423 [FXGL Background Thread 3 ] DEBUG Engine               - isDeveloperMenuEnabled: false
12:06:41.423 [FXGL Background Thread 3 ] DEBUG Engine               - isEntityPreloadEnabled: true
12:06:41.423 [FXGL Background Thread 3 ] DEBUG Engine               - isExperimentalNative: false
12:06:41.423 [FXGL Background Thread 3 ] DEBUG Engine               - isExperimentalTiledLargeMap: false
12:06:41.424 [FXGL Background Thread 3 ] DEBUG Engine               - isFileSystemWriteAllowed: true
12:06:41.424 [FXGL Background Thread 3 ] DEBUG Engine               - isFullScreenAllowed: false
12:06:41.424 [FXGL Background Thread 3 ] DEBUG Engine               - isFullScreenFromStart: false
12:06:41.424 [FXGL Background Thread 3 ] DEBUG Engine               - isGameMenuEnabled: true
12:06:41.426 [FXGL Background Thread 3 ] DEBUG Engine               - isIOS: false
12:06:41.426 [FXGL Background Thread 3 ] DEBUG Engine               - isIntroEnabled: false
12:06:41.428 [FXGL Background Thread 3 ] DEBUG Engine               - isLinux: false
12:06:41.428 [FXGL Background Thread 3 ] DEBUG Engine               - isMac: false
12:06:41.428 [FXGL Background Thread 3 ] DEBUG Engine               - isMainMenuEnabled: false
12:06:41.429 [FXGL Background Thread 3 ] DEBUG Engine               - isManualResizeEnabled: false
12:06:41.431 [FXGL Background Thread 3 ] DEBUG Engine               - isMobile: false
12:06:41.434 [FXGL Background Thread 3 ] DEBUG Engine               - isPreserveResizeRatio: false
12:06:41.438 [FXGL Background Thread 3 ] DEBUG Engine               - isProfilingEnabled: false
12:06:41.439 [FXGL Background Thread 3 ] DEBUG Engine               - isSingleStep: false
12:06:41.439 [FXGL Background Thread 3 ] DEBUG Engine               - isUserProfileEnabled: false
12:06:41.440 [FXGL Background Thread 3 ] DEBUG Engine               - isWindows: true
12:06:41.440 [FXGL Background Thread 3 ] DEBUG Engine               - language: ObjectProperty [value: ENGLISH]
12:06:41.441 [FXGL Background Thread 3 ] DEBUG Engine               - menuKey: ESCAPE
12:06:41.442 [FXGL Background Thread 3 ] DEBUG Engine               - notificationViewClass: class com.almasb.fxgl.notification.view.XboxNotificationView
12:06:41.443 [FXGL Background Thread 3 ] DEBUG Engine               - pixelsPerMeter: 50.0
12:06:41.447 [FXGL Background Thread 3 ] DEBUG Engine               - platform: WINDOWS
12:06:41.447 [FXGL Background Thread 3 ] DEBUG Engine               - profileDir: profiles/
12:06:41.448 [FXGL Background Thread 3 ] DEBUG Engine               - profileName: StringProperty [value: DEFAULT]
12:06:41.448 [FXGL Background Thread 3 ] DEBUG Engine               - randomSeed: -1
12:06:41.448 [FXGL Background Thread 3 ] DEBUG Engine               - runtimeInfo: RuntimeInfo(platform=WINDOWS, version=11.11, build=08.09.2020 18.00)
12:06:41.450 [FXGL Background Thread 3 ] DEBUG Engine               - saveFileExt: sav
12:06:41.450 [FXGL Background Thread 3 ] DEBUG Engine               - sceneFactory: com.almasb.fxgl.app.scene.SceneFactory@37672cbd
12:06:41.450 [FXGL Background Thread 3 ] DEBUG Engine               - secondsIn24h: 60
12:06:41.451 [FXGL Background Thread 3 ] DEBUG Engine               - soundMenuBack: menu/back.wav
12:06:41.451 [FXGL Background Thread 3 ] DEBUG Engine               - soundMenuPress: menu/press.wav
12:06:41.452 [FXGL Background Thread 3 ] DEBUG Engine               - soundMenuSelect: menu/select.wav
12:06:41.453 [FXGL Background Thread 3 ] DEBUG Engine               - soundNotification: core/notification.wav
12:06:41.453 [FXGL Background Thread 3 ] DEBUG Engine               - stageStyle: DECORATED
12:06:41.453 [FXGL Background Thread 3 ] DEBUG Engine               - supportedLanguages: [ENGLISH, FRENCH, GERMAN, HUNGARIAN, RUSSIAN]
12:06:41.453 [FXGL Background Thread 3 ] DEBUG Engine               - title: Pong
12:06:41.453 [FXGL Background Thread 3 ] DEBUG Engine               - urlGithub: https://github.com/AlmasB/FXGL
12:06:41.454 [FXGL Background Thread 3 ] DEBUG Engine               - urlLeaderboard: http://fxgl-top.herokuapp.com/
12:06:41.454 [FXGL Background Thread 3 ] DEBUG Engine               - urlPOM: https://raw.githubusercontent.com/AlmasB/FXGL/master/pom.xml
12:06:41.454 [FXGL Background Thread 3 ] DEBUG Engine               - version: 1.0
12:06:41.454 [FXGL Background Thread 3 ] DEBUG Engine               - versionCheckDays: 7
12:06:41.455 [FXGL Background Thread 3 ] DEBUG Engine               - width: 800
12:06:41.455 [FXGL Background Thread 3 ] DEBUG Engine               - Logging services
12:06:41.456 [FXGL Background Thread 3 ] DEBUG Engine               - class com.almasb.fxgl.app.FXGLApplication$GameApplicationService
12:06:41.456 [FXGL Background Thread 3 ] DEBUG Engine               - class com.almasb.fxgl.app.services.FXGLDialogService
12:06:41.456 [FXGL Background Thread 3 ] DEBUG Engine               - class com.almasb.fxgl.app.services.IOTaskExecutorService
12:06:41.457 [FXGL Background Thread 3 ] DEBUG Engine               - class com.almasb.fxgl.event.EventBusService
12:06:41.457 [FXGL Background Thread 3 ] DEBUG Engine               - class com.almasb.fxgl.io.FileSystemService
12:06:41.458 [FXGL Background Thread 3 ] DEBUG Engine               - class com.almasb.fxgl.localization.LocalizationService
12:06:41.458 [FXGL Background Thread 3 ] DEBUG Engine               - class com.almasb.fxgl.app.services.FXGLAssetLoaderService
12:06:41.458 [FXGL Background Thread 3 ] DEBUG Engine               - class com.almasb.fxgl.app.services.SystemBundleService
12:06:41.458 [FXGL Background Thread 3 ] DEBUG Engine               - class com.almasb.fxgl.profile.SaveLoadService
12:06:41.458 [FXGL Background Thread 3 ] DEBUG Engine               - class com.almasb.fxgl.ui.FXGLUIFactoryServiceProvider
12:06:41.458 [FXGL Background Thread 3 ] DEBUG Engine               - class com.almasb.fxgl.ui.FXGLDialogFactoryServiceProvider
12:06:41.459 [FXGL Background Thread 3 ] DEBUG Engine               - class com.almasb.fxgl.audio.AudioPlayer
12:06:41.459 [FXGL Background Thread 3 ] DEBUG Engine               - class com.almasb.fxgl.notification.impl.NotificationServiceProvider
12:06:41.460 [FXGL Background Thread 3 ] DEBUG Engine               - class com.almasb.fxgl.achievement.AchievementService
12:06:41.461 [FXGL Background Thread 3 ] DEBUG Engine               - class com.almasb.fxgl.cutscene.CutsceneService
12:06:41.462 [FXGL Background Thread 3 ] DEBUG Engine               - class com.almasb.fxgl.minigames.MiniGameService
12:06:41.462 [FXGL Background Thread 3 ] DEBUG Engine               - class com.almasb.fxgl.net.NetService
12:06:41.502 [FXGL Background Thread 3 ] DEBUG Engine               - class com.almasb.fxgl.app.services.UpdaterService
12:06:41.503 [FXGL Background Thread 3 ] DEBUG Engine               - class com.almasb.fxgl.dev.DevService
12:06:44.268 [Thread-3                 ] DEBUG Endpoint             - TCPServer opening new connection (1) from /127.0.0.1:54042 type: class java.lang.String
12:06:44.270 [Thread-3                 ] DEBUG Endpoint             - TCPServer successfully opened connection (1)
12:06:44.284 [TCPServer_SendThread-1   ] DEBUG Writers              - Getting TCPMessageWriter for class java.lang.String
12:06:44.323 [TCPServer_SendThread-1   ] DEBUG Writers              - Constructed TCPMessageWriter for class java.lang.String: MessageWriterS
12:06:44.372 [TCPServer_RecvThread-1   ] DEBUG Readers              - Getting TCPMessageReader for class java.lang.String
12:06:44.388 [TCPServer_RecvThread-1   ] DEBUG Readers              - Constructed MessageReader for class java.lang.String: MessageReaderS
21:04:23.347 [JavaFX Application Thread] DEBUG FXGLApplication      - Exiting FXGL
21:04:23.382 [JavaFX Application Thread] DEBUG LoopRunner           - Stopping loop
21:04:23.382 [JavaFX Application Thread] DEBUG SystemBundleService  - Saving FXGL system data
21:04:23.427 [JavaFX Application Thread] DEBUG FileSystemAccess     - Writing to: C:\Users\1991e\Documents\.multiplayer assignment\CI628-PongServer-master\system\fxgl.bundle
21:04:23.458 [JavaFX Application Thread] DEBUG Async                - Shutting down background threads
21:04:23.459 [JavaFX Application Thread] DEBUG MainWindow           - Closing main window
21:04:23.509 [JavaFX Application Thread] DEBUG Logger               - Closing Logger
