12:13:42.190 [main                     ] DEBUG Logger               - Configured Logger
12:13:42.210 [main                     ] DEBUG GameApplication      - Logging settings
Title: Pong
Version: 1.0
Width: 800
Height: 600
Fullscreen: false
Intro: false
Profiling: false
Single step:false
App Mode: DEBUG
Menu Key: ESCAPE
Stage Style: DECORATED
Scene Factory: class com.almasb.fxgl.app.scene.SceneFactory

12:13:42.666 [JavaFX Application Thread] DEBUG FXGLApplication      - Initializing FXGL
12:13:42.673 [JavaFX Application Thread] INFO  Engine               - FXGL-11.11 (08.09.2020 18.00) on WINDOWS (J:15.0.2 FX:14)
12:13:42.674 [JavaFX Application Thread] DEBUG Engine               - JRE Vendor Name: Oracle Corporation
12:13:42.674 [JavaFX Application Thread] DEBUG Engine               - Running on OS: Windows 10 version 10.0
12:13:42.674 [JavaFX Application Thread] DEBUG Engine               - Architecture: amd64
12:13:42.675 [JavaFX Application Thread] INFO  Engine               - Source code and latest versions at: https://github.com/AlmasB/FXGL
12:13:42.675 [JavaFX Application Thread] INFO  Engine               -              Join the FXGL chat at: https://gitter.im/AlmasB/FXGL
12:13:42.844 [JavaFX Application Thread] DEBUG MainWindow           - Creating a JavaFX scene
12:13:42.939 [JavaFX Application Thread] DEBUG MainWindow           - Target settings size: 800.0 x 600.0
12:13:42.939 [JavaFX Application Thread] DEBUG MainWindow           - Scaled scene size:    800.0 x 600.0
12:13:42.940 [JavaFX Application Thread] DEBUG MainWindow           - Scaled ratio: (1.0, 1.0)
12:13:42.942 [JavaFX Application Thread] DEBUG MainWindow           - Set initial scene to StartupScene
12:13:42.953 [JavaFX Application Thread] DEBUG MainWindow           - Opening main window
12:13:43.106 [JavaFX Application Thread] DEBUG MainWindow           - Window border size: (14.4000244140625, 37.5999755859375)
12:13:43.107 [JavaFX Application Thread] DEBUG MainWindow           - Scaled size: 800.0 x 600.0
12:13:43.107 [JavaFX Application Thread] DEBUG MainWindow           - Scaled ratio: (1.0, 1.0)
12:13:43.107 [JavaFX Application Thread] DEBUG MainWindow           - Scene size: 800.0 x 600.0
12:13:43.108 [JavaFX Application Thread] DEBUG MainWindow           - Stage size: 814.4000244140625 x 637.5999755859375
12:13:43.189 [FXGL Background Thread 1 ] DEBUG Engine               - Initializing environment variables
12:13:43.234 [FXGL Background Thread 1 ] DEBUG GameApplicationServi - Applying CSS: fxgl_dark.css
12:13:43.235 [FXGL Background Thread 1 ] DEBUG FXGLAssetLoaderServi - Loading from file system: /assets/ui/css/fxgl_dark.css
12:13:43.338 [FXGL Background Thread 1 ] DEBUG GameApplicationServi - Initializing application scenes
12:13:43.442 [FXGL Background Thread 1 ] DEBUG GameWorld            - Game world initialized
12:13:43.552 [FXGL Background Thread 1 ] DEBUG PhysicsWorld         - Physics world initialized: appHeight=600, physics.ppm=50.0
12:13:43.556 [FXGL Background Thread 1 ] DEBUG GameScene            - Game scene initialized: 800x600
12:13:43.612 [FXGL Background Thread 1 ] DEBUG FXGLAssetLoaderServi - Loading from file system: /assets/textures/particles/trace_horizontal.png
12:13:43.722 [FXGL Background Thread 1 ] DEBUG FXGL.DefaultMenu     - createMenuBodyGameMenu()
12:13:43.751 [FXGL Background Thread 1 ] DEBUG FXGL.DefaultMenu     - createOptionsMenu()
12:13:43.761 [FXGL Background Thread 1 ] DEBUG FXGLAssetLoaderServi - Loading from file system: /assets/textures/particles/smoke.png
12:13:43.857 [FXGL Background Thread 1 ] DEBUG GameApplicationServi - Application scenes initialized
12:13:43.885 [FXGL Background Thread 1 ] DEBUG SystemBundleService  - Loading FXGL system data
12:13:43.903 [FXGL Background Thread 1 ] DEBUG FileSystemAccess     - Reading from: C:\Users\1991e\Documents\.multiplayer assignment\CI628-PongServer-master\system\fxgl.bundle
12:13:43.917 [FXGL Background Thread 1 ] DEBUG SystemBundleService  - Bundle FXGL: {}
12:13:43.918 [FXGL Background Thread 1 ] DEBUG UpdaterService       - Checking for updates
12:13:43.935 [FXGL Background Thread 1 ] DEBUG FXGLApplication      - Loading default localization
12:13:43.936 [FXGL Background Thread 1 ] DEBUG FXGLAssetLoaderServi - Loading from file system: /assets/languages/english.lang
12:13:43.959 [FXGL Background Thread 1 ] INFO  FXGLApplication      - FXGL initialization took: 0.769 sec
12:13:43.991 [FXGL Background Thread 4 ] DEBUG FXGLApplication      - Loading fonts
12:13:43.991 [FXGL Background Thread 4 ] DEBUG FXGLAssetLoaderServi - Loading from file system: /assets/ui/fonts/pong.ttf
12:13:44.002 [JavaFX Application Thread] DEBUG Input                - Registered new binding: Up1 - W
12:13:44.003 [JavaFX Application Thread] DEBUG Input                - Registered new binding: Down1 - S
12:13:44.003 [JavaFX Application Thread] DEBUG Input                - Registered new binding: Up2 - I
12:13:44.004 [JavaFX Application Thread] DEBUG Input                - Registered new binding: Down2 - K
12:13:44.004 [JavaFX Application Thread] DEBUG FXGLAssetLoaderServi - Loading from file system: /assets/textures/fxgl_icon.png
12:13:44.073 [JavaFX Application Thread] DEBUG FXGLAssetLoaderServi - Loading from file system: /assets/ui/cursors/fxgl_default.png
12:13:44.077 [JavaFX Application Thread] DEBUG Input                - Registered new binding: Screenshot - P
12:13:44.077 [JavaFX Application Thread] DEBUG Input                - Registered new binding: System info dump - CTRL+9
12:13:44.078 [JavaFX Application Thread] DEBUG Input                - Registered new binding: Restart - CTRL+R
12:13:44.079 [JavaFX Application Thread] DEBUG Input                - Registered new binding: Toggle Debug Camera - CTRL+C
12:13:44.082 [JavaFX Application Thread] DEBUG LoopRunner           - Starting loop
12:13:44.087 [JavaFX Application Thread] DEBUG GameApplicationServi - Starting new game
12:13:44.088 [JavaFX Application Thread] DEBUG Input                - Clearing active input actions
12:13:44.165 [JavaFX Application Thread] DEBUG GameApplicationServi - Removing overlay from StartupScene and adding to FXGLLoadingScene
12:13:44.166 [JavaFX Application Thread] DEBUG MainWindow           - StartupScene -> FXGLLoadingScene
12:13:44.166 [JavaFX Application Thread] DEBUG GameApplicationServi - Clearing previous game
12:13:44.168 [JavaFX Application Thread] DEBUG GameScene            - Clearing game scene
12:13:44.169 [JavaFX Application Thread] DEBUG GameWorld            - Clearing game world
12:13:44.170 [JavaFX Application Thread] DEBUG PhysicsWorld         - Clearing physics world
12:13:44.173 [FXGL Background Thread 1 ] DEBUG FXGLApplication      - Initializing game
12:13:44.270 [FXGL Background Thread 1 ] DEBUG FXGLAssetLoaderServi - Loading from file system: /assets/ui/main.fxml
12:13:44.320 [Thread-3                 ] DEBUG TCPServer            - Starting to listen at: 55555 type: class java.lang.String
12:13:44.397 [FXGL Background Thread 4 ] DEBUG FXGLAssetLoaderServi - Loading from file system: /assets/ui/fonts/Abel-Regular.ttf
12:13:44.444 [FXGL Background Thread 4 ] DEBUG FXGLAssetLoaderServi - Loading from file system: /assets/ui/fonts/lucida_console.ttf
12:13:44.452 [FXGL Background Thread 4 ] DEBUG FXGLAssetLoaderServi - Loading from file system: /assets/ui/fonts/Courier-Prime.ttf
12:13:44.463 [FXGL Background Thread 1 ] INFO  FXGLApplication      - Game initialization took: 0.290 sec
12:13:44.483 [JavaFX Application Thread] DEBUG Input                - Clearing active input actions
12:13:44.511 [JavaFX Application Thread] DEBUG GameApplicationServi - Removing overlay from FXGLLoadingScene and adding to GameScene
12:13:44.512 [JavaFX Application Thread] DEBUG MainWindow           - FXGLLoadingScene -> GameScene
12:13:44.625 [JavaFX Application Thread] DEBUG FXGLApplication      - Registering font factories with UI factory
12:13:45.684 [FXGL Background Thread 2 ] INFO  UpdaterService       - Your current version:  11.11
12:13:45.685 [FXGL Background Thread 2 ] INFO  UpdaterService       - Latest stable version: 17+dev-SNAPSHOT
12:13:46.463 [JavaFX Application Thread] DEBUG LoopRunner           - Pausing loop
12:13:46.933 [FXGL Background Thread 3 ] DEBUG Engine               - Logging environment variables
12:13:46.934 [FXGL Background Thread 3 ] DEBUG Engine               - achievements: []
12:13:46.934 [FXGL Background Thread 3 ] DEBUG Engine               - appIcon: fxgl_icon.png
12:13:46.935 [FXGL Background Thread 3 ] DEBUG Engine               - applicationMode: DEBUG
12:13:46.935 [FXGL Background Thread 3 ] DEBUG Engine               - cSSList: [fxgl_dark.css]
12:13:46.936 [FXGL Background Thread 3 ] DEBUG Engine               - configClass: Optional.empty
12:13:46.936 [FXGL Background Thread 3 ] DEBUG Engine               - credits: []
12:13:46.936 [FXGL Background Thread 3 ] DEBUG Engine               - devBBoxColorProperty: ObjectProperty [value: 0xff0000ff]
12:13:46.937 [FXGL Background Thread 3 ] DEBUG Engine               - devEnableDebugCameraProperty: BooleanProperty [value: false]
12:13:46.937 [FXGL Background Thread 3 ] DEBUG Engine               - devSensorColorProperty: ObjectProperty [value: 0xffff00ff]
12:13:46.937 [FXGL Background Thread 3 ] DEBUG Engine               - devShowBBoxProperty: BooleanProperty [value: false]
12:13:46.938 [FXGL Background Thread 3 ] DEBUG Engine               - devShowPositionProperty: BooleanProperty [value: false]
12:13:46.938 [FXGL Background Thread 3 ] DEBUG Engine               - enabledMenuItems: []
12:13:46.938 [FXGL Background Thread 3 ] DEBUG Engine               - engineServices: [class com.almasb.fxgl.app.FXGLApplication$GameApplicationService, class com.almasb.fxgl.app.services.FXGLDialogService, class com.almasb.fxgl.app.services.IOTaskExecutorService, class com.almasb.fxgl.event.EventBusService, class com.almasb.fxgl.io.FileSystemService, class com.almasb.fxgl.localization.LocalizationService, class com.almasb.fxgl.app.services.FXGLAssetLoaderService, class com.almasb.fxgl.app.services.SystemBundleService, class com.almasb.fxgl.profile.SaveLoadService, class com.almasb.fxgl.ui.FXGLUIFactoryServiceProvider, class com.almasb.fxgl.ui.FXGLDialogFactoryServiceProvider, class com.almasb.fxgl.audio.AudioPlayer, class com.almasb.fxgl.notification.impl.NotificationServiceProvider, class com.almasb.fxgl.achievement.AchievementService, class com.almasb.fxgl.cutscene.CutsceneService, class com.almasb.fxgl.minigames.MiniGameService, class com.almasb.fxgl.net.NetService, class com.almasb.fxgl.app.services.UpdaterService, class com.almasb.fxgl.dev.DevService]
12:13:46.939 [FXGL Background Thread 3 ] DEBUG Engine               - fontGame: Abel-Regular.ttf
12:13:46.939 [FXGL Background Thread 3 ] DEBUG Engine               - fontMono: lucida_console.ttf
12:13:46.942 [FXGL Background Thread 3 ] DEBUG Engine               - fontText: Courier-Prime.ttf
12:13:46.942 [FXGL Background Thread 3 ] DEBUG Engine               - fontUI: pong.ttf
12:13:46.943 [FXGL Background Thread 3 ] DEBUG Engine               - fullScreen: BooleanProperty [value: false]
12:13:46.943 [FXGL Background Thread 3 ] DEBUG Engine               - gameDifficulty: MEDIUM
12:13:46.944 [FXGL Background Thread 3 ] DEBUG Engine               - gameDifficultyProperty: ObjectProperty [value: MEDIUM]
12:13:46.944 [FXGL Background Thread 3 ] DEBUG Engine               - globalMusicVolume: 0.5
12:13:46.944 [FXGL Background Thread 3 ] DEBUG Engine               - globalMusicVolumeProperty: DoubleProperty [value: 0.5]
12:13:46.945 [FXGL Background Thread 3 ] DEBUG Engine               - globalSoundVolume: 0.5
12:13:46.945 [FXGL Background Thread 3 ] DEBUG Engine               - globalSoundVolumeProperty: DoubleProperty [value: 0.5]
12:13:46.945 [FXGL Background Thread 3 ] DEBUG Engine               - height: 600
12:13:46.946 [FXGL Background Thread 3 ] DEBUG Engine               - isAndroid: false
12:13:46.946 [FXGL Background Thread 3 ] DEBUG Engine               - isBrowser: false
12:13:46.949 [FXGL Background Thread 3 ] DEBUG Engine               - isClickFeedbackEnabled: false
12:13:46.949 [FXGL Background Thread 3 ] DEBUG Engine               - isCloseConfirmation: false
12:13:46.949 [FXGL Background Thread 3 ] DEBUG Engine               - isDesktop: true
12:13:46.949 [FXGL Background Thread 3 ] DEBUG Engine               - isDeveloperMenuEnabled: false
12:13:46.950 [FXGL Background Thread 3 ] DEBUG Engine               - isEntityPreloadEnabled: true
12:13:46.950 [FXGL Background Thread 3 ] DEBUG Engine               - isExperimentalNative: false
12:13:46.950 [FXGL Background Thread 3 ] DEBUG Engine               - isExperimentalTiledLargeMap: false
12:13:46.950 [FXGL Background Thread 3 ] DEBUG Engine               - isFileSystemWriteAllowed: true
12:13:46.951 [FXGL Background Thread 3 ] DEBUG Engine               - isFullScreenAllowed: false
12:13:46.951 [FXGL Background Thread 3 ] DEBUG Engine               - isFullScreenFromStart: false
12:13:46.951 [FXGL Background Thread 3 ] DEBUG Engine               - isGameMenuEnabled: true
12:13:46.951 [FXGL Background Thread 3 ] DEBUG Engine               - isIOS: false
12:13:46.956 [FXGL Background Thread 3 ] DEBUG Engine               - isIntroEnabled: false
12:13:46.958 [FXGL Background Thread 3 ] DEBUG Engine               - isLinux: false
12:13:46.958 [FXGL Background Thread 3 ] DEBUG Engine               - isMac: false
12:13:46.959 [FXGL Background Thread 3 ] DEBUG Engine               - isMainMenuEnabled: false
12:13:46.959 [FXGL Background Thread 3 ] DEBUG Engine               - isManualResizeEnabled: false
12:13:46.959 [FXGL Background Thread 3 ] DEBUG Engine               - isMobile: false
12:13:46.960 [FXGL Background Thread 3 ] DEBUG Engine               - isPreserveResizeRatio: false
12:13:46.960 [FXGL Background Thread 3 ] DEBUG Engine               - isProfilingEnabled: false
12:13:46.960 [FXGL Background Thread 3 ] DEBUG Engine               - isSingleStep: false
12:13:46.960 [FXGL Background Thread 3 ] DEBUG Engine               - isUserProfileEnabled: false
12:13:46.961 [FXGL Background Thread 3 ] DEBUG Engine               - isWindows: true
12:13:46.961 [FXGL Background Thread 3 ] DEBUG Engine               - language: ObjectProperty [value: ENGLISH]
12:13:46.961 [FXGL Background Thread 3 ] DEBUG Engine               - menuKey: ESCAPE
12:13:46.961 [FXGL Background Thread 3 ] DEBUG Engine               - notificationViewClass: class com.almasb.fxgl.notification.view.XboxNotificationView
12:13:46.962 [FXGL Background Thread 3 ] DEBUG Engine               - pixelsPerMeter: 50.0
12:13:46.963 [FXGL Background Thread 3 ] DEBUG Engine               - platform: WINDOWS
12:13:46.963 [FXGL Background Thread 3 ] DEBUG Engine               - profileDir: profiles/
12:13:46.964 [FXGL Background Thread 3 ] DEBUG Engine               - profileName: StringProperty [value: DEFAULT]
12:13:46.964 [FXGL Background Thread 3 ] DEBUG Engine               - randomSeed: -1
12:13:46.964 [FXGL Background Thread 3 ] DEBUG Engine               - runtimeInfo: RuntimeInfo(platform=WINDOWS, version=11.11, build=08.09.2020 18.00)
12:13:46.965 [FXGL Background Thread 3 ] DEBUG Engine               - saveFileExt: sav
12:13:46.965 [FXGL Background Thread 3 ] DEBUG Engine               - sceneFactory: com.almasb.fxgl.app.scene.SceneFactory@16ea55d7
12:13:46.965 [FXGL Background Thread 3 ] DEBUG Engine               - secondsIn24h: 60
12:13:46.965 [FXGL Background Thread 3 ] DEBUG Engine               - soundMenuBack: menu/back.wav
12:13:46.966 [FXGL Background Thread 3 ] DEBUG Engine               - soundMenuPress: menu/press.wav
12:13:46.966 [FXGL Background Thread 3 ] DEBUG Engine               - soundMenuSelect: menu/select.wav
12:13:46.966 [FXGL Background Thread 3 ] DEBUG Engine               - soundNotification: core/notification.wav
12:13:46.966 [FXGL Background Thread 3 ] DEBUG Engine               - stageStyle: DECORATED
12:13:46.966 [FXGL Background Thread 3 ] DEBUG Engine               - supportedLanguages: [ENGLISH, FRENCH, GERMAN, HUNGARIAN, RUSSIAN]
12:13:46.967 [FXGL Background Thread 3 ] DEBUG Engine               - title: Pong
12:13:46.967 [FXGL Background Thread 3 ] DEBUG Engine               - urlGithub: https://github.com/AlmasB/FXGL
12:13:46.967 [FXGL Background Thread 3 ] DEBUG Engine               - urlLeaderboard: http://fxgl-top.herokuapp.com/
12:13:46.967 [FXGL Background Thread 3 ] DEBUG Engine               - urlPOM: https://raw.githubusercontent.com/AlmasB/FXGL/master/pom.xml
12:13:46.967 [FXGL Background Thread 3 ] DEBUG Engine               - version: 1.0
12:13:46.968 [FXGL Background Thread 3 ] DEBUG Engine               - versionCheckDays: 7
12:13:46.968 [FXGL Background Thread 3 ] DEBUG Engine               - width: 800
12:13:46.968 [FXGL Background Thread 3 ] DEBUG Engine               - Logging services
12:13:46.968 [FXGL Background Thread 3 ] DEBUG Engine               - class com.almasb.fxgl.app.FXGLApplication$GameApplicationService
12:13:46.969 [FXGL Background Thread 3 ] DEBUG Engine               - class com.almasb.fxgl.app.services.FXGLDialogService
12:13:46.969 [FXGL Background Thread 3 ] DEBUG Engine               - class com.almasb.fxgl.app.services.IOTaskExecutorService
12:13:46.969 [FXGL Background Thread 3 ] DEBUG Engine               - class com.almasb.fxgl.event.EventBusService
12:13:46.970 [FXGL Background Thread 3 ] DEBUG Engine               - class com.almasb.fxgl.io.FileSystemService
12:13:46.970 [FXGL Background Thread 3 ] DEBUG Engine               - class com.almasb.fxgl.localization.LocalizationService
12:13:46.970 [FXGL Background Thread 3 ] DEBUG Engine               - class com.almasb.fxgl.app.services.FXGLAssetLoaderService
12:13:46.970 [FXGL Background Thread 3 ] DEBUG Engine               - class com.almasb.fxgl.app.services.SystemBundleService
12:13:46.970 [FXGL Background Thread 3 ] DEBUG Engine               - class com.almasb.fxgl.profile.SaveLoadService
12:13:46.971 [FXGL Background Thread 3 ] DEBUG Engine               - class com.almasb.fxgl.ui.FXGLUIFactoryServiceProvider
12:13:46.971 [FXGL Background Thread 3 ] DEBUG Engine               - class com.almasb.fxgl.ui.FXGLDialogFactoryServiceProvider
12:13:46.971 [FXGL Background Thread 3 ] DEBUG Engine               - class com.almasb.fxgl.audio.AudioPlayer
12:13:46.971 [FXGL Background Thread 3 ] DEBUG Engine               - class com.almasb.fxgl.notification.impl.NotificationServiceProvider
12:13:46.972 [FXGL Background Thread 3 ] DEBUG Engine               - class com.almasb.fxgl.achievement.AchievementService
12:13:46.972 [FXGL Background Thread 3 ] DEBUG Engine               - class com.almasb.fxgl.cutscene.CutsceneService
12:13:46.972 [FXGL Background Thread 3 ] DEBUG Engine               - class com.almasb.fxgl.minigames.MiniGameService
12:13:46.972 [FXGL Background Thread 3 ] DEBUG Engine               - class com.almasb.fxgl.net.NetService
12:13:46.973 [FXGL Background Thread 3 ] DEBUG Engine               - class com.almasb.fxgl.app.services.UpdaterService
12:13:46.973 [FXGL Background Thread 3 ] DEBUG Engine               - class com.almasb.fxgl.dev.DevService
12:13:49.186 [Thread-3                 ] DEBUG Endpoint             - TCPServer opening new connection (1) from /127.0.0.1:50862 type: class java.lang.String
12:13:49.189 [Thread-3                 ] DEBUG Endpoint             - TCPServer successfully opened connection (1)
12:13:49.198 [TCPServer_SendThread-1   ] DEBUG Writers              - Getting TCPMessageWriter for class java.lang.String
12:13:49.201 [TCPServer_SendThread-1   ] DEBUG Writers              - Constructed TCPMessageWriter for class java.lang.String: MessageWriterS
12:13:49.205 [TCPServer_RecvThread-1   ] DEBUG Readers              - Getting TCPMessageReader for class java.lang.String
12:13:49.224 [TCPServer_RecvThread-1   ] DEBUG Readers              - Constructed MessageReader for class java.lang.String: MessageReaderS
12:13:53.205 [JavaFX Application Thread] DEBUG LoopRunner           - Resuming loop
12:13:55.699 [JavaFX Application Thread] DEBUG Input                - Mocking key press: S
12:13:56.408 [JavaFX Application Thread] DEBUG Input                - Mocking key release: S
12:13:57.159 [JavaFX Application Thread] DEBUG Input                - Mocking key press: W
12:13:57.576 [JavaFX Application Thread] DEBUG Input                - Mocking key release: W
12:13:59.929 [JavaFX Application Thread] DEBUG Input                - Mocking key press: S
12:14:00.120 [JavaFX Application Thread] DEBUG Input                - Mocking key release: S
12:14:00.641 [JavaFX Application Thread] DEBUG Input                - Mocking key press: S
12:14:00.859 [JavaFX Application Thread] DEBUG Input                - Mocking key release: S
12:14:01.710 [JavaFX Application Thread] DEBUG Input                - Mocking key press: W
12:14:01.908 [JavaFX Application Thread] DEBUG Input                - Mocking key release: W
12:14:03.190 [JavaFX Application Thread] DEBUG Input                - Mocking key press: W
12:14:03.446 [JavaFX Application Thread] DEBUG Input                - Mocking key release: W
12:14:03.658 [JavaFX Application Thread] DEBUG Input                - Mocking key press: S
12:14:03.891 [JavaFX Application Thread] DEBUG Input                - Mocking key release: S
12:14:04.690 [JavaFX Application Thread] DEBUG Input                - Mocking key press: W
12:14:04.841 [JavaFX Application Thread] DEBUG Input                - Mocking key release: W
12:14:05.141 [JavaFX Application Thread] DEBUG Input                - Mocking key press: S
12:14:05.807 [JavaFX Application Thread] DEBUG Input                - Mocking key release: S
12:14:05.861 [JavaFX Application Thread] DEBUG Input                - Mocking key press: W
12:14:06.009 [JavaFX Application Thread] DEBUG Input                - Mocking key release: W
12:14:06.558 [JavaFX Application Thread] DEBUG Input                - Mocking key press: S
12:14:06.708 [JavaFX Application Thread] DEBUG Input                - Mocking key release: S
12:14:07.508 [JavaFX Application Thread] DEBUG Input                - Mocking key press: W
12:14:07.702 [JavaFX Application Thread] DEBUG Input                - Mocking key release: W
12:14:07.923 [JavaFX Application Thread] DEBUG Input                - Mocking key press: S
12:14:08.390 [JavaFX Application Thread] DEBUG Input                - Mocking key release: S
12:14:08.974 [JavaFX Application Thread] DEBUG Input                - Mocking key press: W
12:14:09.336 [JavaFX Application Thread] DEBUG Input                - Mocking key release: W
12:14:10.911 [JavaFX Application Thread] DEBUG Input                - Mocking key press: W
12:14:11.307 [JavaFX Application Thread] DEBUG Input                - Mocking key release: W
12:14:11.407 [JavaFX Application Thread] DEBUG Input                - Mocking key press: W
12:14:11.713 [JavaFX Application Thread] DEBUG Input                - Mocking key release: W
12:14:14.705 [JavaFX Application Thread] DEBUG Input                - Mocking key press: W
12:14:14.889 [JavaFX Application Thread] DEBUG Input                - Mocking key release: W
12:14:15.012 [JavaFX Application Thread] DEBUG Input                - Mocking key press: W
12:14:15.129 [JavaFX Application Thread] DEBUG Input                - Mocking key release: W
12:14:15.258 [JavaFX Application Thread] DEBUG Input                - Mocking key press: S
12:14:16.438 [JavaFX Application Thread] DEBUG Input                - Mocking key release: S
12:14:16.550 [JavaFX Application Thread] DEBUG Input                - Mocking key press: S
12:14:16.761 [JavaFX Application Thread] DEBUG Input                - Mocking key release: S
12:14:17.144 [JavaFX Application Thread] DEBUG Input                - Mocking key press: W
12:14:17.572 [JavaFX Application Thread] DEBUG Input                - Mocking key release: W
12:14:17.738 [JavaFX Application Thread] DEBUG Input                - Mocking key press: W
12:14:17.855 [JavaFX Application Thread] DEBUG Input                - Mocking key release: W
12:14:17.971 [JavaFX Application Thread] DEBUG Input                - Mocking key press: W
12:14:18.355 [JavaFX Application Thread] DEBUG Input                - Mocking key release: W
12:14:18.738 [JavaFX Application Thread] DEBUG Input                - Mocking key press: W
12:14:18.872 [JavaFX Application Thread] DEBUG Input                - Mocking key release: W
12:14:19.027 [JavaFX Application Thread] DEBUG Input                - Mocking key press: W
12:14:19.376 [JavaFX Application Thread] DEBUG Input                - Mocking key release: W
12:14:19.759 [JavaFX Application Thread] DEBUG Input                - Mocking key press: S
12:14:20.279 [JavaFX Application Thread] DEBUG Input                - Mocking key release: S
12:14:20.510 [JavaFX Application Thread] DEBUG Input                - Mocking key press: W
12:14:20.661 [JavaFX Application Thread] DEBUG Input                - Mocking key release: W
12:14:21.007 [JavaFX Application Thread] DEBUG Input                - Mocking key press: S
12:14:21.139 [JavaFX Application Thread] DEBUG Input                - Mocking key release: S
12:14:21.524 [JavaFX Application Thread] DEBUG Input                - Mocking key press: W
12:14:21.791 [JavaFX Application Thread] DEBUG Input                - Mocking key release: W
12:14:22.088 [JavaFX Application Thread] DEBUG Input                - Mocking key press: S
12:14:22.387 [JavaFX Application Thread] DEBUG Input                - Mocking key release: S
12:14:22.575 [JavaFX Application Thread] DEBUG Input                - Mocking key press: W
12:14:22.755 [JavaFX Application Thread] DEBUG Input                - Mocking key release: W
12:14:24.553 [JavaFX Application Thread] DEBUG Input                - Mocking key press: W
12:14:24.704 [JavaFX Application Thread] DEBUG Input                - Mocking key release: W
12:14:25.008 [JavaFX Application Thread] DEBUG Input                - Mocking key press: W
12:14:25.237 [JavaFX Application Thread] DEBUG Input                - Mocking key release: W
12:14:28.403 [JavaFX Application Thread] DEBUG Input                - Mocking key press: W
12:14:28.596 [JavaFX Application Thread] DEBUG Input                - Mocking key release: W
12:15:30.040 [JavaFX Application Thread] DEBUG FXGLApplication      - Exiting FXGL
12:15:30.040 [JavaFX Application Thread] DEBUG LoopRunner           - Stopping loop
12:15:30.040 [JavaFX Application Thread] DEBUG SystemBundleService  - Saving FXGL system data
12:15:30.049 [JavaFX Application Thread] DEBUG FileSystemAccess     - Writing to: C:\Users\1991e\Documents\.multiplayer assignment\CI628-PongServer-master\system\fxgl.bundle
12:15:30.052 [JavaFX Application Thread] DEBUG Async                - Shutting down background threads
12:15:30.052 [JavaFX Application Thread] DEBUG MainWindow           - Closing main window
12:15:30.095 [JavaFX Application Thread] DEBUG Logger               - Closing Logger
