15:21:32.231 [main                     ] DEBUG Logger               - Configured Logger
15:21:32.242 [main                     ] DEBUG GameApplication      - Logging settings
Title: Pong
Version: 1.0
Width: 800
Height: 600
Fullscreen: false
Intro: false
Profiling: false
Single step:false
App Mode: DEBUG
Menu Key: ESCAPE
Stage Style: DECORATED
Scene Factory: class com.almasb.fxgl.app.scene.SceneFactory

15:21:32.487 [JavaFX Application Thread] DEBUG FXGLApplication      - Initializing FXGL
15:21:32.491 [JavaFX Application Thread] INFO  Engine               - FXGL-11.11 (08.09.2020 18.00) on WINDOWS (J:15.0.2 FX:14)
15:21:32.491 [JavaFX Application Thread] DEBUG Engine               - JRE Vendor Name: Oracle Corporation
15:21:32.491 [JavaFX Application Thread] DEBUG Engine               - Running on OS: Windows 10 version 10.0
15:21:32.491 [JavaFX Application Thread] DEBUG Engine               - Architecture: amd64
15:21:32.491 [JavaFX Application Thread] INFO  Engine               - Source code and latest versions at: https://github.com/AlmasB/FXGL
15:21:32.492 [JavaFX Application Thread] INFO  Engine               -              Join the FXGL chat at: https://gitter.im/AlmasB/FXGL
15:21:32.549 [JavaFX Application Thread] DEBUG MainWindow           - Creating a JavaFX scene
15:21:32.580 [JavaFX Application Thread] DEBUG MainWindow           - Target settings size: 800.0 x 600.0
15:21:32.581 [JavaFX Application Thread] DEBUG MainWindow           - Scaled scene size:    800.0 x 600.0
15:21:32.581 [JavaFX Application Thread] DEBUG MainWindow           - Scaled ratio: (1.0, 1.0)
15:21:32.582 [JavaFX Application Thread] DEBUG MainWindow           - Set initial scene to StartupScene
15:21:32.584 [JavaFX Application Thread] DEBUG MainWindow           - Opening main window
15:21:32.659 [JavaFX Application Thread] DEBUG MainWindow           - Window border size: (16.0, 39.0)
15:21:32.660 [JavaFX Application Thread] DEBUG MainWindow           - Scaled size: 800.0 x 600.0
15:21:32.660 [JavaFX Application Thread] DEBUG MainWindow           - Scaled ratio: (1.0, 1.0)
15:21:32.661 [JavaFX Application Thread] DEBUG MainWindow           - Scene size: 800.0 x 600.0
15:21:32.661 [JavaFX Application Thread] DEBUG MainWindow           - Stage size: 816.0 x 639.0
15:21:32.669 [FXGL Background Thread 1 ] DEBUG Engine               - Initializing environment variables
15:21:32.690 [FXGL Background Thread 1 ] DEBUG GameApplicationServi - Applying CSS: fxgl_dark.css
15:21:32.691 [FXGL Background Thread 1 ] DEBUG FXGLAssetLoaderServi - Loading from file system: /assets/ui/css/fxgl_dark.css
15:21:32.730 [FXGL Background Thread 1 ] DEBUG GameApplicationServi - Initializing application scenes
15:21:32.755 [FXGL Background Thread 1 ] DEBUG GameWorld            - Game world initialized
15:21:32.798 [FXGL Background Thread 1 ] DEBUG PhysicsWorld         - Physics world initialized: appHeight=600, physics.ppm=50.0
15:21:32.800 [FXGL Background Thread 1 ] DEBUG GameScene            - Game scene initialized: 800x600
15:21:32.819 [FXGL Background Thread 1 ] DEBUG FXGLAssetLoaderServi - Loading from file system: /assets/textures/particles/trace_horizontal.png
15:21:32.855 [FXGL Background Thread 1 ] DEBUG FXGL.DefaultMenu     - createMenuBodyGameMenu()
15:21:32.864 [FXGL Background Thread 1 ] DEBUG FXGL.DefaultMenu     - createOptionsMenu()
15:21:32.867 [FXGL Background Thread 1 ] DEBUG FXGLAssetLoaderServi - Loading from file system: /assets/textures/particles/smoke.png
15:21:32.900 [FXGL Background Thread 1 ] DEBUG GameApplicationServi - Application scenes initialized
15:21:32.907 [FXGL Background Thread 1 ] DEBUG SystemBundleService  - Loading FXGL system data
15:21:32.910 [FXGL Background Thread 1 ] DEBUG FileSystemAccess     - Reading from: C:\Users\1991e\OneDrive\Documents\CI628 Multiplayer Development Assignment\CI628-PongServer-master\system\fxgl.bundle
15:21:32.914 [FXGL Background Thread 1 ] DEBUG SystemBundleService  - Bundle FXGL: {}
15:21:32.915 [FXGL Background Thread 1 ] DEBUG UpdaterService       - Checking for updates
15:21:32.918 [FXGL Background Thread 4 ] DEBUG FXGLApplication      - Loading fonts
15:21:32.918 [FXGL Background Thread 4 ] DEBUG FXGLAssetLoaderServi - Loading from file system: /assets/ui/fonts/pong.ttf
15:21:32.918 [FXGL Background Thread 1 ] DEBUG FXGLApplication      - Loading default localization
15:21:32.918 [FXGL Background Thread 1 ] DEBUG FXGLAssetLoaderServi - Loading from file system: /assets/languages/english.lang
15:21:32.928 [FXGL Background Thread 1 ] INFO  FXGLApplication      - FXGL initialization took: 0.259 sec
15:21:32.935 [JavaFX Application Thread] DEBUG Input                - Registered new binding: Up1 - W
15:21:32.935 [JavaFX Application Thread] DEBUG Input                - Registered new binding: Down1 - S
15:21:32.935 [JavaFX Application Thread] DEBUG Input                - Registered new binding: Up2 - I
15:21:32.936 [JavaFX Application Thread] DEBUG Input                - Registered new binding: Down2 - K
15:21:32.936 [JavaFX Application Thread] DEBUG FXGLAssetLoaderServi - Loading from file system: /assets/textures/fxgl_icon.png
15:21:32.950 [JavaFX Application Thread] DEBUG FXGLAssetLoaderServi - Loading from file system: /assets/ui/cursors/fxgl_default.png
15:21:32.952 [JavaFX Application Thread] DEBUG Input                - Registered new binding: Screenshot - P
15:21:32.953 [JavaFX Application Thread] DEBUG Input                - Registered new binding: System info dump - CTRL+9
15:21:32.954 [JavaFX Application Thread] DEBUG Input                - Registered new binding: Restart - CTRL+R
15:21:32.955 [JavaFX Application Thread] DEBUG Input                - Registered new binding: Toggle Debug Camera - CTRL+C
15:21:32.956 [JavaFX Application Thread] DEBUG LoopRunner           - Starting loop
15:21:32.957 [JavaFX Application Thread] DEBUG GameApplicationServi - Starting new game
15:21:32.958 [JavaFX Application Thread] DEBUG Input                - Clearing active input actions
15:21:32.965 [FXGL Background Thread 4 ] DEBUG FXGLAssetLoaderServi - Loading from file system: /assets/ui/fonts/Abel-Regular.ttf
15:21:32.968 [JavaFX Application Thread] DEBUG GameApplicationServi - Removing overlay from StartupScene and adding to FXGLLoadingScene
15:21:32.968 [JavaFX Application Thread] DEBUG MainWindow           - StartupScene -> FXGLLoadingScene
15:21:32.968 [JavaFX Application Thread] DEBUG GameApplicationServi - Clearing previous game
15:21:32.969 [FXGL Background Thread 4 ] DEBUG FXGLAssetLoaderServi - Loading from file system: /assets/ui/fonts/lucida_console.ttf
15:21:32.969 [JavaFX Application Thread] DEBUG GameScene            - Clearing game scene
15:21:32.969 [JavaFX Application Thread] DEBUG GameWorld            - Clearing game world
15:21:32.969 [JavaFX Application Thread] DEBUG PhysicsWorld         - Clearing physics world
15:21:32.970 [FXGL Background Thread 1 ] DEBUG FXGLApplication      - Initializing game
15:21:32.973 [FXGL Background Thread 4 ] DEBUG FXGLAssetLoaderServi - Loading from file system: /assets/ui/fonts/Courier-Prime.ttf
15:21:32.996 [JavaFX Application Thread] DEBUG FXGLApplication      - Registering font factories with UI factory
15:21:33.001 [FXGL Background Thread 1 ] DEBUG FXGLAssetLoaderServi - Loading from file system: /assets/ui/main.fxml
15:21:33.004 [Thread-4                 ] DEBUG TCPServer            - Starting to listen at: 55555 type: class java.lang.String
15:21:33.058 [FXGL Background Thread 1 ] INFO  FXGLApplication      - Game initialization took: 0.087 sec
15:21:33.067 [JavaFX Application Thread] DEBUG Input                - Clearing active input actions
15:21:33.075 [JavaFX Application Thread] DEBUG GameApplicationServi - Removing overlay from FXGLLoadingScene and adding to GameScene
15:21:33.075 [JavaFX Application Thread] DEBUG MainWindow           - FXGLLoadingScene -> GameScene
15:21:33.477 [FXGL Background Thread 2 ] INFO  UpdaterService       - Your current version:  11.11
15:21:33.477 [FXGL Background Thread 2 ] INFO  UpdaterService       - Latest stable version: 17+dev-SNAPSHOT
15:21:33.634 [Thread-4                 ] DEBUG Endpoint             - TCPServer opening new connection (1) from /127.0.0.1:52232 type: class java.lang.String
15:21:33.635 [Thread-4                 ] DEBUG Endpoint             - TCPServer successfully opened connection (1)
15:21:33.637 [TCPServer_SendThread-1   ] DEBUG Writers              - Getting TCPMessageWriter for class java.lang.String
15:21:33.638 [TCPServer_RecvThread-1   ] DEBUG Readers              - Getting TCPMessageReader for class java.lang.String
15:21:33.638 [TCPServer_SendThread-1   ] DEBUG Writers              - Constructed TCPMessageWriter for class java.lang.String: MessageWriterS
15:21:33.640 [TCPServer_RecvThread-1   ] DEBUG Readers              - Constructed MessageReader for class java.lang.String: MessageReaderS
15:21:35.919 [FXGL Background Thread 3 ] DEBUG Engine               - Logging environment variables
15:21:35.919 [FXGL Background Thread 3 ] DEBUG Engine               - achievements: []
15:21:35.919 [FXGL Background Thread 3 ] DEBUG Engine               - appIcon: fxgl_icon.png
15:21:35.919 [FXGL Background Thread 3 ] DEBUG Engine               - applicationMode: DEBUG
15:21:35.919 [FXGL Background Thread 3 ] DEBUG Engine               - cSSList: [fxgl_dark.css]
15:21:35.919 [FXGL Background Thread 3 ] DEBUG Engine               - configClass: Optional.empty
15:21:35.920 [FXGL Background Thread 3 ] DEBUG Engine               - credits: []
15:21:35.920 [FXGL Background Thread 3 ] DEBUG Engine               - devBBoxColorProperty: ObjectProperty [value: 0xff0000ff]
15:21:35.920 [FXGL Background Thread 3 ] DEBUG Engine               - devEnableDebugCameraProperty: BooleanProperty [value: false]
15:21:35.920 [FXGL Background Thread 3 ] DEBUG Engine               - devSensorColorProperty: ObjectProperty [value: 0xffff00ff]
15:21:35.920 [FXGL Background Thread 3 ] DEBUG Engine               - devShowBBoxProperty: BooleanProperty [value: false]
15:21:35.920 [FXGL Background Thread 3 ] DEBUG Engine               - devShowPositionProperty: BooleanProperty [value: false]
15:21:35.920 [FXGL Background Thread 3 ] DEBUG Engine               - enabledMenuItems: []
15:21:35.921 [FXGL Background Thread 3 ] DEBUG Engine               - engineServices: [class com.almasb.fxgl.app.FXGLApplication$GameApplicationService, class com.almasb.fxgl.app.services.FXGLDialogService, class com.almasb.fxgl.app.services.IOTaskExecutorService, class com.almasb.fxgl.event.EventBusService, class com.almasb.fxgl.io.FileSystemService, class com.almasb.fxgl.localization.LocalizationService, class com.almasb.fxgl.app.services.FXGLAssetLoaderService, class com.almasb.fxgl.app.services.SystemBundleService, class com.almasb.fxgl.profile.SaveLoadService, class com.almasb.fxgl.ui.FXGLUIFactoryServiceProvider, class com.almasb.fxgl.ui.FXGLDialogFactoryServiceProvider, class com.almasb.fxgl.audio.AudioPlayer, class com.almasb.fxgl.notification.impl.NotificationServiceProvider, class com.almasb.fxgl.achievement.AchievementService, class com.almasb.fxgl.cutscene.CutsceneService, class com.almasb.fxgl.minigames.MiniGameService, class com.almasb.fxgl.net.NetService, class com.almasb.fxgl.app.services.UpdaterService, class com.almasb.fxgl.dev.DevService]
15:21:35.921 [FXGL Background Thread 3 ] DEBUG Engine               - fontGame: Abel-Regular.ttf
15:21:35.921 [FXGL Background Thread 3 ] DEBUG Engine               - fontMono: lucida_console.ttf
15:21:35.921 [FXGL Background Thread 3 ] DEBUG Engine               - fontText: Courier-Prime.ttf
15:21:35.921 [FXGL Background Thread 3 ] DEBUG Engine               - fontUI: pong.ttf
15:21:35.921 [FXGL Background Thread 3 ] DEBUG Engine               - fullScreen: BooleanProperty [value: false]
15:21:35.921 [FXGL Background Thread 3 ] DEBUG Engine               - gameDifficulty: MEDIUM
15:21:35.921 [FXGL Background Thread 3 ] DEBUG Engine               - gameDifficultyProperty: ObjectProperty [value: MEDIUM]
15:21:35.921 [FXGL Background Thread 3 ] DEBUG Engine               - globalMusicVolume: 0.5
15:21:35.922 [FXGL Background Thread 3 ] DEBUG Engine               - globalMusicVolumeProperty: DoubleProperty [value: 0.5]
15:21:35.922 [FXGL Background Thread 3 ] DEBUG Engine               - globalSoundVolume: 0.5
15:21:35.922 [FXGL Background Thread 3 ] DEBUG Engine               - globalSoundVolumeProperty: DoubleProperty [value: 0.5]
15:21:35.922 [FXGL Background Thread 3 ] DEBUG Engine               - height: 600
15:21:35.922 [FXGL Background Thread 3 ] DEBUG Engine               - isAndroid: false
15:21:35.922 [FXGL Background Thread 3 ] DEBUG Engine               - isBrowser: false
15:21:35.922 [FXGL Background Thread 3 ] DEBUG Engine               - isClickFeedbackEnabled: false
15:21:35.922 [FXGL Background Thread 3 ] DEBUG Engine               - isCloseConfirmation: false
15:21:35.923 [FXGL Background Thread 3 ] DEBUG Engine               - isDesktop: true
15:21:35.923 [FXGL Background Thread 3 ] DEBUG Engine               - isDeveloperMenuEnabled: false
15:21:35.923 [FXGL Background Thread 3 ] DEBUG Engine               - isEntityPreloadEnabled: true
15:21:35.923 [FXGL Background Thread 3 ] DEBUG Engine               - isExperimentalNative: false
15:21:35.923 [FXGL Background Thread 3 ] DEBUG Engine               - isExperimentalTiledLargeMap: false
15:21:35.923 [FXGL Background Thread 3 ] DEBUG Engine               - isFileSystemWriteAllowed: true
15:21:35.923 [FXGL Background Thread 3 ] DEBUG Engine               - isFullScreenAllowed: false
15:21:35.923 [FXGL Background Thread 3 ] DEBUG Engine               - isFullScreenFromStart: false
15:21:35.923 [FXGL Background Thread 3 ] DEBUG Engine               - isGameMenuEnabled: true
15:21:35.924 [FXGL Background Thread 3 ] DEBUG Engine               - isIOS: false
15:21:35.924 [FXGL Background Thread 3 ] DEBUG Engine               - isIntroEnabled: false
15:21:35.924 [FXGL Background Thread 3 ] DEBUG Engine               - isLinux: false
15:21:35.924 [FXGL Background Thread 3 ] DEBUG Engine               - isMac: false
15:21:35.924 [FXGL Background Thread 3 ] DEBUG Engine               - isMainMenuEnabled: false
15:21:35.924 [FXGL Background Thread 3 ] DEBUG Engine               - isManualResizeEnabled: false
15:21:35.924 [FXGL Background Thread 3 ] DEBUG Engine               - isMobile: false
15:21:35.924 [FXGL Background Thread 3 ] DEBUG Engine               - isPreserveResizeRatio: false
15:21:35.925 [FXGL Background Thread 3 ] DEBUG Engine               - isProfilingEnabled: false
15:21:35.925 [FXGL Background Thread 3 ] DEBUG Engine               - isSingleStep: false
15:21:35.925 [FXGL Background Thread 3 ] DEBUG Engine               - isUserProfileEnabled: false
15:21:35.925 [FXGL Background Thread 3 ] DEBUG Engine               - isWindows: true
15:21:35.925 [FXGL Background Thread 3 ] DEBUG Engine               - language: ObjectProperty [value: ENGLISH]
15:21:35.925 [FXGL Background Thread 3 ] DEBUG Engine               - menuKey: ESCAPE
15:21:35.925 [FXGL Background Thread 3 ] DEBUG Engine               - notificationViewClass: class com.almasb.fxgl.notification.view.XboxNotificationView
15:21:35.925 [FXGL Background Thread 3 ] DEBUG Engine               - pixelsPerMeter: 50.0
15:21:35.925 [FXGL Background Thread 3 ] DEBUG Engine               - platform: WINDOWS
15:21:35.925 [FXGL Background Thread 3 ] DEBUG Engine               - profileDir: profiles/
15:21:35.926 [FXGL Background Thread 3 ] DEBUG Engine               - profileName: StringProperty [value: DEFAULT]
15:21:35.926 [FXGL Background Thread 3 ] DEBUG Engine               - randomSeed: -1
15:21:35.926 [FXGL Background Thread 3 ] DEBUG Engine               - runtimeInfo: RuntimeInfo(platform=WINDOWS, version=11.11, build=08.09.2020 18.00)
15:21:35.926 [FXGL Background Thread 3 ] DEBUG Engine               - saveFileExt: sav
15:21:35.926 [FXGL Background Thread 3 ] DEBUG Engine               - sceneFactory: com.almasb.fxgl.app.scene.SceneFactory@1b129057
15:21:35.926 [FXGL Background Thread 3 ] DEBUG Engine               - secondsIn24h: 60
15:21:35.926 [FXGL Background Thread 3 ] DEBUG Engine               - soundMenuBack: menu/back.wav
15:21:35.926 [FXGL Background Thread 3 ] DEBUG Engine               - soundMenuPress: menu/press.wav
15:21:35.926 [FXGL Background Thread 3 ] DEBUG Engine               - soundMenuSelect: menu/select.wav
15:21:35.926 [FXGL Background Thread 3 ] DEBUG Engine               - soundNotification: core/notification.wav
15:21:35.926 [FXGL Background Thread 3 ] DEBUG Engine               - stageStyle: DECORATED
15:21:35.927 [FXGL Background Thread 3 ] DEBUG Engine               - supportedLanguages: [ENGLISH, FRENCH, GERMAN, HUNGARIAN, RUSSIAN]
15:21:35.927 [FXGL Background Thread 3 ] DEBUG Engine               - title: Pong
15:21:35.927 [FXGL Background Thread 3 ] DEBUG Engine               - urlGithub: https://github.com/AlmasB/FXGL
15:21:35.927 [FXGL Background Thread 3 ] DEBUG Engine               - urlLeaderboard: http://fxgl-top.herokuapp.com/
15:21:35.927 [FXGL Background Thread 3 ] DEBUG Engine               - urlPOM: https://raw.githubusercontent.com/AlmasB/FXGL/master/pom.xml
15:21:35.927 [FXGL Background Thread 3 ] DEBUG Engine               - version: 1.0
15:21:35.927 [FXGL Background Thread 3 ] DEBUG Engine               - versionCheckDays: 7
15:21:35.927 [FXGL Background Thread 3 ] DEBUG Engine               - width: 800
15:21:35.927 [FXGL Background Thread 3 ] DEBUG Engine               - Logging services
15:21:35.927 [FXGL Background Thread 3 ] DEBUG Engine               - class com.almasb.fxgl.app.FXGLApplication$GameApplicationService
15:21:35.927 [FXGL Background Thread 3 ] DEBUG Engine               - class com.almasb.fxgl.app.services.FXGLDialogService
15:21:35.927 [FXGL Background Thread 3 ] DEBUG Engine               - class com.almasb.fxgl.app.services.IOTaskExecutorService
15:21:35.927 [FXGL Background Thread 3 ] DEBUG Engine               - class com.almasb.fxgl.event.EventBusService
15:21:35.928 [FXGL Background Thread 3 ] DEBUG Engine               - class com.almasb.fxgl.io.FileSystemService
15:21:35.928 [FXGL Background Thread 3 ] DEBUG Engine               - class com.almasb.fxgl.localization.LocalizationService
15:21:35.928 [FXGL Background Thread 3 ] DEBUG Engine               - class com.almasb.fxgl.app.services.FXGLAssetLoaderService
15:21:35.928 [FXGL Background Thread 3 ] DEBUG Engine               - class com.almasb.fxgl.app.services.SystemBundleService
15:21:35.928 [FXGL Background Thread 3 ] DEBUG Engine               - class com.almasb.fxgl.profile.SaveLoadService
15:21:35.928 [FXGL Background Thread 3 ] DEBUG Engine               - class com.almasb.fxgl.ui.FXGLUIFactoryServiceProvider
15:21:35.928 [FXGL Background Thread 3 ] DEBUG Engine               - class com.almasb.fxgl.ui.FXGLDialogFactoryServiceProvider
15:21:35.928 [FXGL Background Thread 3 ] DEBUG Engine               - class com.almasb.fxgl.audio.AudioPlayer
15:21:35.928 [FXGL Background Thread 3 ] DEBUG Engine               - class com.almasb.fxgl.notification.impl.NotificationServiceProvider
15:21:35.928 [FXGL Background Thread 3 ] DEBUG Engine               - class com.almasb.fxgl.achievement.AchievementService
15:21:35.928 [FXGL Background Thread 3 ] DEBUG Engine               - class com.almasb.fxgl.cutscene.CutsceneService
15:21:35.928 [FXGL Background Thread 3 ] DEBUG Engine               - class com.almasb.fxgl.minigames.MiniGameService
15:21:35.928 [FXGL Background Thread 3 ] DEBUG Engine               - class com.almasb.fxgl.net.NetService
15:21:35.929 [FXGL Background Thread 3 ] DEBUG Engine               - class com.almasb.fxgl.app.services.UpdaterService
15:21:35.929 [FXGL Background Thread 3 ] DEBUG Engine               - class com.almasb.fxgl.dev.DevService
15:21:36.300 [JavaFX Application Thread] DEBUG Input                - Mocking key press: S
15:21:36.408 [JavaFX Application Thread] DEBUG Input                - Mocking key release: S
15:21:36.863 [JavaFX Application Thread] DEBUG Input                - Mocking key press: S
15:21:37.034 [JavaFX Application Thread] DEBUG Input                - Mocking key release: S
15:21:37.186 [JavaFX Application Thread] DEBUG Input                - Mocking key press: S
15:21:38.076 [JavaFX Application Thread] DEBUG Input                - Mocking key press: W
15:21:38.112 [JavaFX Application Thread] DEBUG Input                - Mocking key release: S
15:21:38.456 [JavaFX Application Thread] DEBUG Input                - Mocking key release: W
15:21:38.475 [JavaFX Application Thread] DEBUG Input                - Mocking key press: S
15:21:38.853 [JavaFX Application Thread] DEBUG Input                - Mocking key press: W
15:21:38.888 [JavaFX Application Thread] DEBUG Input                - Mocking key release: S
15:21:39.154 [JavaFX Application Thread] DEBUG Input                - Mocking key release: W
15:21:39.161 [JavaFX Application Thread] DEBUG Input                - Mocking key press: S
15:21:39.402 [JavaFX Application Thread] DEBUG Input                - Mocking key press: W
15:21:39.453 [JavaFX Application Thread] DEBUG Input                - Mocking key release: S
15:21:39.631 [JavaFX Application Thread] DEBUG Input                - Mocking key press: S
15:21:39.687 [JavaFX Application Thread] DEBUG Input                - Mocking key release: W
15:21:39.966 [JavaFX Application Thread] DEBUG Input                - Mocking key press: W
15:21:40.003 [JavaFX Application Thread] DEBUG Input                - Mocking key release: S
15:21:40.112 [JavaFX Application Thread] DEBUG Input                - Mocking key release: W
15:21:52.641 [JavaFX Application Thread] DEBUG FXGLApplication      - Exiting FXGL
15:21:52.641 [JavaFX Application Thread] DEBUG LoopRunner           - Stopping loop
15:21:52.642 [JavaFX Application Thread] DEBUG SystemBundleService  - Saving FXGL system data
15:21:52.643 [JavaFX Application Thread] DEBUG FileSystemAccess     - Writing to: C:\Users\1991e\OneDrive\Documents\CI628 Multiplayer Development Assignment\CI628-PongServer-master\system\fxgl.bundle
15:21:52.645 [JavaFX Application Thread] DEBUG Async                - Shutting down background threads
15:21:52.645 [JavaFX Application Thread] DEBUG MainWindow           - Closing main window
15:21:52.654 [JavaFX Application Thread] DEBUG Logger               - Closing Logger
